2019-01-27 15:42:25 0 0 0.0 0.0 0.0 
2019-01-27 15:42:35 0 0 0.0 0.0 0.0 
2019-01-27 15:42:45 1.33333333333 236.0 0.0 0.0 0.0 
2019-01-27 15:42:55 0.555555555556 112.0 0.4 0.3 0.3 
2019-01-27 15:43:05 0.378378378378 155.810810811 3.1 2.7 1.2 
2019-01-27 15:43:15 0.866666666667 217.933333333 3.8 3.7 1.3 
2019-01-27 15:43:25 0.361111111111 102.833333333 3.5 3.0 1.2 
2019-01-27 15:43:35 0.552631578947 113.421052632 4.5 3.6 1.2 
2019-01-27 15:43:45 0.394736842105 115.157894737 4.3 3.8 1.5 
2019-01-27 15:43:55 0.676470588235 145.441176471 4.3 3.8 1.3 
2019-01-27 15:44:05 0.552631578947 153.210526316 3.2 3.4 1.3 
2019-01-27 15:44:15 0.452380952381 109.452380952 3.4 3.8 1.4 
2019-01-27 15:44:25 0.371428571429 73.0 4.1 4.2 1.4 
2019-01-27 15:44:35 0.827586206897 231.448275862 3.5 3.5 1.2 
2019-01-27 15:44:45 1.02702702703 278.324324324 3.7 2.9 1.2 
2019-01-27 15:44:55 0.387096774194 59.1290322581 3.7 3.7 1.5 
2019-01-27 15:45:05 0.780487804878 161.731707317 3.4 3.1 1.2 
2019-01-27 15:45:15 0.727272727273 183.909090909 3.6 4.1 1.3 
2019-01-27 15:45:25 1.0 232.888888889 3.2 3.3 1.3 
2019-01-27 15:45:35 1.05714285714 298.828571429 3.7 3.6 1.3 
2019-01-27 15:45:45 0.611111111111 150.055555556 3.1 3.5 1.4 
2019-01-27 15:45:55 0.592592592593 105.407407407 3.6 3.6 1.5 
2019-01-27 15:46:05 0.545454545455 112.424242424 2.9 2.7 1.3 
2019-01-27 15:46:15 0.512195121951 119.463414634 3.9 3.3 1.3 
2019-01-27 15:46:25 0.846153846154 256.538461538 4.1 4.1 1.3 
2019-01-27 15:46:35 0.675675675676 174.756756757 4.2 3.9 1.4 
2019-01-27 15:46:45 0.4 35.7666666667 3.9 3.7 1.4 
2019-01-27 15:46:55 0.352941176471 106.470588235 2.9 3.0 1.3 
2019-01-27 15:47:05 0.757575757576 160.212121212 3.7 3.4 1.4 
2019-01-27 15:47:15 0.433333333333 59.1333333333 3.3 3.3 1.4 
2019-01-27 15:47:25 0.25 49.6428571429 3.4 3.0 1.4 
2019-01-27 15:47:35 0.852941176471 266.911764706 3.1 2.8 1.2 
2019-01-27 15:47:45 0.411764705882 155.352941176 3.7 3.4 1.2 
2019-01-27 15:47:55 0.921052631579 247.684210526 3.6 3.4 1.5 
2019-01-27 15:48:05 0.8 228.35 3.2 3.8 1.5 
2019-01-27 15:48:15 0.806451612903 196.741935484 4.7 4.0 1.4 
2019-01-27 15:48:25 0.9 134.166666667 3.0 3.1 1.3 
2019-01-27 15:48:35 0.435897435897 107.307692308 2.9 3.0 1.1 
2019-01-27 15:48:45 0.911764705882 211.647058824 4.2 3.9 1.4 
2019-01-27 15:48:55 0.4 172.125 4.4 3.4 1.4 
2019-01-27 15:49:05 0.772727272727 191.545454545 4.0 4.0 1.5 
2019-01-27 15:49:15 0.605263157895 100.947368421 4.6 4.4 1.5 
2019-01-27 15:49:25 0.666666666667 102.037037037 3.8 3.8 1.3 
2019-01-27 15:49:35 0.611111111111 120.638888889 3.7 2.7 1.1 
2019-01-27 15:49:45 0.875 220.4375 3.7 3.6 1.3 
2019-01-27 15:49:55 0.742857142857 129.2 3.3 3.2 1.2 
2019-01-27 15:50:05 0.916666666667 268.722222222 3.9 3.5 1.4 
2019-01-27 15:50:15 0.885714285714 155.085714286 3.6 3.6 1.4 
2019-01-27 15:50:25 1.11764705882 177.264705882 3.4 3.5 1.4 
2019-01-27 15:50:35 0.974358974359 271.974358974 3.6 3.4 1.4 
2019-01-27 15:50:45 0.810810810811 179.324324324 4.1 3.9 1.4 
2019-01-27 15:50:55 0.837837837838 203.459459459 3.3 3.7 1.3 
2019-01-27 15:51:05 0.896551724138 229.862068966 3.7 3.7 1.1 
2019-01-27 15:51:15 0.6 125.542857143 3.1 2.9 1.2 
2019-01-27 15:51:25 0.74358974359 219.051282051 3.5 3.5 1.1 
2019-01-27 15:51:35 0.8125 259.375 4.0 3.9 1.2 
2019-01-27 15:51:45 0.486486486486 77.9459459459 3.7 3.2 1.5 
2019-01-27 15:51:55 0.735294117647 272.764705882 3.9 3.7 1.5 
2019-01-27 15:52:05 1.12903225806 197.258064516 3.3 3.4 1.5 
2019-01-27 15:52:15 0.657894736842 159.842105263 3.1 3.1 1.1 
2019-01-27 15:52:25 0.525 134.2 4.1 3.8 1.5 
2019-01-27 15:52:35 0.571428571429 173.785714286 4.4 4.0 1.4 
2019-01-27 15:52:45 0.685714285714 206.171428571 4.5 4.2 1.5 
2019-01-27 15:52:55 0.605263157895 143.473684211 3.9 3.5 1.3 
2019-01-27 15:53:05 0.705882352941 211.676470588 4.0 3.8 1.4 
2019-01-27 15:53:15 1.03225806452 135.225806452 3.8 3.4 1.4 
2019-01-27 15:53:25 1.06451612903 161.483870968 2.9 3.1 1.3 
2019-01-27 15:53:35 0.633333333333 203.966666667 3.0 3.1 1.2 
2019-01-27 15:53:45 0.352941176471 101.294117647 3.8 3.0 1.3 
2019-01-27 15:53:55 0.424242424242 139.575757576 3.8 3.4 1.3 
2019-01-27 15:54:05 0.8 270.142857143 3.5 3.3 1.3 
2019-01-27 15:54:15 0.769230769231 236.923076923 3.4 3.5 1.4 
2019-01-27 15:54:25 0.714285714286 193.785714286 4.2 3.9 1.3 
2019-01-27 15:54:35 0.740740740741 197.666666667 3.5 2.8 1.5 
2019-01-27 15:54:45 0.361111111111 73.9722222222 2.6 2.7 1.4 
2019-01-27 15:54:55 0.515151515152 158.0 3.8 3.6 1.4 
2019-01-27 15:55:05 0.575 217.3 3.9 3.3 1.4 
2019-01-27 15:55:15 0.769230769231 192.307692308 3.8 4.0 1.5 
2019-01-27 15:55:25 0.558823529412 161.764705882 4.3 3.9 1.3 
2019-01-27 15:55:35 0.8 207.828571429 3.7 3.4 1.4 
2019-01-27 15:55:45 0.725 191.85 3.4 3.5 1.2 
2019-01-27 15:55:55 0.515151515152 92.0303030303 4.1 4.0 1.4 
2019-01-27 15:56:05 1.06060606061 200.212121212 3.6 3.3 1.2 
2019-01-27 15:56:15 0.8 140.514285714 3.1 3.3 1.3 
2019-01-27 15:56:25 0.891891891892 134.891891892 3.7 3.5 1.3 
2019-01-27 15:56:35 0.93023255814 194.139534884 4.5 3.7 1.3 
2019-01-27 15:56:45 0.611111111111 181.694444444 4.3 4.3 1.5 
2019-01-27 15:56:55 0.827586206897 188.068965517 3.3 3.6 1.3 
2019-01-27 15:57:05 0.7 131.066666667 3.7 2.9 1.4 
2019-01-27 15:57:15 1.02631578947 224.447368421 3.6 3.0 1.5 
2019-01-27 15:57:25 0.939393939394 230.181818182 3.3 3.8 1.4 
2019-01-27 15:57:35 0.512820512821 104.923076923 3.4 3.3 1.3 
2019-01-27 15:57:45 0.5 113.083333333 4.5 3.9 1.4 
2019-01-27 15:57:55 1.13513513514 438.864864865 2.9 2.4 1.1 
2019-01-27 15:58:05 0.914285714286 221.2 3.7 3.7 1.5 
2019-01-27 15:58:15 0.882352941176 176.382352941 3.8 3.5 1.3 
2019-01-27 15:58:25 0.242424242424 39.5151515152 3.4 3.4 1.3 
2019-01-27 15:58:35 0.666666666667 219.7 3.9 3.3 1.3 
2019-01-27 15:58:45 0.333333333333 112.666666667 3.7 3.0 1.4 
2019-01-27 15:58:55 1.02380952381 297.714285714 2.1 2.7 1.2 
2019-01-27 15:59:05 1.09375 413.71875 3.9 4.2 1.5 
2019-01-27 15:59:15 0.805555555556 132.722222222 3.9 3.2 1.3 
2019-01-27 15:59:25 0.484848484848 72.3939393939 2.8 3.6 1.4 
2019-01-27 15:59:35 0.783783783784 179.054054054 3.5 3.3 1.4 
2019-01-27 15:59:45 1.18918918919 286.27027027 4.0 3.7 1.3 
2019-01-27 15:59:55 1.22580645161 302.0 3.8 3.7 1.3 
2019-01-27 16:00:05 0.878787878788 241.606060606 3.0 3.1 1.3 
2019-01-27 16:00:15 0.666666666667 164.909090909 3.6 3.3 1.5 
2019-01-27 16:00:25 0.861111111111 226.111111111 3.6 3.3 1.4 
2019-01-27 16:00:35 0.594594594595 178.567567568 4.0 3.6 1.5 
2019-01-27 16:00:45 0.918918918919 280.486486486 4.5 3.7 1.4 
2019-01-27 16:00:55 0.472222222222 166.944444444 3.8 3.7 1.5 
2019-01-27 16:01:05 0.942857142857 138.114285714 4.1 3.6 1.4 
2019-01-27 16:01:15 1.20588235294 314.529411765 4.0 3.5 1.1 
2019-01-27 16:01:25 0.285714285714 90.1714285714 3.7 3.4 1.3 
2019-01-27 16:01:35 0.714285714286 126.333333333 3.8 3.5 1.4 
2019-01-27 16:01:45 1.02941176471 236.617647059 4.1 4.2 1.5 
2019-01-27 16:01:55 0.5 78.65625 3.4 3.4 1.4 
2019-01-27 16:02:05 0.677419354839 169.903225806 3.5 3.2 1.3 
2019-01-27 16:02:15 1.05405405405 281.27027027 2.8 3.1 1.4 
2019-01-27 16:02:25 0.388888888889 110.333333333 3.9 3.7 1.4 
2019-01-27 16:02:35 0.677419354839 161.548387097 3.9 3.6 1.2 
2019-01-27 16:02:45 0.65 143.9 4.0 3.1 1.3 
2019-01-27 16:02:55 0.542857142857 172.085714286 3.2 4.0 1.4 
2019-01-27 16:03:05 0.657894736842 144.736842105 4.1 3.5 1.2 
2019-01-27 16:03:15 0.571428571429 107.057142857 3.6 3.8 1.4 
2019-01-27 16:03:25 0.684210526316 75.0263157895 3.6 3.5 1.5 
2019-01-27 16:03:35 0.526315789474 71.6578947368 3.8 3.8 1.3 
2019-01-27 16:03:45 0.948717948718 258.871794872 4.2 3.8 1.5 
2019-01-27 16:03:55 0.647058823529 128.647058824 3.9 3.9 1.5 
2019-01-27 16:04:05 0.818181818182 218.606060606 3.5 3.4 1.4 
2019-01-27 16:04:15 0.852941176471 321.411764706 3.7 3.3 1.4 
2019-01-27 16:04:25 0.257142857143 97.6857142857 4.4 3.4 1.3 
2019-01-27 16:04:35 0.625 139.45 4.1 3.5 1.3 
2019-01-27 16:04:45 1.0 277.333333333 3.8 4.0 1.5 
2019-01-27 16:04:55 0.810810810811 86.7297297297 3.7 2.7 1.3 
2019-01-27 16:05:05 1.14285714286 219.771428571 3.5 3.7 1.4 
2019-01-27 16:05:15 0.8 253.971428571 3.8 3.5 1.3 
2019-01-27 16:05:25 0.866666666667 246.666666667 3.9 3.5 1.4 
2019-01-27 16:05:35 0.861111111111 308.166666667 3.3 3.0 1.2 
2019-01-27 16:05:45 0.588235294118 168.058823529 3.6 3.6 1.5 
2019-01-27 16:05:55 0.416666666667 156.333333333 3.8 3.4 1.4 
2019-01-27 16:06:05 0.878787878788 217.303030303 3.8 3.6 1.5 
2019-01-27 16:06:15 0.727272727273 200.242424242 3.8 3.3 1.4 
2019-01-27 16:06:25 0.757575757576 258.96969697 3.3 3.3 1.3 
2019-01-27 16:06:35 1.13043478261 269.0 3.9 3.3 1.3 
2019-01-27 16:06:45 0.625 185.28125 2.7 2.3 1.0 
2019-01-27 16:06:55 0.594594594595 206.783783784 3.8 3.2 1.4 
2019-01-27 16:07:05 0.5 91.6764705882 4.4 3.7 1.5 
2019-01-27 16:07:15 0.8 206.766666667 3.3 3.4 1.2 
2019-01-27 16:07:25 0.810810810811 206.027027027 3.0 3.0 1.3 
2019-01-27 16:07:35 0.657142857143 161.485714286 3.6 3.7 1.3 
2019-01-27 16:07:45 0.771428571429 190.742857143 3.8 3.5 1.4 
2019-01-27 16:07:55 0.941176470588 261.411764706 3.6 3.5 1.4 
2019-01-27 16:08:05 0.757575757576 129.484848485 3.9 3.4 1.4 
2019-01-27 16:08:15 0.666666666667 158.484848485 3.5 3.3 1.5 
2019-01-27 16:08:25 1.08571428571 296.028571429 3.3 3.3 1.4 
2019-01-27 16:08:35 1.25806451613 164.225806452 3.7 3.5 1.3 
2019-01-27 16:08:45 0.69696969697 137.575757576 3.0 3.1 1.4 
2019-01-27 16:08:55 0.9 196.966666667 3.4 3.3 1.2 
2019-01-27 16:09:05 0.642857142857 164.892857143 3.1 3.0 1.2 
2019-01-27 16:09:15 0.605263157895 170.526315789 3.4 2.8 1.4 
2019-01-27 16:09:25 0.974358974359 225.256410256 3.9 3.8 1.3 
2019-01-27 16:09:35 0.793103448276 187.172413793 3.9 3.9 1.4 
2019-01-27 16:09:45 0.25 47.96875 3.2 2.9 1.1 
2019-01-27 16:09:55 0.444444444444 88.0277777778 4.5 3.2 1.1 
2019-01-27 16:10:05 0.8 94.4 3.8 3.6 1.5 
2019-01-27 16:10:15 0.727272727273 191.0 3.9 3.5 1.4 
2019-01-27 16:10:25 1.35897435897 192.41025641 4.0 3.3 1.3 
2019-01-27 16:10:35 0.945945945946 265.405405405 3.4 3.9 1.4 
2019-01-27 16:10:45 1.15384615385 286.435897436 3.5 3.7 1.4 
2019-01-27 16:10:55 0.818181818182 151.151515152 3.4 3.9 1.5 
2019-01-27 16:11:05 0.710526315789 251.894736842 3.6 3.3 1.4 
2019-01-27 16:11:15 1.26666666667 301.166666667 3.6 3.8 1.4 
2019-01-27 16:11:25 0.518518518519 103.962962963 3.5 3.0 1.0 
2019-01-27 16:11:35 0.688888888889 219.711111111 3.1 2.7 1.2 
2019-01-27 16:11:45 1.26666666667 200.2 4.6 4.5 1.5 
2019-01-27 16:11:55 0.842105263158 191.894736842 3.3 3.0 1.4 
2019-01-27 16:12:05 0.787878787879 123.424242424 4.0 3.8 1.3 
2019-01-27 16:12:15 0.236842105263 43.8421052632 3.4 3.3 1.3 
2019-01-27 16:12:25 0.973684210526 245.789473684 4.3 3.8 1.3 
2019-01-27 16:12:35 0.972222222222 201.361111111 3.7 3.8 1.5 
2019-01-27 16:12:45 0.625 142.9375 3.9 3.6 1.3 
2019-01-27 16:12:55 0.606060606061 125.060606061 2.7 3.2 1.2 
2019-01-27 16:13:05 0.621621621622 61.6756756757 2.9 3.3 1.4 
2019-01-27 16:13:15 1.03125 315.0625 4.3 3.7 1.3 
2019-01-27 16:13:25 1.11904761905 232.642857143 3.1 3.2 1.4 
2019-01-27 16:13:35 0.586206896552 126.103448276 4.4 4.2 1.4 
2019-01-27 16:13:45 0.815789473684 202.973684211 3.1 2.9 1.2 
2019-01-27 16:13:55 0.756097560976 201.829268293 4.3 3.8 1.5 
2019-01-27 16:14:05 0.307692307692 62.0769230769 4.2 4.1 1.5 
2019-01-27 16:14:15 0.216216216216 67.4054054054 3.2 2.6 1.2 
2019-01-27 16:14:25 0.552631578947 202.842105263 4.0 3.7 1.4 
2019-01-27 16:14:35 1.02631578947 238.684210526 3.8 3.8 1.3 
2019-01-27 16:14:45 0.741935483871 187.806451613 4.2 3.8 1.3 
2019-01-27 16:14:55 1.0 247.0 3.9 3.1 1.4 
2019-01-27 16:15:05 0.512820512821 130.051282051 3.6 3.7 1.5 
2019-01-27 16:15:15 1.04651162791 273.302325581 3.8 3.9 1.4 
2019-01-27 16:15:25 0.457142857143 73.4285714286 4.2 4.3 1.5 
2019-01-27 16:15:35 0.823529411765 128.794117647 3.3 3.5 1.5 
2019-01-27 16:15:45 0.763157894737 126.552631579 3.7 3.4 1.3 
2019-01-27 16:15:55 0.974358974359 259.025641026 4.2 3.8 1.5 
2019-01-27 16:16:05 0.783783783784 218.567567568 3.6 3.9 1.4 
2019-01-27 16:16:15 0.942857142857 197.771428571 4.1 3.7 1.5 
2019-01-27 16:16:25 0.766666666667 234.766666667 3.1 3.5 1.4 
2019-01-27 16:16:35 1.11764705882 288.235294118 3.6 3.0 1.2 
2019-01-27 16:16:45 0.8125 199.625 3.7 3.4 1.3 
2019-01-27 16:16:55 0.304347826087 85.0 3.8 3.2 1.4 
2019-01-27 16:17:05 0.942857142857 178.371428571 3.0 2.3 1.0 
2019-01-27 16:17:15 0.741935483871 93.1935483871 4.1 3.5 1.2 
2019-01-27 16:17:25 1.23076923077 204.153846154 3.6 3.1 1.3 
2019-01-27 16:17:35 0.46875 154.0625 4.0 3.9 1.3 
2019-01-27 16:17:45 0.766666666667 192.566666667 3.6 3.2 1.3 
2019-01-27 16:17:55 0.461538461538 112.794871795 3.4 3.0 1.3 
2019-01-27 16:18:05 1.025 270.025 3.8 3.9 1.5 
2019-01-27 16:18:15 1.05882352941 236.852941176 4.1 4.0 1.3 
2019-01-27 16:18:25 0.512195121951 108.829268293 3.3 3.4 1.4 
2019-01-27 16:18:35 0.407407407407 80.5925925926 4.0 4.1 1.5 
2019-01-27 16:18:45 0.392857142857 121.357142857 2.7 2.7 1.1 
2019-01-27 16:18:55 1.21875 343.90625 2.9 2.8 1.2 
2019-01-27 16:19:05 0.568181818182 151.227272727 3.2 3.2 1.4 
2019-01-27 16:19:15 0.733333333333 273.033333333 4.3 4.4 1.4 
2019-01-27 16:19:25 0.666666666667 147.454545455 3.3 3.0 1.2 
2019-01-27 16:19:35 0.648648648649 207.72972973 3.5 3.3 1.4 
2019-01-27 16:19:45 0.806451612903 209.096774194 3.6 3.7 1.4 
2019-01-27 16:19:55 0.535714285714 136.607142857 3.4 3.1 1.2 
2019-01-27 16:20:05 0.296296296296 113.666666667 3.4 2.8 1.2 
2019-01-27 16:20:15 0.896551724138 188.517241379 3.2 2.7 1.3 
2019-01-27 16:20:25 0.96875 224.8125 3.0 2.9 1.3 
2019-01-27 16:20:35 0.628571428571 174.257142857 3.6 3.2 1.2 
2019-01-27 16:20:45 0.8125 165.53125 3.4 3.5 1.5 
2019-01-27 16:20:55 1.2 304.714285714 3.9 3.2 1.2 
2019-01-27 16:21:05 0.825 204.7 3.2 3.5 1.3 
2019-01-27 16:21:15 0.69696969697 113.151515152 3.9 4.0 1.5 
2019-01-27 16:21:25 1.0625 104.125 3.3 3.3 1.1 
2019-01-27 16:21:35 0.944444444444 208.888888889 3.4 3.2 1.3 
2019-01-27 16:21:45 0.34375 39.15625 3.2 3.6 1.3 
2019-01-27 16:21:55 1.06451612903 296.0 3.7 3.2 1.0 
2019-01-27 16:22:05 0.785714285714 204.857142857 2.6 3.1 1.4 
2019-01-27 16:22:15 0.794871794872 329.974358974 3.8 4.2 1.4 
2019-01-27 16:22:25 1.27027027027 268.783783784 3.4 3.9 1.3 
2019-01-27 16:22:35 0.606060606061 76.0909090909 3.5 3.7 1.3 
2019-01-27 16:22:45 0.8 257.966666667 3.9 3.3 1.2 
2019-01-27 16:22:55 1.0303030303 191.757575758 3.3 3.0 1.3 
2019-01-27 16:23:05 0.90625 238.34375 2.9 3.3 1.4 
2019-01-27 16:23:15 0.542857142857 141.342857143 3.4 3.2 1.3 
2019-01-27 16:23:25 0.25 12.2142857143 3.5 3.5 1.5 
2019-01-27 16:23:35 0.852941176471 165.382352941 3.8 2.8 1.1 
2019-01-27 16:23:45 0.575757575758 118.333333333 4.1 3.4 1.5 
2019-01-27 16:23:55 0.484848484848 118.272727273 3.5 3.3 1.3 
2019-01-27 16:24:05 0.733333333333 167.566666667 4.0 3.3 1.4 
2019-01-27 16:24:15 1.25 359.09375 3.1 3.0 1.4 
2019-01-27 16:24:25 0.558823529412 201.323529412 2.8 3.2 1.4 
2019-01-27 16:24:35 0.611111111111 168.166666667 3.5 3.4 1.4 
2019-01-27 16:24:45 0.675675675676 198.432432432 4.1 3.6 1.4 
2019-01-27 16:24:55 0.666666666667 187.242424242 3.9 3.7 1.4 
2019-01-27 16:25:05 0.75 256.525 3.9 3.3 1.3 
2019-01-27 16:25:15 1.17142857143 200.142857143 4.5 4.0 1.5 
2019-01-27 16:25:25 0.916666666667 189.861111111 3.5 3.5 1.3 
2019-01-27 16:25:35 0.657894736842 138.210526316 4.3 3.6 1.4 
2019-01-27 16:25:45 0.5 86.6944444444 3.7 3.8 1.4 
2019-01-27 16:25:55 0.617647058824 169.852941176 4.2 3.6 1.2 
2019-01-27 16:26:05 0.390243902439 95.3170731707 4.0 3.4 1.4 
2019-01-27 16:26:15 0.763157894737 120.342105263 4.7 4.1 1.5 
2019-01-27 16:26:25 0.463414634146 138.317073171 4.1 3.8 1.5 
2019-01-27 16:26:35 0.6 107.8 4.3 4.1 1.4 
2019-01-27 16:26:45 0.742857142857 126.685714286 3.9 3.5 1.2 
2019-01-27 16:26:55 0.757575757576 185.454545455 3.6 3.5 1.5 
2019-01-27 16:27:05 0.444444444444 83.3055555556 3.6 3.3 1.3 
2019-01-27 16:27:15 1.09090909091 274.795454545 4.1 3.6 1.3 
2019-01-27 16:27:25 0.379310344828 78.4482758621 4.4 4.4 1.5 
2019-01-27 16:27:35 0.34375 88.59375 2.9 2.9 1.0 
2019-01-27 16:27:45 0.818181818182 208.96969697 2.7 3.2 1.2 
2019-01-27 16:27:55 0.735294117647 232.441176471 3.4 3.3 1.2 
2019-01-27 16:28:05 0.558823529412 144.117647059 3.6 3.4 1.4 
2019-01-27 16:28:15 0.896551724138 185.068965517 2.9 3.4 1.2 
2019-01-27 16:28:25 1.09375 225.25 3.8 2.9 1.1 
2019-01-27 16:28:35 0.71875 169.125 3.2 3.2 1.4 
2019-01-27 16:28:45 0.428571428571 105.2 3.6 3.2 1.4 
2019-01-27 16:28:55 0.433333333333 96.0333333333 4.1 3.5 1.3 
2019-01-27 16:29:05 0.939393939394 297.727272727 3.4 3.0 1.4 
2019-01-27 16:29:15 0.783783783784 138.540540541 3.8 3.3 1.4 
2019-01-27 16:29:25 0.90625 247.53125 4.1 3.7 1.4 
2019-01-27 16:29:35 0.939393939394 204.424242424 3.3 3.2 1.5 
2019-01-27 16:29:45 0.823529411765 178.382352941 3.4 3.3 1.3 
2019-01-27 16:29:55 0.371428571429 123.457142857 2.7 3.4 1.5 
2019-01-27 16:30:05 1.18918918919 260.864864865 3.8 3.5 1.4 
2019-01-27 16:30:15 0.756756756757 220.243243243 4.0 3.7 1.4 
2019-01-27 16:30:25 0.689655172414 140.24137931 3.7 3.7 1.4 
2019-01-27 16:30:35 0.931034482759 168.655172414 3.2 2.9 1.4 
2019-01-27 16:30:45 0.933333333333 213.466666667 2.6 2.9 1.1 
2019-01-27 16:30:55 0.516129032258 104.129032258 3.9 3.0 1.3 
2019-01-27 16:31:05 0.538461538462 108.153846154 3.5 3.1 1.2 
2019-01-27 16:31:15 0.411764705882 68.9411764706 4.3 3.9 1.5 
2019-01-27 16:31:25 0.454545454545 56.5454545455 3.7 3.4 1.3 
2019-01-27 16:31:35 0.705882352941 148.911764706 3.7 3.3 1.3 
2019-01-27 16:31:45 1.07692307692 175.769230769 3.7 3.4 1.3 
2019-01-27 16:31:55 0.8 145.333333333 3.6 3.9 1.3 
2019-01-27 16:32:05 0.617647058824 118.647058824 4.4 4.5 1.4 
2019-01-27 16:32:15 0.439024390244 162.658536585 4.1 3.4 1.4 
2019-01-27 16:32:25 0.90625 181.84375 4.9 4.1 1.4 
2019-01-27 16:32:35 0.388888888889 26.5 2.9 3.2 1.4 
2019-01-27 16:32:45 0.6875 176.28125 4.1 3.6 1.3 
2019-01-27 16:32:55 0.871794871795 196.358974359 4.0 3.2 1.4 
2019-01-27 16:33:05 1.2 342.275 3.4 3.9 1.4 
2019-01-27 16:33:15 0.880952380952 147.738095238 3.6 4.0 1.4 
2019-01-27 16:33:25 0.447368421053 86.0263157895 4.4 4.2 1.4 
2019-01-27 16:33:35 0.942857142857 235.342857143 4.4 3.8 1.5 
2019-01-27 16:33:45 0.731707317073 146.219512195 3.9 3.5 1.3 
2019-01-27 16:33:55 0.694444444444 106.222222222 4.1 4.1 1.4 
2019-01-27 16:34:05 0.685714285714 169.457142857 4.1 3.6 1.4 
2019-01-27 16:34:15 0.828571428571 145.628571429 3.4 3.5 1.3 
2019-01-27 16:34:25 0.736842105263 103.842105263 3.8 3.5 1.3 
2019-01-27 16:34:35 0.586206896552 124.172413793 3.6 3.8 1.3 
2019-01-27 16:34:45 0.972222222222 245.361111111 3.7 2.9 1.2 
2019-01-27 16:34:55 1.0 249.769230769 3.8 3.6 1.1 
2019-01-27 16:35:05 0.552631578947 189.868421053 4.0 3.9 1.4 
2019-01-27 16:35:15 0.575 170.95 3.9 3.8 1.4 
2019-01-27 16:35:25 1.03225806452 270.677419355 3.6 4.0 1.5 
2019-01-27 16:35:35 0.645161290323 161.387096774 3.1 3.1 1.3 
2019-01-27 16:35:45 1.0 333.657142857 4.2 3.1 1.3 
2019-01-27 16:35:55 0.935483870968 267.064516129 4.3 3.5 1.3 
2019-01-27 16:36:05 0.769230769231 203.974358974 3.5 3.1 1.3 
2019-01-27 16:36:15 0.764705882353 133.764705882 3.7 3.9 1.2 
2019-01-27 16:36:25 0.75 180.666666667 3.8 3.4 1.4 
2019-01-27 16:36:35 0.809523809524 154.857142857 3.8 3.6 1.2 
2019-01-27 16:36:45 0.888888888889 138.277777778 4.0 4.2 1.5 
2019-01-27 16:36:55 0.702702702703 113.621621622 3.3 3.6 1.4 
2019-01-27 16:37:05 0.833333333333 149.861111111 3.9 3.7 1.4 
2019-01-27 16:37:15 0.323529411765 57.7647058824 4.2 3.6 1.4 
2019-01-27 16:37:25 0.9 187.433333333 3.5 3.4 1.4 
2019-01-27 16:37:35 0.7 153.066666667 3.4 3.0 1.4 
2019-01-27 16:37:45 0.617647058824 164.705882353 3.6 3.0 1.1 
2019-01-27 16:37:55 0.233333333333 46.8 4.0 3.4 1.3 
2019-01-27 16:38:05 0.533333333333 131.133333333 3.5 3.0 1.3 
2019-01-27 16:38:15 0.3 40.275 3.3 3.0 1.3 
2019-01-27 16:38:25 0.538461538462 151.846153846 3.9 4.0 1.5 
2019-01-27 16:38:35 0.911764705882 207.176470588 4.2 3.9 1.2 
2019-01-27 16:38:45 0.676470588235 144.911764706 4.1 3.4 1.4 
2019-01-27 16:38:55 1.22580645161 382.387096774 4.4 3.4 1.5 
2019-01-27 16:39:05 1.18918918919 227.918918919 3.2 3.1 1.4 
2019-01-27 16:39:15 0.8 226.8 4.3 3.7 1.4 
2019-01-27 16:39:25 0.512195121951 92.6097560976 3.9 4.0 1.3 
2019-01-27 16:39:35 0.421052631579 71.7368421053 4.2 4.1 1.5 
2019-01-27 16:39:45 0.648648648649 127.135135135 3.9 3.8 1.4 
2019-01-27 16:39:55 1.13157894737 268.078947368 3.9 3.7 1.5 
2019-01-27 16:40:05 0.657142857143 173.628571429 4.2 3.8 1.4 
2019-01-27 16:40:15 0.638888888889 159.472222222 3.4 3.5 1.4 
2019-01-27 16:40:25 0.684210526316 110.736842105 3.6 3.6 1.4 
2019-01-27 16:40:35 0.5625 193.53125 3.4 3.8 1.4 
2019-01-27 16:40:46 0.702702702703 190.162162162 3.5 3.2 1.2 
2019-01-27 16:40:56 0.951219512195 204.56097561 3.4 3.7 1.5 
2019-01-27 16:41:06 0.875 323.05 4.1 4.1 1.4 
2019-01-27 16:41:16 0.75 193.65625 4.5 4.0 1.2 
2019-01-27 16:41:26 1.03571428571 134.678571429 3.7 3.2 1.5 
2019-01-27 16:41:36 0.757575757576 117.909090909 2.4 2.8 1.2 
2019-01-27 16:41:46 0.842105263158 230.289473684 3.3 3.3 1.5 
2019-01-27 16:41:56 0.967741935484 233.516129032 3.9 3.8 1.3 
2019-01-27 16:42:06 0.611111111111 217.75 3.6 3.1 1.5 
2019-01-27 16:42:16 0.692307692308 110.923076923 4.1 3.6 1.2 
2019-01-27 16:42:26 0.451612903226 148.612903226 3.8 3.9 1.5 
2019-01-27 16:42:36 0.69696969697 123.060606061 3.1 3.1 1.2 
2019-01-27 16:42:46 0.909090909091 198.0 3.0 3.3 1.3 
2019-01-27 16:42:56 0.341463414634 98.8780487805 3.3 3.3 1.3 
2019-01-27 16:43:06 0.65625 130.5625 3.9 4.1 1.5 
2019-01-27 16:43:16 0.756756756757 189.945945946 3.7 3.2 1.5 
2019-01-27 16:43:26 1.09090909091 226.606060606 4.1 3.7 1.3 
2019-01-27 16:43:36 0.842105263158 227.631578947 3.6 3.3 1.5 
2019-01-27 16:43:46 0.30303030303 101.03030303 4.2 3.8 1.4 
2019-01-27 16:43:56 0.529411764706 150.764705882 4.0 3.3 1.1 
2019-01-27 16:44:06 0.516129032258 51.2580645161 4.2 3.4 1.5 
2019-01-27 16:44:16 0.735294117647 116.0 3.3 3.1 1.1 
2019-01-27 16:44:26 0.631578947368 192.263157895 3.5 3.4 1.3 
2019-01-27 16:44:36 1.10526315789 253.315789474 3.9 3.8 1.4 
2019-01-27 16:44:46 1.08571428571 299.857142857 3.4 3.8 1.5 
2019-01-27 16:44:56 0.777777777778 189.259259259 3.6 3.5 1.5 
2019-01-27 16:45:06 1.06896551724 285.413793103 3.1 2.7 1.2 
2019-01-27 16:45:16 0.666666666667 139.666666667 2.5 2.9 1.3 
2019-01-27 16:45:26 1.02941176471 249.764705882 3.8 3.3 1.4 
2019-01-27 16:45:36 0.612903225806 137.64516129 3.4 3.4 1.4 
2019-01-27 16:45:46 0.657142857143 141.885714286 3.8 3.1 1.2 
2019-01-27 16:45:56 0.511627906977 139.279069767 3.5 3.5 1.3 
2019-01-27 16:46:06 1.06896551724 256.379310345 3.5 4.3 1.5 
2019-01-27 16:46:16 0.463414634146 142.609756098 3.1 2.9 1.4 
2019-01-27 16:46:26 0.487179487179 193.461538462 4.3 4.1 1.5 
2019-01-27 16:46:36 0.432432432432 107.756756757 4.3 3.9 1.3 
2019-01-27 16:46:46 0.5625 109.15625 3.9 3.7 1.4 
2019-01-27 16:46:56 0.387096774194 70.4516129032 4.0 3.2 1.4 
2019-01-27 16:47:06 0.820512820513 283.871794872 3.8 3.1 1.3 
2019-01-27 16:47:16 0.833333333333 233.361111111 4.2 3.9 1.5 
2019-01-27 16:47:26 1.0 233.342105263 3.9 3.6 1.4 
2019-01-27 16:47:36 0.866666666667 244.2 4.0 3.8 1.4 
2019-01-27 16:47:46 0.777777777778 250.722222222 3.4 3.0 1.3 
2019-01-27 16:47:56 0.694444444444 217.75 3.8 3.6 1.2 
2019-01-27 16:48:06 0.59375 61.46875 3.3 3.6 1.4 
2019-01-27 16:48:16 0.944444444444 221.972222222 3.3 3.2 1.3 
2019-01-27 16:48:26 1.15 350.3 3.8 3.6 1.5 
2019-01-27 16:48:36 0.685714285714 129.114285714 3.3 4.0 1.4 
2019-01-27 16:48:46 0.78125 177.4375 4.1 3.5 1.4 
2019-01-27 16:48:56 0.428571428571 94.5714285714 3.1 3.2 1.4 
2019-01-27 16:49:06 1.13793103448 279.862068966 3.9 3.5 1.4 
2019-01-27 16:49:16 0.842105263158 180.052631579 2.9 2.9 1.3 
2019-01-27 16:49:26 0.607142857143 235.714285714 3.9 3.8 1.5 
2019-01-27 16:49:36 0.921052631579 159.868421053 3.2 2.8 1.1 
2019-01-27 16:49:46 0.838709677419 356.290322581 3.8 3.8 1.4 
2019-01-27 16:49:56 0.969696969697 176.333333333 3.1 3.1 1.4 
2019-01-27 16:50:06 0.555555555556 81.2222222222 4.2 3.3 1.1 
2019-01-27 16:50:16 0.625 126.525 3.4 3.6 1.4 
2019-01-27 16:50:26 0.705882352941 188.0 4.2 4.0 1.4 
2019-01-27 16:50:36 0.771428571429 196.0 3.8 3.4 1.4 
2019-01-27 16:50:46 0.692307692308 112.846153846 3.8 3.5 1.4 
2019-01-27 16:50:56 0.789473684211 186.394736842 4.4 3.9 1.4 
2019-01-27 16:51:06 0.625 203.375 4.0 3.8 1.4 
2019-01-27 16:51:16 0.564102564103 214.230769231 4.3 4.0 1.5 
2019-01-27 16:51:26 0.411764705882 195.382352941 3.9 3.9 1.5 
2019-01-27 16:51:36 0.387096774194 75.0 3.8 3.4 1.1 
2019-01-27 17:23:42 0 0 0.0 0.0 0.0 
2019-01-27 17:23:52 1.0 98.0 0.0 0.0 0.0 
2019-01-27 17:24:02 0 0 0.0 0.2 0.2 
2019-01-27 17:24:12 0 0 0.0 0.0 0.0 
2019-01-27 17:24:22 0 0 0.0 0.0 0.0 
2019-01-27 17:24:32 0 0 0.0 0.0 0.0 
2019-01-27 17:24:42 0 0 0.0 0.0 0.0 
2019-01-27 17:24:52 0 0 0.0 0.0 0.0 
2019-01-27 17:25:02 0 0 0.0 0.0 0.0 
2019-01-27 17:25:12 0 0 0.0 0.0 0.0 
2019-01-27 17:25:22 0 0 0.0 0.0 0.0 
2019-01-27 17:25:32 0 0 0.0 0.0 0.0 
2019-01-27 17:25:42 0 0 0.0 0.0 0.0 
2019-01-27 17:25:52 0 0 0.0 0.0 0.0 
2019-01-27 17:26:02 0 0 0.0 0.0 0.0 
2019-01-27 17:26:12 0 0 0.0 0.0 0.0 
2019-01-27 17:26:22 0 0 0.0 0.0 0.0 
2019-01-27 17:26:32 0 0 0.0 0.0 0.0 
2019-01-27 17:26:42 0 0 0.0 0.0 0.0 
2019-01-27 17:26:52 0 0 0.0 0.0 0.0 
2019-01-27 17:27:02 0 0 0.0 0.0 0.0 
2019-01-27 17:27:12 0 0 0.0 0.0 0.0 
2019-01-27 17:27:22 0 0 0.0 0.0 0.0 
2019-01-27 17:27:32 0 0 0.0 0.0 0.0 
2019-01-27 17:27:42 0 0 0.0 0.0 0.0 
2019-01-27 17:27:52 0 0 0.0 0.0 0.0 
2019-01-27 17:28:02 0 0 0.0 0.0 0.0 
2019-01-27 17:28:12 0 0 0.0 0.0 0.0 
2019-01-27 17:28:22 0 0 0.0 0.0 0.0 
2019-01-27 17:28:32 0 0 0.0 0.0 0.0 
2019-01-27 17:28:42 0 0 0.0 0.0 0.0 
2019-01-27 17:28:52 0 0 0.0 0.0 0.0 
2019-01-27 17:29:02 0 0 0.0 0.0 0.0 
2019-01-27 17:29:12 0 0 0.0 0.0 0.0 
2019-01-27 17:29:22 0 0 0.0 0.0 0.0 
2019-01-27 17:29:32 0 0 0.0 0.0 0.0 
2019-01-27 17:29:42 0 0 0.0 0.0 0.0 
2019-01-27 17:29:52 0 0 0.0 0.0 0.0 
2019-01-27 17:30:02 0 0 0.0 0.0 0.0 
2019-01-27 17:30:12 0 0 0.0 0.0 0.0 
2019-01-27 17:30:22 0 0 0.0 0.0 0.0 
2019-01-27 17:30:32 0 0 0.0 0.0 0.0 
2019-01-27 17:30:42 0 0 0.0 0.0 0.0 
2019-01-27 17:30:52 0 0 0.0 0.0 0.0 
2019-01-27 17:31:02 0 0 0.0 0.0 0.0 
2019-01-27 17:31:12 0 0 0.0 0.0 0.0 
2019-01-27 17:31:22 0 0 0.0 0.0 0.0 
2019-01-27 17:31:32 0 0 0.0 0.0 0.0 
2019-01-27 17:31:42 0 0 0.0 0.0 0.0 
2019-01-27 17:31:52 0 0 0.0 0.0 0.0 
2019-01-27 17:32:02 0 0 0.0 0.0 0.0 
2019-01-27 17:32:12 0 0 0.0 0.0 0.0 
2019-01-27 17:32:22 0 0 0.0 0.0 0.0 
2019-01-27 17:32:32 0 0 0.0 0.0 0.0 
2019-01-27 17:32:42 0 0 0.0 0.0 0.0 
2019-01-27 17:32:52 0 0 0.0 0.0 0.0 
2019-01-27 17:33:02 0 0 0.0 0.0 0.0 
2019-01-27 17:33:12 0 0 0.0 0.0 0.0 
2019-01-27 17:33:22 0 0 0.0 0.0 0.0 
2019-01-27 17:33:32 0 0 0.0 0.0 0.0 
2019-01-27 17:33:42 0 0 0.0 0.0 0.0 
2019-01-27 17:33:52 0 0 0.0 0.0 0.0 
2019-01-27 17:34:02 0 0 0.0 0.0 0.0 
2019-01-27 17:34:12 0 0 0.0 0.0 0.0 
2019-01-27 17:34:22 0 0 0.0 0.0 0.0 
2019-01-27 17:34:32 0 0 0.0 0.0 0.0 
2019-01-27 17:34:42 0 0 0.0 0.0 0.0 
2019-01-27 17:34:52 0 0 0.0 0.0 0.0 
2019-01-27 17:35:02 0 0 0.0 0.0 0.0 
2019-01-27 17:35:12 0 0 0.0 0.0 0.0 
2019-01-27 17:35:22 0 0 0.0 0.0 0.0 
2019-01-27 17:35:32 0 0 0.0 0.0 0.0 
2019-01-27 17:35:42 0 0 0.0 0.0 0.0 
2019-01-27 17:35:52 0 0 0.0 0.0 0.0 
2019-01-27 17:36:02 0 0 0.0 0.0 0.0 
2019-01-27 17:36:12 0 0 0.0 0.0 0.0 
2019-01-27 17:36:22 0 0 0.0 0.0 0.0 
2019-01-27 17:36:32 0 0 0.0 0.0 0.0 
2019-01-27 17:36:42 0 0 0.0 0.0 0.0 
2019-01-27 17:36:52 0 0 0.0 0.0 0.0 
2019-01-27 17:37:02 0 0 0.0 0.0 0.0 
2019-01-27 17:37:12 0 0 0.0 0.0 0.0 
2019-01-27 17:37:22 0 0 0.0 0.0 0.0 
2019-01-27 17:37:32 0 0 0.0 0.0 0.0 
2019-01-27 17:37:42 0 0 0.0 0.0 0.0 
2019-01-27 17:37:52 0 0 0.0 0.0 0.0 
2019-01-27 17:38:02 0 0 0.0 0.0 0.0 
2019-01-27 17:38:12 0 0 0.0 0.0 0.0 
2019-01-27 17:38:22 0 0 0.0 0.0 0.0 
2019-01-27 17:38:32 0 0 0.0 0.0 0.0 
2019-01-27 17:38:42 0 0 0.0 0.0 0.0 
2019-01-27 17:38:52 0 0 0.0 0.0 0.0 
2019-01-27 17:39:02 0 0 0.0 0.0 0.0 
2019-01-27 17:39:12 0 0 0.0 0.0 0.0 
2019-01-27 17:39:22 0 0 0.0 0.0 0.0 
2019-01-27 17:39:32 0 0 0.0 0.0 0.0 
2019-01-27 17:39:42 0 0 0.0 0.0 0.0 
2019-01-27 17:39:52 0 0 0.0 0.0 0.0 
2019-01-27 17:40:02 0 0 0.0 0.0 0.0 
2019-01-27 17:40:12 0 0 0.0 0.0 0.0 
2019-01-27 17:40:22 0 0 0.0 0.0 0.0 
2019-01-27 17:40:32 0 0 0.0 0.0 0.0 
2019-01-27 17:40:42 0 0 0.0 0.0 0.0 
2019-01-27 17:40:52 0 0 0.0 0.0 0.0 
2019-01-27 17:41:02 0 0 0.0 0.0 0.0 
2019-01-27 17:41:12 0 0 0.0 0.0 0.0 
2019-01-27 17:41:22 0 0 0.0 0.0 0.0 
2019-01-27 17:41:32 0 0 0.0 0.0 0.0 
2019-01-27 17:41:42 0 0 0.0 0.0 0.0 
2019-01-27 17:41:52 0 0 0.0 0.0 0.0 
2019-01-27 17:42:02 0 0 0.0 0.0 0.0 
2019-01-27 17:42:12 0 0 0.0 0.0 0.0 
2019-01-27 17:42:22 0 0 0.0 0.0 0.0 
2019-01-27 17:42:32 0 0 0.0 0.0 0.0 
2019-01-27 17:42:42 0 0 0.0 0.0 0.0 
2019-01-27 17:42:52 0 0 0.0 0.0 0.0 
2019-01-27 17:43:02 0 0 0.0 0.0 0.0 
2019-01-27 17:43:12 0 0 0.0 0.0 0.0 
2019-01-27 17:43:22 0 0 0.0 0.0 0.0 
2019-01-27 17:43:32 0 0 0.0 0.0 0.0 
2019-01-27 17:43:42 0 0 0.0 0.0 0.0 
2019-01-27 17:43:52 0 0 0.0 0.0 0.0 
2019-01-27 17:44:02 0 0 0.0 0.0 0.0 
2019-01-27 17:44:12 0 0 0.0 0.0 0.0 
2019-01-27 17:44:22 0 0 0.0 0.0 0.0 
2019-01-27 17:44:32 0 0 0.0 0.0 0.0 
2019-01-27 17:44:42 0 0 0.0 0.0 0.0 
2019-01-27 17:44:52 0 0 0.0 0.0 0.0 
2019-01-27 17:45:02 0 0 0.0 0.0 0.0 
2019-01-27 17:45:12 0 0 0.0 0.0 0.0 
2019-01-27 17:45:22 0 0 0.0 0.0 0.0 
2019-01-27 17:45:32 0 0 0.0 0.0 0.0 
2019-01-27 17:45:42 0 0 0.0 0.0 0.0 
2019-01-27 17:45:52 0 0 0.0 0.0 0.0 
2019-01-27 17:46:02 0 0 0.0 0.0 0.0 
2019-01-27 17:46:12 0 0 0.0 0.0 0.0 
2019-01-27 17:46:22 0 0 0.0 0.0 0.0 
2019-01-27 17:46:32 0 0 0.0 0.0 0.0 
2019-01-27 17:46:42 0 0 0.0 0.0 0.0 
2019-01-27 17:46:52 0 0 0.0 0.0 0.0 
2019-01-27 17:47:02 0 0 0.0 0.0 0.0 
2019-01-27 17:47:12 0 0 0.0 0.0 0.0 
2019-01-27 17:47:22 0 0 0.0 0.0 0.0 
2019-01-27 17:47:32 0 0 0.0 0.0 0.0 
2019-01-27 17:47:42 0 0 0.0 0.0 0.0 
2019-01-27 17:47:52 0 0 0.0 0.0 0.0 
2019-01-27 17:48:02 0 0 0.0 0.0 0.0 
2019-01-27 17:48:12 0 0 0.0 0.0 0.0 
2019-01-27 17:48:22 0 0 0.0 0.0 0.0 
2019-01-27 17:48:32 0 0 0.0 0.0 0.0 
2019-01-27 17:48:42 0 0 0.0 0.0 0.0 
2019-01-27 17:48:52 0 0 0.0 0.0 0.0 
2019-01-27 17:49:02 0 0 0.0 0.0 0.0 
2019-01-27 17:49:12 0 0 0.0 0.0 0.0 
2019-01-27 17:49:22 0 0 0.0 0.0 0.0 
2019-01-27 17:49:32 0 0 0.0 0.0 0.0 
2019-01-27 17:49:42 0 0 0.0 0.0 0.0 
2019-01-27 17:49:52 0 0 0.0 0.0 0.0 
2019-01-27 17:50:02 0 0 0.0 0.0 0.0 
2019-01-27 17:50:12 0 0 0.0 0.0 0.0 
2019-01-27 17:50:22 0 0 0.0 0.0 0.0 
2019-01-27 17:50:32 0 0 0.0 0.0 0.0 
2019-01-27 17:50:42 0 0 0.0 0.0 0.0 
2019-01-27 17:50:52 0 0 0.0 0.0 0.0 
2019-01-27 17:51:02 0 0 0.0 0.0 0.0 
2019-01-27 17:51:12 0 0 0.0 0.0 0.0 
2019-01-27 17:51:22 0 0 0.0 0.0 0.0 
2019-01-27 17:51:32 0 0 0.0 0.0 0.0 
2019-01-27 17:51:42 0 0 0.0 0.0 0.0 
2019-01-27 17:51:52 0 0 0.0 0.0 0.0 
2019-01-27 17:52:02 0 0 0.0 0.0 0.0 
2019-01-27 17:52:12 0 0 0.0 0.0 0.0 
2019-01-27 17:52:22 0 0 0.0 0.0 0.0 
2019-01-27 17:52:32 0 0 0.0 0.0 0.0 
2019-01-27 17:52:42 0 0 0.0 0.0 0.0 
2019-01-27 17:52:52 0 0 0.0 0.0 0.0 
2019-01-27 17:53:02 0 0 0.0 0.0 0.0 
2019-01-27 17:53:12 0 0 0.0 0.0 0.0 
2019-01-27 17:53:22 0 0 0.0 0.0 0.0 
2019-01-27 17:53:32 0 0 0.0 0.0 0.0 
2019-01-27 17:53:42 0 0 0.0 0.0 0.0 
2019-01-27 17:53:52 0 0 0.0 0.0 0.0 
2019-01-27 17:54:02 0 0 0.0 0.0 0.0 
2019-01-27 17:54:12 0 0 0.0 0.0 0.0 
2019-01-27 17:54:22 0 0 0.0 0.0 0.0 
2019-01-27 17:54:32 0 0 0.0 0.0 0.0 
2019-01-27 17:54:42 0 0 0.0 0.0 0.0 
2019-01-27 17:54:52 0 0 0.0 0.0 0.0 
2019-01-27 17:55:02 0 0 0.0 0.0 0.0 
2019-01-27 17:55:12 0 0 0.0 0.0 0.0 
2019-01-27 17:55:22 0 0 0.0 0.0 0.0 
2019-01-27 17:55:32 0 0 0.0 0.0 0.0 
2019-01-27 17:55:42 0 0 0.0 0.0 0.0 
2019-01-27 17:55:52 0 0 0.0 0.0 0.0 
2019-01-27 17:56:02 0 0 0.0 0.0 0.0 
2019-01-27 18:37:15 0 0 0.0 0.0 0.0 
2019-01-27 18:37:25 0 0 0.0 0.0 0.0 
2019-01-27 18:37:35 0 0 0.0 0.0 0.0 
2019-01-27 18:37:45 0 0 0.0 0.0 0.0 
2019-01-27 18:37:55 0 0 0.0 0.0 0.0 
2019-01-27 18:38:05 0 0 0.0 0.0 0.0 
2019-01-27 18:38:15 0 0 0.0 0.0 0.0 
2019-01-27 18:38:25 0 0 0.0 0.0 0.0 
2019-01-27 18:38:35 0 0 0.0 0.0 0.0 
2019-01-27 18:38:45 0 0 0.0 0.0 0.0 
2019-01-27 18:38:55 0 0 0.0 0.0 0.0 
2019-01-27 18:39:05 0 0 0.0 0.0 0.0 
2019-01-27 18:39:15 0 0 0.0 0.0 0.0 
2019-01-27 18:39:25 0 0 0.0 0.0 0.0 
2019-01-27 18:39:35 0 0 0.0 0.0 0.0 
2019-01-27 18:39:45 0 0 0.0 0.0 0.0 
2019-01-27 18:39:55 0.333333333333 18.0 0.0 0.0 0.0 
2019-01-27 18:40:05 0.25 13.5 0.6 0.3 0.2 
2019-01-27 18:40:15 0.133333333333 29.0 2.2 1.6 1.0 
2019-01-27 18:40:25 0.2 10.8 2.1 1.5 0.5 
2019-01-27 18:40:35 0.235294117647 10.5882352941 2.3 1.5 0.9 
2019-01-27 18:40:45 0.625 32.25 2.2 1.7 1.0 
