2019-04-12 12:26:32 0.820895522388 220.850746269 5.0 5.1 1.5 0 normal correct 0.00284910202026 
2019-04-12 12:27:04 0 0 0.0 0.0 0.0 0 normal correct 0.000243902206421 
2019-04-12 12:27:14 0.779661016949 249.711864407 0.0 0.0 0.0 0 normal correct 0.000356912612915 
2019-04-12 12:27:24 0.634920634921 178.174603175 5.0 5.9 1.4 0 normal correct 0.000191926956177 
2019-04-12 12:27:34 0.284090909091 93.3295454545 5.9 6.3 1.4 0 normal correct 0.000159978866577 
2019-04-12 12:27:44 0.0581959262852 14.9107662464 17.4 17.6 13.1 0 normal correct 0.000246047973633 
2019-04-12 12:27:54 0.04296875 15.04296875 102.7 103.1 97.4 0 attack wrong 0.000192880630493 
2019-04-12 12:28:04 0.0446168768186 12.3462657614 102.4 102.4 97.4 0 attack wrong 0.000221014022827 
2019-04-12 12:28:14 0.025267249757 6.8231292517 102.7 103.1 97.2 0 attack wrong 0.000219106674194 
2019-04-12 12:28:24 0.0395371263259 11.1755062681 103.2 102.9 97.2 0 attack wrong 0.000195026397705 
2019-04-12 12:28:34 0.0283479960899 4.07233626588 102.9 103.7 97.7 0 attack wrong 0.000159025192261 
2019-04-12 12:28:44 0.0481695568401 11.9672447013 102.5 102.3 97.5 0 attack wrong 0.000296115875244 
2019-04-12 12:28:54 0.0448343079922 14.9961013645 102.1 103.8 97.2 0 attack wrong 0.000251054763794 
2019-04-12 12:29:04 0.0513068731849 12.894482091 102.1 102.6 97.3 0 attack wrong 0.000191926956177 
2019-04-12 12:29:14 0.0353287536801 7.53483807655 102.3 103.3 97.3 0 attack wrong 0.00026798248291 
2019-04-12 12:29:24 0.0551257253385 13.6595744681 101.8 101.9 97.5 0 attack wrong 0.000169992446899 
2019-04-12 12:29:34 0.0224171539961 4.93079922027 102.8 103.4 97.7 0 attack wrong 0.00017786026001 
2019-04-12 12:29:44 0.0503875968992 9.18604651163 102.8 102.6 97.1 0 attack wrong 0.00037693977356 
2019-04-12 12:29:54 0.260273972603 63.3424657534 102.5 103.2 97.7 0 attack wrong 0.000382900238037 
2019-04-12 12:30:04 0.828125 150.8125 13.7 14.6 9.8 0 normal correct 0.000386953353882 
2019-04-12 12:30:14 0.620689655172 159.793103448 5.7 6.4 1.5 0 normal correct 0.000508069992065 
2019-04-12 12:30:24 1.01666666667 215.466666667 5.6 5.8 1.5 0 normal correct 0.0010449886322 
2019-04-12 12:30:34 1.01492537313 280.76119403 5.6 6.0 1.5 0 normal correct 0.000377893447876 
2019-04-12 12:30:44 0.68253968254 143.920634921 5.6 6.7 1.5 0 normal correct 0.000180959701538 
2019-04-12 12:30:54 0.857142857143 215.910714286 5.6 6.3 1.5 0 normal correct 0.00039005279541 
2019-04-12 12:31:04 0.671875 253.65625 5.4 5.6 1.5 0 normal correct 0.000288963317871 
2019-04-12 12:31:14 1.06666666667 263.316666667 5.9 6.4 1.5 0 normal correct 0.000378847122192 
2019-04-12 12:31:24 0.508474576271 199.779661017 5.5 6.0 1.5 0 normal correct 0.000380992889404 
2019-04-12 12:31:34 0.698412698413 251.841269841 5.8 5.9 1.5 0 normal correct 0.000377893447876 
2019-04-12 12:31:44 0.538461538462 114.123076923 5.7 6.3 1.5 0 normal correct 0.000366926193237 
2019-04-12 12:31:54 0.632352941176 152.867647059 6.6 6.5 1.4 0 normal correct 0.000234127044678 
2019-04-12 12:32:04 0.636363636364 232.515151515 5.5 6.8 1.4 0 normal correct 0.00037407875061 
2019-04-12 12:32:14 0.983333333333 287.966666667 5.9 6.6 1.5 0 normal correct 0.000388145446777 
2019-04-12 12:32:24 0.888888888889 167.666666667 4.4 6.0 1.4 0 normal correct 0.000373840332031 
2019-04-12 12:32:34 0.716417910448 203.298507463 4.5 5.4 1.5 0 normal correct 0.000383853912354 
2019-04-12 12:32:44 0.953125 275.234375 5.4 6.7 1.4 0 normal correct 0.000360012054443 
2019-04-12 12:32:54 1.3 315.633333333 5.2 6.4 1.5 0 normal correct 0.000468015670776 
2019-04-12 12:33:04 0.787878787879 141.803030303 5.0 6.0 1.4 0 normal correct 0.000246047973633 
2019-04-12 12:33:14 1.18032786885 313.983606557 5.8 6.6 1.5 0 normal correct 0.000380992889404 
2019-04-12 12:33:24 0.770491803279 191.081967213 5.7 6.1 1.5 0 normal correct 0.000383853912354 
2019-04-12 12:33:34 0.868852459016 303.327868852 6.1 6.1 1.5 0 normal correct 0.000169992446899 
2019-04-12 12:33:44 0.764705882353 266.617647059 5.6 6.1 1.5 0 normal correct 0.000397920608521 
2019-04-12 12:33:54 0.8 264.8 5.9 6.8 1.5 0 normal correct 0.000380039215088 
2019-04-12 12:34:04 0.731343283582 205.835820896 5.7 6.5 1.5 0 normal correct 0.000382900238037 
2019-04-12 12:34:14 0.632352941176 166.779411765 5.3 6.7 1.5 0 normal correct 0.000370979309082 
2019-04-12 12:34:24 1.015625 280.21875 6.1 6.8 1.5 0 normal correct 0.000452995300293 
2019-04-12 12:34:34 0.8 196.163636364 6.5 6.4 1.5 0 normal correct 0.000282049179077 
2019-04-12 12:34:44 0.883333333333 261.983333333 5.1 5.5 1.4 0 normal correct 0.000364065170288 
2019-04-12 12:34:54 0.745762711864 236.050847458 6.0 6.0 1.5 0 normal correct 0.00036096572876 
2019-04-12 12:35:04 0.786885245902 219.131147541 6.1 5.9 1.5 0 normal correct 0.000366926193237 
2019-04-12 12:35:14 0.672413793103 144.844827586 5.3 6.1 1.5 0 normal correct 0.000373840332031 
2019-04-12 12:35:24 0.952380952381 299.126984127 5.0 5.8 1.4 0 normal correct 0.000365018844604 
2019-04-12 12:35:34 1.01515151515 246.636363636 5.3 6.3 1.5 0 normal correct 0.000159978866577 
2019-04-12 12:35:44 0.796875 149.625 5.2 6.6 1.5 0 normal correct 0.000169038772583 
2019-04-12 12:35:54 0.540983606557 147.68852459 5.3 6.4 1.5 0 normal correct 0.000279903411865 
2019-04-12 12:36:04 0.794117647059 187.117647059 5.7 6.1 1.3 0 normal correct 0.00444412231445 
2019-04-12 12:36:14 0.870967741935 179.112903226 5.7 6.8 1.5 0 normal correct 0.000306129455566 
2019-04-12 12:36:24 0.645161290323 208.161290323 5.3 6.2 1.5 0 normal correct 0.000379800796509 
2019-04-12 12:36:34 1.07692307692 350.861538462 5.6 6.2 1.5 0 normal correct 0.000345945358276 
2019-04-12 12:36:44 0.904761904762 281.968253968 5.9 6.5 1.5 0 normal correct 0.000363111495972 
2019-04-12 12:36:54 1.06779661017 309.762711864 5.9 6.3 1.5 0 normal correct 0.000530958175659 
2019-04-12 12:43:01 0 0 0.0 0.0 0.0 0 normal correct 0.000202894210815 
2019-04-12 12:43:11 0.511111111111 117.755555556 0.0 0.0 0.0 0 normal correct 0.000237941741943 
2019-04-12 12:43:21 0.685483870968 237.5 7.1 9.0 1.5 0 normal correct 0.000364065170288 
2019-04-12 12:43:31 0.614285714286 180.642857143 8.2 12.4 1.5 0 normal correct 0.000365972518921 
2019-04-12 12:43:41 0.909090909091 302.545454545 6.7 7.0 1.5 0 normal correct 0.00036096572876 
2019-04-12 12:43:51 0.68253968254 228.53968254 1.6 1.1 0.8 0 normal correct 0.000464916229248 
2019-04-12 12:44:01 0.787878787879 231.287878788 5.3 6.3 1.5 0 normal correct 0.000349044799805 
2019-04-12 12:44:11 0.958333333333 284.0 5.6 6.6 1.5 0 normal correct 0.000419139862061 
2019-04-12 12:44:21 0 0 2.6 2.4 1.3 0 normal correct 0.000157117843628 
2019-04-12 12:44:31 0 0 0.0 0.0 0.0 0 normal correct 0.000365972518921 
2019-04-12 12:44:41 0 0 0.0 0.0 0.0 0 normal correct 0.000355958938599 
2019-04-12 12:44:51 0 0 0.0 0.0 0.0 0 normal correct 0.000396013259888 
2019-04-12 12:45:01 0 0 0.0 0.0 0.0 0 normal correct 0.000293970108032 
