2019-03-29 22:42:40 0.84375 271.984375 5.6 6.2 1.4 0 normal correct 0.00285196304321 
2019-03-29 22:42:50 0.692307692308 226.2 5.4 6.4 1.5 0 normal correct 0.00290322303772 
2019-03-29 22:43:00 0.776119402985 237.76119403 6.3 6.5 1.5 0 normal correct 0.00293183326721 
2019-03-29 22:43:10 0.617647058824 176.279411765 5.6 6.7 1.5 0 normal correct 0.00173306465149 
2019-03-29 22:43:20 0.847222222222 205.513888889 5.7 6.8 1.4 0 normal correct 0.00281691551208 
2019-03-29 22:43:30 0.771929824561 249.315789474 6.0 7.2 1.5 0 normal correct 0.00255417823792 
2019-03-29 22:43:40 0.563636363636 150.945454545 5.7 5.7 1.4 0 normal correct 0.00273895263672 
2019-03-29 22:43:50 0.777777777778 221.523809524 5.1 5.5 1.3 0 normal correct 0.00323009490967 
2019-03-29 22:44:00 0.712121212121 202.606060606 5.4 6.3 1.5 0 normal correct 0.00455212593079 
2019-03-29 22:44:10 0.984615384615 249.323076923 5.4 6.6 1.5 0 normal correct 0.00271511077881 
2019-03-29 22:44:20 0.859375 197.109375 5.7 6.5 1.5 0 normal correct 0.00230312347412 
2019-03-29 22:44:30 0.522388059701 145.597014925 5.6 6.4 1.5 0 normal correct 0.0027449131012 
2019-03-29 22:44:40 0.666666666667 153.433333333 6.1 6.7 1.5 0 normal correct 0.00264000892639 
2019-03-29 22:44:50 0.793650793651 224.714285714 5.7 6.0 1.4 0 normal correct 0.00194501876831 
2019-03-29 22:45:00 0.920634920635 210.063492063 4.9 6.3 1.5 0 normal correct 0.00327920913696 
2019-03-29 22:45:10 0.854838709677 235.580645161 5.2 6.3 1.4 0 normal correct 0.00289177894592 
2019-03-29 22:45:20 0.701492537313 228.194029851 5.8 6.2 1.5 0 normal correct 0.00187397003174 
2019-03-29 22:45:31 0.745454545455 146.618181818 6.0 6.7 1.5 0 normal correct 0.00178694725037 
2019-03-29 22:45:41 0.737704918033 211.868852459 5.1 5.5 1.5 0 normal correct 0.00183987617493 
2019-03-29 22:45:51 0.80701754386 208.438596491 5.4 6.1 1.5 0 normal correct 0.00386095046997 
2019-03-29 22:46:01 0.830769230769 164.723076923 5.4 5.7 1.5 0 normal correct 0.00282788276672 
2019-03-29 22:46:11 0.5625 131.671875 5.2 6.5 1.4 0 normal correct 0.00388789176941 
2019-03-29 22:46:21 0.985074626866 311.119402985 5.4 6.4 1.5 0 normal correct 0.00282692909241 
2019-03-29 22:46:31 0.757575757576 233.181818182 5.3 6.7 1.5 0 normal correct 0.00218820571899 
2019-03-29 22:46:41 0.692307692308 265.061538462 6.4 6.6 1.5 0 normal correct 0.00351500511169 
2019-03-29 22:46:51 0.69696969697 227.757575758 5.0 6.5 1.5 0 normal correct 0.00273299217224 
2019-03-29 22:47:01 0.857142857143 287.46031746 5.7 6.6 1.5 0 normal correct 0.00205087661743 
2019-03-29 22:47:11 1.01449275362 314.072463768 5.6 6.3 1.5 0 normal correct 0.00318598747253 
2019-03-29 22:47:21 0.867647058824 217.279411765 5.8 6.9 1.5 0 normal correct 0.00517797470093 
2019-03-29 22:47:31 1.19047619048 336.761904762 4.9 6.8 1.5 0 normal correct 0.00291013717651 
2019-03-29 22:47:41 1.15 265.15 5.2 6.3 1.5 0 normal correct 0.00180697441101 
2019-03-29 22:47:51 0.938461538462 266.338461538 4.9 6.0 1.5 0 normal correct 0.00288987159729 
2019-03-29 22:48:01 0.701492537313 181.567164179 5.4 6.5 1.5 0 normal correct 0.00322699546814 
2019-03-29 22:48:11 0.774193548387 223.5 5.2 6.7 1.5 0 normal correct 0.0023820400238 
2019-03-29 22:48:21 0.414285714286 85.5857142857 6.0 6.2 1.5 0 normal correct 0.00191807746887 
2019-03-29 22:48:31 0.984375 249.6875 6.3 7.0 1.5 0 normal correct 0.00343894958496 
2019-03-29 22:48:41 0.934426229508 248.786885246 5.8 6.4 1.4 0 normal correct 0.00298309326172 
2019-03-29 22:48:51 0.575757575758 228.681818182 5.7 6.1 1.5 0 normal correct 0.00279092788696 
2019-03-29 22:49:01 0.688524590164 260.442622951 5.6 6.6 1.5 0 normal correct 0.00339198112488 
2019-03-29 22:49:11 0.465517241379 133.948275862 5.8 6.1 1.4 0 normal correct 0.00261378288269 
2019-03-29 22:49:21 0.910714285714 276.589285714 5.8 5.8 1.4 0 normal correct 0.0028350353241 
2019-03-29 22:49:31 1.1746031746 291.26984127 5.7 5.6 1.5 0 normal correct 0.0023500919342 
2019-03-29 22:49:41 0.589285714286 177.964285714 5.3 6.3 1.5 0 normal correct 0.00372505187988 
2019-03-29 22:49:51 0.575757575758 146.166666667 5.3 5.6 1.5 0 normal correct 0.00191593170166 
2019-03-29 22:50:01 0.928571428571 236.171428571 5.8 6.6 1.5 0 normal correct 0.00384306907654 
2019-03-29 22:50:11 0.791044776119 191.029850746 6.1 7.0 1.5 0 normal correct 0.00374484062195 
2019-03-29 22:50:21 0.825396825397 190.158730159 5.8 6.7 1.4 0 normal correct 0.00255680084229 
2019-03-29 22:50:31 0.540983606557 146.950819672 5.3 6.3 1.5 0 normal correct 0.00215601921082 
2019-03-29 22:50:41 0.83606557377 197.049180328 5.4 6.1 1.5 0 normal correct 0.00216698646545 
2019-03-29 22:50:51 0.725806451613 142.580645161 5.8 6.1 1.4 0 normal correct 0.00271201133728 
2019-03-29 22:51:01 0.890625 281.03125 5.4 6.2 1.5 0 normal correct 0.00261306762695 
2019-03-29 22:51:11 0.695652173913 225.289855072 5.9 6.4 1.5 0 normal correct 0.00212502479553 
2019-03-29 22:51:21 1.046875 295.640625 5.4 6.9 1.4 0 normal correct 0.00229907035828 
2019-03-29 22:51:31 0.716417910448 165.029850746 5.2 6.4 1.5 0 normal correct 0.00237512588501 
2019-03-29 22:51:41 0.808823529412 255.441176471 6.1 6.7 1.5 0 normal correct 0.00222206115723 
2019-03-29 22:51:51 0.885245901639 222.475409836 5.6 6.8 1.4 0 normal correct 0.00226879119873 
2019-03-29 22:52:01 0.703703703704 252.703703704 5.8 6.1 1.5 0 normal correct 0.00232601165771 
2019-03-29 22:52:11 0.794117647059 250.985294118 4.3 5.4 1.4 0 normal correct 0.00291705131531 
2019-03-29 22:52:21 1.0 253.349206349 5.8 6.8 1.5 0 normal correct 0.00529718399048 
2019-03-29 22:52:31 0.742424242424 220.060606061 5.4 6.3 1.4 0 normal correct 0.00213313102722 
2019-03-29 22:52:41 1.01470588235 234.779411765 5.8 6.6 1.5 0 normal correct 0.0028510093689 
2019-03-29 22:52:51 0.676923076923 209.646153846 5.5 6.8 1.5 0 normal correct 0.00321221351624 
2019-03-29 22:53:01 1.0 315.583333333 5.8 6.5 1.5 0 normal correct 0.00218105316162 
2019-03-29 22:53:11 0.819672131148 239.245901639 5.6 6.0 1.5 0 normal correct 0.00222110748291 
2019-03-29 22:53:21 0.839285714286 191.107142857 5.8 6.1 1.5 0 normal correct 0.00282311439514 
2019-03-29 22:53:31 0.985915492958 282.985915493 5.6 5.6 1.4 0 normal correct 0.00261902809143 
2019-03-29 22:53:41 0.728813559322 185.457627119 5.7 7.1 1.5 0 normal correct 0.0028920173645 
2019-03-29 22:53:51 1.0 284.079365079 5.7 5.9 1.5 0 normal correct 0.00178408622742 
2019-03-29 22:54:01 0.781818181818 285.781818182 4.4 6.3 1.5 0 normal correct 0.00237798690796 
2019-03-29 22:54:11 0.5 131.296875 5.7 5.5 1.3 0 normal correct 0.00301599502563 
2019-03-29 22:54:21 0.688524590164 257.327868852 6.2 6.4 1.5 0 normal correct 0.00301003456116 
2019-03-29 22:54:31 0.772727272727 170.712121212 6.0 6.1 1.5 0 normal correct 0.00253701210022 
2019-03-29 22:54:41 1.07692307692 282.953846154 5.5 6.6 1.5 0 normal correct 0.00317096710205 
2019-03-29 22:54:51 0.693548387097 180.112903226 5.9 6.5 1.5 0 normal correct 0.00228381156921 
2019-03-29 22:55:01 0.761904761905 209.396825397 5.8 6.2 1.5 0 normal correct 0.0036678314209 
2019-03-29 22:55:11 0.712121212121 224.0 6.0 6.3 1.5 0 normal correct 0.0029399394989 
2019-03-29 22:55:21 0.802816901408 231.957746479 5.5 6.6 1.4 0 normal correct 0.00308108329773 
2019-03-29 22:55:31 0.774193548387 213.016129032 6.4 7.1 1.5 0 normal correct 0.00285816192627 
2019-03-29 22:55:41 0.625 210.359375 5.9 6.2 1.4 0 normal correct 0.00289297103882 
2019-03-29 22:55:51 0.65 198.95 5.7 6.4 1.5 0 normal correct 0.00423407554626 
2019-03-29 22:56:01 0.876923076923 241.153846154 5.6 6.0 1.4 0 normal correct 0.00227189064026 
2019-03-29 22:56:11 0.944444444444 247.805555556 6.2 6.5 1.5 0 normal correct 0.00284099578857 
2019-03-29 22:56:21 0.84375 202.765625 5.5 7.2 1.4 0 normal correct 0.00260996818542 
2019-03-29 22:56:31 0.454545454545 88.1636363636 5.6 6.4 1.5 0 normal correct 0.00288605690002 
2019-03-29 22:56:41 0.739130434783 201.565217391 5.5 5.5 1.4 0 normal correct 0.0021390914917 
2019-03-29 22:56:51 0.809523809524 224.444444444 5.7 6.9 1.5 0 normal correct 0.00264191627502 
2019-03-29 22:57:01 0.911764705882 301.955882353 5.7 6.3 1.5 0 normal correct 0.00207209587097 
2019-03-29 22:57:11 0.894736842105 214.456140351 6.0 6.8 1.4 0 normal correct 0.00332713127136 
2019-03-29 22:57:21 0.847457627119 293.847457627 5.1 5.7 1.4 0 normal correct 0.00391507148743 
2019-03-29 22:57:31 0.833333333333 206.227272727 5.1 5.9 1.5 0 normal correct 0.00258708000183 
2019-03-29 22:57:41 0.850746268657 308.313432836 6.3 6.6 1.5 0 normal correct 0.00290393829346 
2019-03-29 22:57:51 0.850746268657 289.746268657 5.6 6.7 1.5 0 normal correct 0.00217604637146 
2019-03-29 22:58:01 0.83606557377 243.950819672 5.6 6.7 1.5 0 normal correct 0.00265693664551 
2019-03-29 22:58:11 0.583333333333 127.983333333 5.6 6.1 1.5 0 normal correct 0.00291204452515 
2019-03-29 22:58:21 0.852941176471 258.294117647 5.5 6.0 1.4 0 normal correct 0.00205087661743 
2019-03-29 22:58:31 0.611940298507 136.671641791 5.8 6.8 1.5 0 normal correct 0.00293803215027 
2019-03-29 22:58:41 0.564516129032 159.661290323 6.5 6.7 1.5 0 normal correct 0.00287008285522 
2019-03-29 22:58:51 0.78125 247.390625 5.5 6.2 1.5 0 normal correct 0.00223898887634 
2019-03-29 22:59:01 0.625 160.234375 5.9 6.4 1.4 0 normal correct 0.00274586677551 
2019-03-29 22:59:11 1.02941176471 261.573529412 5.2 6.4 1.5 0 normal correct 0.00294709205627 
2019-03-29 23:00:05 0 0 0.0 0.0 0.0 1 normal wrong 0.00262784957886 
2019-03-29 23:00:15 0.07928802589 19.145631068 0.0 0.0 0.0 1 normal wrong 0.00224804878235 
2019-03-29 23:00:25 0.027724665392 8.58986615679 62.0 61.8 58.0 1 attack correct 0.00195598602295 
2019-03-29 23:00:35 0.0401913875598 12.4622009569 104.7 104.6 98.6 1 attack correct 0.00229501724243 
2019-03-29 23:00:45 0.0298363811357 10.9903753609 102.9 104.5 98.6 1 attack correct 0.00281286239624 
2019-03-29 23:00:55 0.0282101167315 7.83365758755 102.8 103.9 98.3 1 attack correct 0.00187301635742 
2019-03-29 23:01:05 0.0270531400966 6.24154589372 102.8 102.8 98.1 1 attack correct 0.00236010551453 
2019-03-29 23:01:15 0.0250723240116 7.02700096432 102.7 103.5 98.1 1 attack correct 0.00182819366455 
2019-03-29 23:01:25 0.0338164251208 11.7893719807 102.8 103.7 97.8 1 attack correct 0.00211405754089 
2019-03-29 23:01:35 0.0375360923965 10.3031761309 103.1 103.5 97.8 1 attack correct 0.00216388702393 
2019-03-29 23:01:45 0.0290697674419 11.0968992248 103.2 103.9 98.3 1 attack correct 0.00278186798096 
2019-03-29 23:01:55 0.00970873786408 3.2145631068 102.5 103.2 97.8 1 attack correct 0.00278401374817 
2019-03-29 23:02:05 0.0242013552759 6.93223620523 102.4 103.0 97.6 1 attack correct 0.00793480873108 
2019-03-29 23:02:15 0.0519230769231 15.8317307692 102.6 103.3 98.1 1 attack correct 0.00182008743286 
2019-03-29 23:02:25 0.0509125840538 16.093179635 102.5 104.0 98.3 1 attack correct 0.00188708305359 
2019-03-29 23:02:35 0.0193798449612 5.2015503876 102.8 104.1 98.1 1 attack correct 0.00256705284119 
2019-03-29 23:02:45 0.0310378273521 7.78079534433 102.8 103.2 98.0 1 attack correct 0.00228500366211 
2019-03-29 23:02:55 0.0480307396734 15.1296829971 102.7 103.1 97.9 1 attack correct 0.00213193893433 
2019-03-29 23:03:05 0.0443587270974 10.4889103182 103.5 104.1 98.1 1 attack correct 0.00374388694763 
2019-03-29 23:03:15 0.0329457364341 9.59496124031 102.4 103.7 97.5 1 attack correct 0.00216889381409 
2019-03-29 23:03:25 0.0383877159309 10.1305182342 103.0 103.2 97.3 1 attack correct 0.00211095809937 
2019-03-29 23:03:35 0.0579710144928 12.4299516908 104.1 104.2 97.9 1 attack correct 0.00223398208618 
2019-03-29 23:03:45 0.030243902439 8.74926829268 103.3 103.5 98.1 1 attack correct 0.003005027771 
2019-03-29 23:03:55 0.0203488372093 5.07945736434 102.9 102.5 97.5 1 attack correct 0.00248217582703 
2019-03-29 23:04:05 0.0341463414634 10.3141463415 102.9 103.2 98.1 1 attack correct 0.00267696380615 
2019-03-29 23:04:15 0.031158714703 8.570593963 102.3 102.5 97.7 1 attack correct 0.00233387947083 
2019-03-29 23:04:25 0.0358180058083 13.3059051307 102.2 102.7 97.9 1 attack correct 0.00218796730042 
2019-03-29 23:04:35 0.0346820809249 8.40077071291 102.6 103.3 98.0 1 attack correct 0.00195503234863 
2019-03-29 23:04:45 0.041586073501 10.0 103.4 103.8 98.3 1 attack correct 0.00238800048828 
2019-03-29 23:04:55 0.0383509108341 13.8015340364 103.2 103.4 97.6 1 attack correct 0.00218200683594 
2019-03-29 23:05:05 0.0320699708455 12.4975704568 102.9 104.3 97.8 1 attack correct 0.00218820571899 
2019-03-29 23:05:15 0.047572815534 15.9524271845 102.4 102.9 97.6 1 attack correct 0.00262689590454 
2019-03-29 23:05:25 0.0329138431752 4.69603097773 102.4 103.0 97.9 1 attack correct 0.00219702720642 
2019-03-29 23:05:35 0.0184466019417 6.56213592233 102.9 103.3 98.0 1 attack correct 0.00217390060425 
2019-03-29 23:05:45 0.0327237728585 7.11549566891 102.9 103.0 97.8 1 attack correct 0.0022120475769 
2019-03-29 23:05:55 0.0366795366795 9.4971042471 103.0 103.9 98.1 1 attack correct 0.00339317321777 
2019-03-29 23:06:05 0.0359572400389 12.8056365403 102.7 103.6 97.8 1 attack correct 0.00221109390259 
2019-03-29 23:06:15 0.025267249757 5.42954324587 102.7 102.9 97.3 1 attack correct 0.00182199478149 
2019-03-29 23:06:25 0.0317307692308 6.3 102.4 102.9 97.7 1 attack correct 0.002357006073 
2019-03-29 23:06:35 0.016553067186 3.71957156767 102.7 104.0 97.8 1 attack correct 0.00238394737244 
2019-03-29 23:06:45 0.0339147286822 9.81395348837 102.8 102.7 97.5 1 attack correct 0.00214409828186 
2019-03-29 23:06:55 0.0442733397498 12.0683349374 102.5 103.2 97.8 1 attack correct 0.00208592414856 
2019-03-29 23:07:05 0.0242248062016 5.34399224806 102.2 103.9 97.6 1 attack correct 0.00211715698242 
2019-03-29 23:07:15 0.0341796875 10.2880859375 102.9 103.2 98.1 1 attack correct 0.0020911693573 
2019-03-29 23:07:25 0.0184466019417 4.83106796117 102.4 102.4 98.3 1 attack correct 0.0022280216217 
2019-03-29 23:07:35 0.0359223300971 9.22718446602 103.1 103.0 97.9 1 attack correct 0.00244283676147 
2019-03-29 23:07:45 0.023166023166 5.93532818533 102.5 103.0 97.8 1 attack correct 0.00197410583496 
2019-03-29 23:07:55 0.0368574199806 10.0708050436 103.3 103.6 98.0 1 attack correct 0.00333499908447 
2019-03-29 23:08:05 0.0604606525912 17.7428023033 102.7 103.1 98.2 1 attack correct 0.00289988517761 
2019-03-29 23:08:15 0.030243902439 8.34536585366 102.8 104.2 98.3 1 attack correct 0.00232291221619 
2019-03-29 23:08:25 0.0425943852856 7.88673765731 102.3 102.5 98.0 1 attack correct 0.0025680065155 
2019-03-29 23:08:35 0.0261627906977 9.06879844961 102.5 103.3 98.1 1 attack correct 0.00207209587097 
2019-03-29 23:08:45 0.0569498069498 13.6312741313 102.9 103.2 97.4 1 attack correct 0.00226402282715 
2019-03-29 23:08:55 0.0433526011561 16.1204238921 102.8 103.6 97.9 1 attack correct 0.0019519329071 
2019-03-29 23:09:05 0.0406976744186 14.9903100775 103.2 103.8 98.2 1 attack correct 0.00223708152771 
2019-03-29 23:09:15 0.036750483559 7.34332688588 102.6 103.2 97.7 1 attack correct 0.00230717658997 
2019-03-29 23:09:25 0.0348837209302 9.03003875969 102.9 103.4 97.9 1 attack correct 0.00206899642944 
2019-03-29 23:09:35 0.0571151984511 14.3107454017 102.3 103.2 97.9 1 attack correct 0.00270104408264 
2019-03-29 23:09:45 0.0290979631426 6.59650824442 102.8 103.3 97.7 1 attack correct 0.0023250579834 
2019-03-29 23:09:55 0.059558117195 15.8414985591 102.7 103.1 97.7 1 attack correct 0.00222086906433 
2019-03-29 23:10:05 0.0493230174081 13.2823984526 103.3 104.1 98.3 1 attack correct 0.00225901603699 
2019-03-29 23:10:15 0.0463768115942 10.8028985507 102.6 103.4 98.2 1 attack correct 0.00230693817139 
2019-03-29 23:10:25 0.0328502415459 10.884057971 103.0 103.5 98.3 1 attack correct 0.00193691253662 
2019-03-29 23:10:35 0.0282651072125 7.15399610136 103.2 103.5 98.0 1 attack correct 0.00492787361145 
2019-03-29 23:10:45 0.0395371263259 10.0308582449 102.4 102.6 98.1 1 attack correct 0.00252914428711 
2019-03-29 23:10:55 0.0261881668283 5.86032977692 103.5 103.7 98.2 1 attack correct 0.00260710716248 
2019-03-29 23:11:05 0.0464666021297 14.1045498548 102.9 103.1 98.0 1 attack correct 0.00257182121277 
2019-03-29 23:11:15 0.0397286821705 9.13372093023 102.8 103.3 97.4 1 attack correct 0.00217509269714 
2019-03-29 23:11:25 0.0319457889642 7.89641819942 103.5 103.2 98.0 1 attack correct 0.00251507759094 
2019-03-29 23:11:35 0.0282375851996 8.63875365141 102.3 103.3 98.3 1 attack correct 0.00252199172974 
2019-03-29 23:11:45 0.0309178743961 8.87149758454 102.6 102.7 97.4 1 attack correct 0.00237202644348 
2019-03-29 23:11:55 0.021359223301 7.31941747573 103.1 103.5 97.5 1 attack correct 0.00216484069824 
2019-03-29 23:12:05 0.0126459143969 3.87548638132 102.9 103.0 97.9 1 attack correct 0.0020010471344 
2019-03-29 23:12:15 0.0165048543689 4.53398058252 102.0 102.8 97.6 1 attack correct 0.00208401679993 
2019-03-29 23:12:25 0.0473429951691 12.4164251208 102.4 103.0 97.8 1 attack correct 0.00203895568848 
2019-03-29 23:12:35 0.0588803088803 18.5028957529 103.0 103.5 98.0 1 attack correct 0.00227284431458 
2019-03-29 23:12:45 0.0369290573372 14.296404276 102.8 103.6 97.9 1 attack correct 0.00209712982178 
2019-03-29 23:12:55 0.0290416263311 9.05517909003 102.5 102.9 97.5 1 attack correct 0.00226712226868 
2019-03-29 23:13:05 0.041586073501 10.1779497099 102.4 103.3 98.0 1 attack correct 0.00236415863037 
2019-03-29 23:13:15 0.0396902226525 13.0290416263 102.1 103.4 98.4 1 attack correct 0.00221109390259 
2019-03-29 23:13:25 0.0441882804995 15.4956772334 102.6 103.3 98.4 1 attack correct 0.00284790992737 
2019-03-29 23:13:35 0.031007751938 7.95251937984 103.4 104.1 97.6 1 attack correct 0.00231409072876 
2019-03-29 23:13:45 0.0154738878143 2.25048355899 102.5 103.2 98.0 1 attack correct 0.00197196006775 
2019-03-29 23:13:55 0.0212355212355 7.62451737452 102.7 103.4 98.0 1 attack correct 0.00202393531799 
2019-03-29 23:14:06 0.0318532818533 5.8388030888 103.2 103.6 98.4 1 attack correct 0.00201606750488 
2019-03-29 23:14:16 0.0394230769231 10.7951923077 102.9 103.6 98.2 1 attack correct 0.00244998931885 
2019-03-29 23:14:26 0.026213592233 6.65533980583 102.7 104.0 97.4 1 attack correct 0.00229001045227 
2019-03-29 23:14:36 0.0418287937743 8.37548638132 102.8 103.0 98.3 1 attack correct 0.0020489692688 
2019-03-29 23:14:46 0.0365736284889 12.3897978826 102.7 102.8 97.7 1 attack correct 0.00189399719238 
2019-03-29 23:14:56 0.0290416263311 8.03000968054 103.3 103.9 98.0 1 attack correct 0.00183415412903 
2019-03-29 23:15:06 0.0242718446602 7.01262135922 103.0 103.3 98.1 1 attack correct 0.00210809707642 
2019-03-29 23:15:16 0.0319457889642 8.99903194579 102.9 103.0 97.6 1 attack correct 0.00212502479553 
2019-03-29 23:15:26 0.0164569215876 5.03678606002 102.4 103.3 97.7 1 attack correct 0.00205492973328 
2019-03-29 23:15:36 0.0407371483996 10.7972841901 102.9 103.3 97.6 1 attack correct 0.002032995224 
2019-03-29 23:15:46 0.0504364694471 14.3132880698 102.7 103.1 97.9 1 attack correct 0.00202393531799 
2019-03-29 23:15:56 0.0232783705141 7.08050436469 103.2 103.1 98.1 1 attack correct 0.0027129650116 
2019-03-29 23:16:06 0.0271844660194 9.5786407767 103.3 103.1 97.9 1 attack correct 0.00201106071472 
2019-03-29 23:16:16 0.0464216634429 14.4245647969 101.7 103.0 97.4 1 attack correct 0.00267004966736 
2019-03-29 23:16:26 0.0513068731849 16.2381413359 102.9 103.4 97.6 1 attack correct 0.00173211097717 
2019-03-29 23:16:36 0.0416263310745 11.6611810261 103.3 103.3 97.4 1 attack correct 0.00260996818542 
2019-03-29 23:16:46 0.0272904483431 6.44834307992 102.9 103.3 97.8 1 attack correct 0.00180411338806 
2019-03-29 23:16:56 0.0405014464802 9.80135004822 102.8 102.6 97.3 1 attack correct 0.00224900245667 
2019-03-29 23:17:06 0.0405014464802 8.72902603664 102.8 103.7 98.2 1 attack correct 0.00224709510803 
2019-03-29 23:17:16 0.0297504798464 10.1026871401 102.8 103.7 98.4 1 attack correct 0.00241303443909 
2019-03-29 23:17:26 0.0310981535471 9.04373177843 103.0 104.2 98.3 1 attack correct 0.00250005722046 
2019-03-29 23:17:36 0.0251207729469 6.45314009662 102.8 102.9 97.6 1 attack correct 0.00230288505554 
2019-03-29 23:17:46 0.0233009708738 4.68252427184 102.6 103.5 97.9 1 attack correct 0.00200200080872 
2019-03-29 23:17:56 0.0261881668283 6.22211445199 102.4 103.0 97.5 1 attack correct 0.00306105613708 
2019-03-29 23:18:06 0.0107003891051 3.58560311284 102.3 103.1 97.4 1 attack correct 0.00216484069824 
2019-03-29 23:18:16 0.041586073501 13.829787234 103.1 102.8 98.0 1 attack correct 0.00216507911682 
