2019-03-29 21:19:13 0.948275862069 280.25862069 6.0 5.7 1.4 0 normal correct 0.000369071960449 
2019-03-29 21:19:23 1.0 290.383333333 5.7 5.8 1.5 0 normal correct 0.000169038772583 
2019-03-29 21:19:33 0.806451612903 220.5 5.4 6.0 1.5 0 normal correct 0.000229120254517 
2019-03-29 21:19:43 0.692307692308 206.492307692 5.4 6.2 1.5 0 normal correct 0.000298976898193 
2019-03-29 21:19:53 0.666666666667 163.483333333 5.8 6.5 1.5 0 normal correct 0.000372886657715 
2019-03-29 21:20:03 0.857142857143 262.342857143 5.4 6.0 1.5 0 normal correct 0.000372886657715 
2019-03-29 21:20:13 0.681818181818 223.439393939 5.9 7.0 1.5 0 normal correct 0.000190019607544 
2019-03-29 21:20:23 0.716666666667 170.716666667 6.0 6.6 1.5 0 normal correct 0.000370025634766 
2019-03-29 21:20:33 0.646153846154 145.892307692 4.7 6.0 1.4 0 normal correct 0.000202894210815 
2019-03-29 21:20:43 0.972222222222 261.875 5.2 6.5 1.4 0 normal correct 0.000401020050049 
2019-03-29 21:20:53 0.790322580645 274.419354839 5.6 7.2 1.5 0 normal correct 0.000378847122192 
2019-03-29 21:21:03 0.833333333333 215.116666667 5.4 6.2 1.4 0 normal correct 0.00019097328186 
2019-03-29 21:21:13 1.21739130435 324.608695652 5.4 6.0 1.5 0 normal correct 0.000493049621582 
2019-03-29 21:21:23 0.819672131148 192.147540984 5.7 6.9 1.5 0 normal correct 0.000156164169312 
2019-03-29 21:21:33 1.01515151515 288.424242424 6.0 6.1 1.4 0 normal correct 0.00040602684021 
2019-03-29 21:21:43 0.694915254237 236.949152542 6.1 6.6 1.5 0 normal correct 0.000372886657715 
2019-03-29 21:21:53 0.703125 233.34375 5.8 5.9 1.5 0 normal correct 0.000371932983398 
2019-03-29 21:22:03 0.515151515152 158.545454545 5.5 6.4 1.4 0 normal correct 0.00022292137146 
2019-03-29 21:22:13 0.677419354839 155.209677419 6.2 6.6 1.5 0 normal correct 0.000384092330933 
2019-03-29 21:22:23 0.725806451613 205.258064516 5.0 6.2 1.5 0 normal correct 0.00018310546875 
2019-03-29 21:22:33 1.07042253521 372.422535211 5.6 6.2 1.5 0 normal correct 0.000205993652344 
2019-03-29 21:22:43 0.403846153846 77.4230769231 5.5 7.1 1.5 0 normal correct 0.000305891036987 
2019-03-29 21:22:53 0.809523809524 189.206349206 5.5 5.2 1.4 0 normal correct 0.000371932983398 
2019-03-29 21:23:03 0.971014492754 244.710144928 5.9 6.3 1.5 0 normal correct 0.000352144241333 
2019-03-29 21:23:13 0.825396825397 237.698412698 6.2 6.9 1.4 0 normal correct 0.000207185745239 
2019-03-29 21:23:23 0.84126984127 179.396825397 5.5 6.3 1.5 0 normal correct 0.000324010848999 
2019-03-29 21:23:33 0.867647058824 241.073529412 5.6 6.3 1.4 0 normal correct 0.000679016113281 
2019-03-29 21:23:43 0.612903225806 136.35483871 5.9 6.8 1.5 0 normal correct 0.000392913818359 
2019-03-29 21:23:53 1.01538461538 240.769230769 5.5 6.2 1.5 0 normal correct 0.000414848327637 
2019-03-29 21:24:03 0.530303030303 135.393939394 4.8 6.5 1.4 0 normal correct 0.000197887420654 
2019-03-29 21:24:13 1.19117647059 294.411764706 6.2 6.6 1.5 0 normal correct 0.000297069549561 
2019-03-29 21:24:23 0.8 264.283333333 6.1 6.8 1.5 0 normal correct 0.000384092330933 
2019-03-29 21:24:33 0.630769230769 184.061538462 5.8 6.0 1.5 0 normal correct 0.000339984893799 
2019-03-29 21:24:43 0.746031746032 196.079365079 5.4 6.5 1.3 0 normal correct 0.000245094299316 
2019-03-29 21:24:53 0.833333333333 262.283333333 5.4 6.3 1.5 0 normal correct 0.000303983688354 
2019-03-29 21:25:03 0.578125 188.96875 5.5 6.0 1.5 0 normal correct 0.000213146209717 
2019-03-29 21:25:13 0.819672131148 200.901639344 5.9 6.4 1.5 0 normal correct 0.000208139419556 
2019-03-29 21:25:23 0.983333333333 259.733333333 5.5 6.1 1.5 0 normal correct 0.00018310546875 
2019-03-29 21:25:33 0.701492537313 205.179104478 5.3 6.0 1.4 0 normal correct 0.000223875045776 
2019-03-29 21:25:43 0.704225352113 184.464788732 5.9 6.7 1.5 0 normal correct 0.000308036804199 
2019-03-29 21:25:53 0.584905660377 161.037735849 6.2 7.1 1.5 0 normal correct 0.000237941741943 
2019-03-29 21:26:03 0.790322580645 201.677419355 4.9 5.3 1.3 0 normal correct 0.000409126281738 
2019-03-29 21:26:13 1.04285714286 312.0 5.8 6.2 1.5 0 normal correct 0.00019097328186 
2019-03-29 21:26:23 0.915492957746 263.633802817 6.7 7.0 1.5 0 normal correct 0.00021505355835 
2019-03-29 21:26:33 0.876923076923 244.907692308 5.6 7.1 1.4 0 normal correct 0.000244855880737 
2019-03-29 21:26:43 0.587301587302 104.476190476 6.2 6.5 1.5 0 normal correct 0.000182151794434 
2019-03-29 21:26:53 0.955223880597 285.388059701 5.4 6.3 1.5 0 normal correct 0.000239849090576 
2019-03-29 21:27:03 1.0 261.873015873 6.2 6.7 1.5 0 normal correct 0.000241041183472 
2019-03-29 21:27:13 0.84375 235.546875 4.8 6.3 1.5 0 normal correct 0.000184059143066 
2019-03-29 21:27:23 0.796875 251.984375 6.0 6.4 1.5 0 normal correct 0.000297069549561 
2019-03-29 21:27:33 0.725806451613 208.241935484 5.5 6.4 1.5 0 normal correct 0.000356912612915 
2019-03-29 21:27:43 0.714285714286 290.771428571 5.7 6.2 1.4 0 normal correct 0.000363111495972 
2019-03-29 21:27:53 0.869565217391 253.188405797 5.3 7.0 1.5 0 normal correct 0.000365018844604 
2019-03-29 21:28:03 0.84375 288.109375 5.8 6.9 1.5 0 normal correct 0.000197887420654 
2019-03-29 21:28:13 0.677966101695 147.677966102 6.0 6.4 1.5 0 normal correct 0.000284910202026 
2019-03-29 21:28:23 0.753846153846 179.292307692 5.9 5.9 1.5 0 normal correct 0.000234842300415 
2019-03-29 21:28:33 0.730158730159 187.365079365 5.3 6.5 1.4 0 normal correct 0.000360012054443 
2019-03-29 21:28:43 0.661290322581 199.5 5.7 6.3 1.5 0 normal correct 0.000354051589966 
2019-03-29 21:28:53 0.68115942029 210.927536232 5.6 6.2 1.4 0 normal correct 0.000346899032593 
2019-03-29 21:29:03 0.815384615385 260.815384615 5.4 6.9 1.5 0 normal correct 0.000267028808594 
2019-03-29 21:29:13 0.625 113.946428571 5.5 6.5 1.5 0 normal correct 0.000462055206299 
2019-03-29 21:29:23 0.881355932203 243.084745763 5.9 5.6 1.5 0 normal correct 0.000249862670898 
2019-03-29 21:29:33 0.587301587302 164.777777778 5.9 5.9 1.5 0 normal correct 0.00025486946106 
2019-03-29 21:29:43 1.19718309859 260.704225352 6.1 6.3 1.5 0 normal correct 0.000267028808594 
2019-03-29 21:29:53 0.714285714286 182.0 5.4 7.1 1.5 0 normal correct 0.000317096710205 
2019-03-29 21:30:03 0.671875 192.40625 5.6 6.3 1.5 0 normal correct 0.000189065933228 
2019-03-29 21:30:13 0.838235294118 251.794117647 6.0 6.4 1.5 0 normal correct 0.000258922576904 
2019-03-29 21:30:23 1.04838709677 213.774193548 5.6 6.8 1.5 0 normal correct 0.000239133834839 
2019-03-29 21:30:33 0.986301369863 320.739726027 5.4 6.2 1.5 0 normal correct 0.000181913375854 
2019-03-29 21:30:43 1.15625 283.328125 6.1 7.3 1.5 0 normal correct 0.00019097328186 
2019-03-29 21:30:53 1.109375 246.75 5.2 6.4 1.5 0 normal correct 0.000207901000977 
2019-03-29 21:31:03 0.887096774194 248.822580645 6.0 6.4 1.5 0 normal correct 0.000155925750732 
2019-03-29 21:31:13 0.794117647059 240.617647059 5.2 6.2 1.5 0 normal correct 0.000307083129883 
2019-03-29 21:31:23 0.724137931034 202.931034483 5.2 6.8 1.4 0 normal correct 0.000221014022827 
2019-03-29 21:31:33 0.955223880597 327.104477612 5.2 5.8 1.3 0 normal correct 0.000210046768188 
2019-03-29 21:31:43 0.746031746032 218.428571429 5.7 6.7 1.5 0 normal correct 0.000201940536499 
2019-03-29 21:31:53 0.71875 158.953125 6.0 6.3 1.5 0 normal correct 0.000332117080688 
2019-03-29 21:32:03 0.55737704918 155.786885246 5.8 6.4 1.5 0 normal correct 0.000189065933228 
2019-03-29 21:32:13 0.753846153846 234.738461538 5.9 6.1 1.5 0 normal correct 0.000220060348511 
2019-03-29 21:32:23 0.969230769231 204.507692308 6.3 6.5 1.5 0 normal correct 0.000185012817383 
2019-03-29 21:32:33 0.786885245902 170.62295082 5.5 6.5 1.5 0 normal correct 0.0002281665802 
2019-03-29 21:32:43 0.957142857143 317.528571429 5.7 6.1 1.5 0 normal correct 0.000371932983398 
2019-03-29 21:32:53 1.14754098361 370.475409836 5.7 7.0 1.5 0 normal correct 0.000284910202026 
2019-03-29 21:33:03 0.892307692308 186.153846154 5.8 6.1 1.5 0 normal correct 0.00037693977356 
2019-03-29 21:33:13 0.728813559322 164.254237288 6.2 6.5 1.5 0 normal correct 0.000431060791016 
2019-03-29 21:33:23 0.833333333333 188.444444444 5.4 5.9 1.4 0 normal correct 0.000378131866455 
2019-03-29 21:33:33 0.688524590164 157.0 5.7 7.2 1.5 0 normal correct 0.000372171401978 
2019-03-29 21:33:43 0.707692307692 282.369230769 5.8 6.1 1.5 0 normal correct 0.00037407875061 
2019-03-29 21:33:53 0.746268656716 229.611940299 5.6 6.5 1.5 0 normal correct 0.000209093093872 
2019-03-29 21:34:03 0.777777777778 262.746031746 5.5 6.7 1.4 0 normal correct 0.000197172164917 
2019-03-29 21:34:13 0.371428571429 86.0714285714 6.6 6.3 1.5 0 normal correct 0.000425100326538 
2019-03-29 21:34:23 0.824561403509 214.947368421 6.0 7.0 1.5 0 normal correct 0.000359058380127 
2019-03-29 21:34:33 0.609375 160.09375 5.7 5.7 1.5 0 normal correct 0.000370025634766 
2019-03-29 21:34:43 0.833333333333 216.383333333 5.4 6.4 1.4 0 normal correct 0.000435829162598 
2019-03-29 21:34:53 0.951612903226 251.629032258 5.4 6.0 1.5 0 normal correct 0.000164031982422 
2019-03-29 21:35:03 0.484375 88.0 5.8 6.2 1.5 0 normal correct 0.000177145004272 
2019-03-29 21:35:13 0.666666666667 183.409090909 5.6 6.4 1.5 0 normal correct 0.000171899795532 
2019-03-29 21:35:23 0.6875 138.671875 5.8 6.6 1.5 0 normal correct 0.000283002853394 
2019-03-29 21:35:33 1.15254237288 307.355932203 5.5 6.4 1.5 0 normal correct 0.000286102294922 
2019-03-29 21:35:43 0.915254237288 247.254237288 5.7 5.9 1.5 0 normal correct 0.000298023223877 
2019-03-29 21:45:34 0.132450331126 46.7350993377 5.3 6.2 1.4 1 normal wrong 0.000203847885132 
2019-03-29 21:45:44 0.0476653696498 12.7003891051 30.0 30.2 25.4 1 normal wrong 0.000154972076416 
2019-03-29 21:45:54 0.0533462657614 12.1745877789 101.8 102.8 97.0 1 attack correct 0.000152111053467 
2019-03-29 21:46:04 0.0357487922705 6.88405797101 102.3 103.1 98.1 1 attack correct 0.000166177749634 
2019-03-29 21:46:14 0.0398058252427 11.967961165 102.2 103.5 98.0 1 attack correct 0.000172853469849 
2019-03-29 21:46:24 0.0387596899225 11.7567829457 102.6 103.0 97.8 1 attack correct 0.000152111053467 
2019-03-29 21:46:34 0.0334608030593 8.57265774379 103.4 103.2 97.7 1 attack correct 0.000236988067627 
2019-03-29 21:46:44 0.030303030303 11.1397849462 103.4 104.6 98.1 1 attack correct 0.000186920166016 
2019-03-29 21:46:54 0.0358874878758 7.52279340446 102.9 102.3 98.0 1 attack correct 0.000288009643555 
2019-03-29 21:47:04 0.0464666021297 9.22265246854 102.6 103.1 97.1 1 attack correct 0.000214099884033 
2019-03-29 21:47:14 0.051010587103 16.0471607315 103.2 103.3 97.5 1 attack correct 0.000164985656738 
2019-03-29 21:47:24 0.0336538461538 8.73076923077 102.8 103.9 98.2 1 attack correct 0.000195026397705 
2019-03-29 21:47:34 0.0434782608696 10.1913043478 103.2 104.0 98.2 1 attack correct 0.000189065933228 
2019-03-29 21:47:44 0.0308582449373 8.77242044359 102.6 103.5 97.5 1 attack correct 0.000167846679688 
2019-03-29 21:47:54 0.0358180058083 10.8906098742 102.4 103.7 97.8 1 attack correct 0.000160932540894 
2019-03-29 21:48:04 0.031067961165 11.8330097087 102.7 103.3 97.6 1 attack correct 0.000174999237061 
2019-03-29 21:48:14 0.0401913875598 12.8373205742 102.7 103.0 97.5 1 attack correct 0.00023889541626 
2019-03-29 21:48:24 0.015518913676 4.05140640155 103.4 104.5 98.1 1 attack correct 0.00016188621521 
2019-03-29 21:48:34 0.0281553398058 7.87766990291 102.0 103.1 97.8 1 attack correct 0.000163078308105 
2019-03-29 21:48:44 0.0376811594203 8.46763285024 102.5 103.0 98.4 1 attack correct 0.000212907791138 
2019-03-29 21:48:54 0.0444444444444 11.361352657 102.9 103.5 97.7 1 attack correct 0.000195980072021 
2019-03-29 21:49:04 0.0445304937076 12.9593417231 102.2 103.5 97.3 1 attack correct 0.000209093093872 
2019-03-29 21:49:14 0.0282926829268 6.26829268293 102.7 103.3 97.4 1 attack correct 0.000251054763794 
2019-03-29 21:49:24 0.0126459143969 2.82392996109 101.7 102.5 97.3 1 attack correct 0.000214815139771 
2019-03-29 21:49:34 0.0380487804878 8.91024390244 102.7 102.8 97.4 1 attack correct 0.000231027603149 
2019-03-29 21:49:44 0.04 12.2097560976 101.7 102.5 97.2 1 attack correct 0.000142097473145 
2019-03-29 21:49:54 0.0425943852856 13.334946757 101.9 102.5 97.0 1 attack correct 0.000209093093872 
2019-03-29 21:50:04 0.016699410609 5.61394891945 102.7 103.3 97.7 1 attack correct 0.000195026397705 
2019-03-29 21:50:14 0.0396518375242 9.29013539652 102.1 101.8 97.4 1 attack correct 0.000190019607544 
2019-03-29 21:50:24 0.0300678952473 6.5315227934 102.5 103.4 97.1 1 attack correct 0.000164031982422 
2019-03-29 21:50:34 0.0375360923965 7.0635226179 102.8 103.1 97.4 1 attack correct 0.000277996063232 
2019-03-29 21:50:44 0.0250965250965 8.06756756757 102.9 103.9 97.7 1 attack correct 0.000164985656738 
2019-03-29 21:50:54 0.0415057915058 12.6882239382 103.4 103.6 98.2 1 attack correct 0.00021505355835 
2019-03-29 21:51:04 0.0249759846302 8.83285302594 102.3 103.6 97.2 1 attack correct 0.000153064727783 
2019-03-29 21:51:14 0.046511627907 9.03003875969 103.4 104.1 97.6 1 attack correct 0.000164031982422 
2019-03-29 21:51:24 0.0330097087379 8.9427184466 102.0 103.2 98.1 1 attack correct 0.00022292137146 
2019-03-29 21:51:34 0.0308582449373 9.56509161041 102.5 103.0 97.9 1 attack correct 0.000168085098267 
2019-03-29 21:51:44 0.0165048543689 2.61941747573 103.0 103.7 98.0 1 attack correct 0.000174045562744 
2019-03-29 21:51:54 0.026137463698 9.16263310745 102.5 103.0 98.2 1 attack correct 0.000231027603149 
2019-03-29 21:52:04 0.0329138431752 6.94094869313 103.2 103.3 97.7 1 attack correct 0.000221967697144 
2019-03-29 21:52:14 0.03961352657 9.07246376812 101.9 103.3 97.9 1 attack correct 0.000180959701538 
2019-03-29 21:52:24 0.030888030888 6.52895752896 102.5 103.5 97.8 1 attack correct 0.000159025192261 
2019-03-29 21:52:34 0.0366795366795 12.2905405405 103.1 103.6 98.2 1 attack correct 0.000162124633789 
2019-03-29 21:52:44 0.037037037037 8.62280701754 103.2 103.6 98.0 1 attack correct 0.000163793563843 
2019-03-29 21:52:54 0.0389863547758 8.61403508772 102.4 102.6 97.4 1 attack correct 0.000162124633789 
2019-03-29 21:53:04 0.0260869565217 8.55652173913 102.1 102.6 97.9 1 attack correct 0.000176906585693 
2019-03-29 21:53:14 0.0391595033429 12.8634192932 103.0 103.5 98.4 1 attack correct 0.00016713142395 
2019-03-29 21:53:24 0.0289296046287 9.21022179364 103.1 104.7 97.9 1 attack correct 0.000164985656738 
2019-03-29 21:53:34 0.0357142857143 6.638996139 103.0 103.7 97.9 1 attack correct 0.000180006027222 
2019-03-29 21:53:44 0.0406582768635 10.4385285576 102.8 103.6 98.1 1 attack correct 0.000159025192261 
2019-03-29 21:53:54 0.0299516908213 7.9961352657 102.6 103.3 97.9 1 attack correct 0.000165224075317 
2019-03-29 21:54:04 0.0425120772947 11.6367149758 102.8 103.5 98.1 1 attack correct 0.000158071517944 
2019-03-29 21:54:14 0.0385728061716 12.1195756991 102.6 103.5 98.3 1 attack correct 0.000159025192261 
2019-03-29 21:54:24 0.0290697674419 7.93895348837 101.9 103.7 97.7 1 attack correct 0.000197887420654 
2019-03-29 21:54:34 0.0155642023346 4.96498054475 102.5 103.2 97.9 1 attack correct 0.000324010848999 
2019-03-29 21:54:44 0.0446168768186 14.1474296799 102.8 102.8 97.9 1 attack correct 0.00025486946106 
2019-03-29 21:54:54 0.0412272291467 13.1236816874 102.7 103.1 97.7 1 attack correct 0.000190019607544 
2019-03-29 21:55:04 0.0344827586207 12.2490421456 103.1 104.3 98.0 1 attack correct 0.000164985656738 
2019-03-29 21:55:14 0.0469348659004 13.5909961686 104.4 104.4 98.8 1 attack correct 0.0001540184021 
2019-03-29 21:55:24 0.0413461538462 11.7432692308 102.8 104.4 98.3 1 attack correct 0.000188827514648 
2019-03-29 21:55:34 0.0298651252408 5.93159922929 103.3 104.0 98.8 1 attack correct 0.000194072723389 
2019-03-29 21:55:44 0.0444444444444 11.0173913043 103.4 103.8 97.8 1 attack correct 0.000166893005371 
2019-03-29 21:55:54 0.0251450676983 5.57156673114 102.9 103.5 98.4 1 attack correct 0.000180006027222 
2019-03-29 21:56:04 0.0321011673152 9.92704280156 103.2 103.4 97.8 1 attack correct 0.000169038772583 
2019-03-29 21:56:14 0.0348499515973 9.9651500484 102.6 102.8 98.2 1 attack correct 0.000175952911377 
2019-03-29 21:56:24 0.0272108843537 9.32847424684 102.2 103.3 97.7 1 attack correct 0.000279903411865 
2019-03-29 21:56:34 0.0398832684825 9.81225680934 102.5 102.9 97.3 1 attack correct 0.000195026397705 
2019-03-29 21:56:44 0.0520732883317 17.2835101254 102.9 102.8 97.9 1 attack correct 0.000185966491699 
2019-03-29 21:56:54 0.0480307396734 13.525456292 102.8 103.7 97.9 1 attack correct 0.000207901000977 
2019-03-29 21:57:04 0.0473887814313 10.3849129594 103.2 104.1 97.7 1 attack correct 0.000165939331055 
2019-03-29 21:57:14 0.0300387596899 7.64050387597 102.4 103.4 97.4 1 attack correct 0.000166177749634 
2019-03-29 21:57:24 0.0271580989331 9.5101842871 102.7 103.2 97.3 1 attack correct 0.000181913375854 
2019-03-29 21:57:34 0.0377541142304 11.1219748306 102.5 103.1 97.7 1 attack correct 0.00026798248291 
2019-03-29 21:57:44 0.0335249042146 7.34291187739 102.7 103.3 98.1 1 attack correct 0.000174045562744 
2019-03-29 21:57:54 0.0436893203883 6.34563106796 103.8 104.4 98.3 1 attack correct 0.000195980072021 
2019-03-29 21:58:04 0.0444444444444 11.1169082126 102.0 103.0 97.1 1 attack correct 0.000261068344116 
2019-03-29 21:58:14 0.0436893203883 9.61262135922 102.1 103.5 97.9 1 attack correct 0.000190019607544 
2019-03-29 21:58:24 0.0340798442064 7.90555014606 102.7 103.0 98.3 1 attack correct 0.000167846679688 
2019-03-29 21:58:34 0.0396518375242 9.26789168279 103.3 102.7 97.4 1 attack correct 0.0001540184021 
2019-03-29 21:58:44 0.0599033816425 11.9024154589 102.7 103.4 97.8 1 attack correct 0.000175952911377 
2019-03-29 21:58:54 0.0481695568401 14.5741811175 102.3 103.5 97.9 1 attack correct 0.000272989273071 
2019-03-29 21:59:04 0.0253658536585 3.34243902439 103.2 103.8 97.8 1 attack correct 0.000188827514648 
2019-03-29 21:59:14 0.0204479065239 4.93476144109 102.5 102.5 97.9 1 attack correct 0.000188112258911 
2019-03-29 21:59:24 0.0376811594203 7.57101449275 102.6 102.7 97.6 1 attack correct 0.000178098678589 
2019-03-29 21:59:34 0.0492753623188 14.7768115942 102.4 103.5 98.0 1 attack correct 0.000157833099365 
2019-03-29 21:59:44 0.0463768115942 10.5429951691 102.7 103.5 97.9 1 attack correct 0.000184059143066 
2019-03-29 21:59:54 0.0386473429952 11.9990338164 103.0 103.5 98.0 1 attack correct 0.000193119049072 
2019-03-29 22:00:04 0.0377176015474 10.4487427466 102.6 103.5 98.3 1 attack correct 0.00021505355835 
2019-03-29 22:00:14 0.0396518375242 11.2166344294 103.1 103.4 97.8 1 attack correct 0.000180006027222 
2019-03-29 22:00:24 0.0359922178988 9.25194552529 103.2 103.4 97.9 1 attack correct 0.000482082366943 
2019-03-29 22:00:34 0.0470249520154 10.1986564299 102.3 102.8 97.7 1 attack correct 0.00018310546875 
2019-03-29 22:00:44 0.0330097087379 6.86213592233 102.9 104.2 98.3 1 attack correct 0.00016188621521 
2019-03-29 22:00:54 0.0498084291188 15.4568965517 103.2 103.0 98.5 1 attack correct 0.000163078308105 
2019-03-29 22:01:04 0.0337512054002 9.55544840887 102.9 104.4 97.9 1 attack correct 0.000159978866577 
2019-03-29 22:01:14 0.0376084860174 12.3027965284 103.1 103.7 98.3 1 attack correct 0.000171184539795 
2019-03-29 22:01:24 0.0394610202117 11.7449470645 102.7 103.7 97.5 1 attack correct 0.000227928161621 
