2019-03-08 00:00:01 0.5 150.625 3.4 3.2 1.4 0
2019-03-08 00:00:11 0.939393939394 255.454545455 1.8 1.6 0.8 0
2019-03-08 00:00:21 0.696428571429 206.339285714 6.3 6.6 1.4 0
2019-03-08 00:00:31 0.941176470588 377.308823529 5.2 5.6 1.5 0
2019-03-08 00:00:41 0.931034482759 275.465517241 5.7 6.8 1.5 0
2019-03-08 00:00:51 0.626865671642 158.194029851 5.0 5.8 1.4 0
2019-03-08 00:01:01 0.823529411765 270.485294118 6.0 6.7 1.5 0
2019-03-08 00:01:11 0.939393939394 214.909090909 5.2 6.8 1.5 0
2019-03-08 00:01:21 1.10606060606 354.818181818 5.8 6.6 1.5 0
2019-03-08 00:01:31 0.734375 192.375 5.8 6.6 1.5 0
2019-03-08 00:01:41 0.777777777778 161.46031746 5.6 6.4 1.5 0
2019-03-08 00:01:51 0.723076923077 194.076923077 6.0 6.3 1.4 0
2019-03-08 00:02:01 0.731343283582 193.28358209 6.0 6.5 1.5 0
2019-03-08 00:02:11 0.793103448276 210.655172414 5.9 6.7 1.4 0
2019-03-08 00:02:21 0.380952380952 136.380952381 5.5 5.8 1.4 0
2019-03-08 00:02:51 0.622950819672 178.442622951 3.8 3.1 1.4 0
2019-03-08 00:03:01 0.254237288136 61.1186440678 5.7 6.1 1.5 0
2019-03-08 00:03:11 0.8 295.833333333 6.0 5.9 1.5 0
2019-03-08 00:03:21 0.814285714286 217.657142857 5.7 6.0 1.5 0
2019-03-08 00:03:31 0.671875 160.203125 5.7 7.0 1.5 0
2019-03-08 00:03:41 0.763636363636 201.418181818 5.7 6.4 1.4 0
2019-03-08 00:03:51 0.689655172414 191.24137931 5.5 5.5 1.5 0
2019-03-08 00:04:01 0.806451612903 170.241935484 5.0 5.8 1.4 0
2019-03-08 00:04:11 0.907692307692 304.092307692 5.7 6.2 1.5 0
2019-03-08 00:04:21 0.830508474576 217.830508475 5.7 6.5 1.5 0
2019-03-08 00:04:31 0.822580645161 223.241935484 5.7 5.9 1.5 0
2019-03-08 00:04:41 0.698412698413 209.031746032 5.6 6.2 1.5 0
2019-03-08 00:04:51 0.797101449275 236.246376812 5.4 6.3 1.5 0
2019-03-08 00:05:22 0.666666666667 191.579710145 5.4 6.2 1.5 0
2019-03-08 09:57:00 0.890625 209.671875 6.1 6.2 1.5 0
2019-03-08 09:57:10 0.603174603175 140.444444444 5.5 6.4 1.5 0
2019-03-08 09:57:20 0.753623188406 212.724637681 5.9 6.3 1.4 0
2019-03-08 09:57:30 0.553846153846 160.030769231 5.8 6.9 1.5 0
2019-03-08 09:57:40 0.646153846154 130.323076923 5.5 6.5 1.4 0
2019-03-08 09:57:50 0.666666666667 195.385964912 6.1 6.5 1.5 0
2019-03-08 09:58:00 0.825396825397 247.206349206 5.6 5.7 1.5 0
2019-03-08 09:58:10 0.786885245902 169.901639344 5.2 6.3 1.4 0
2019-03-08 09:58:20 0.698412698413 202.492063492 5.8 6.1 1.4 0
2019-03-08 09:58:30 0.688524590164 196.983606557 6.0 6.3 1.5 0
2019-03-08 09:58:40 0.737704918033 188.475409836 5.5 6.1 1.5 0
2019-03-08 09:58:50 1.12857142857 265.085714286 5.8 6.1 1.4 0
2019-03-08 09:59:00 0.815384615385 243.646153846 6.2 7.0 1.5 0
2019-03-08 09:59:10 1.01333333333 301.4 4.8 6.5 1.4 0
2019-03-08 09:59:20 0.985714285714 308.914285714 5.8 7.5 1.4 0
2019-03-08 09:59:30 0.938461538462 217.584615385 5.3 7.0 1.5 0
2019-03-08 09:59:40 0.782608695652 242.956521739 5.6 6.5 1.5 0
2019-03-08 09:59:50 0.954545454545 270.803030303 5.7 6.9 1.5 0
2019-03-08 10:00:00 0.383333333333 123.6 5.5 6.6 1.5 0
2019-03-08 10:00:10 0.723076923077 229.046153846 5.6 6.0 1.5 0
2019-03-08 10:00:20 0.87037037037 306.796296296 5.9 6.5 1.5 0
2019-03-08 10:00:30 1.03278688525 271.754098361 5.3 5.4 1.5 0
2019-03-08 10:00:40 0.704918032787 161.213114754 5.5 6.1 1.5 0
2019-03-08 10:00:50 0.911764705882 299.426470588 4.8 6.1 1.5 0
2019-03-08 10:01:00 0.707692307692 181.8 6.8 6.8 1.5 0
2019-03-08 10:01:10 0.59649122807 164.403508772 5.8 6.5 1.5 0
2019-03-08 10:01:20 0.661290322581 185.774193548 5.7 5.7 1.5 0
2019-03-08 10:01:30 0.954545454545 315.545454545 5.4 6.2 1.5 0
2019-03-08 10:01:40 0.406779661017 144.203389831 6.0 6.6 1.5 0
2019-03-08 10:01:50 0.475409836066 98.0655737705 5.4 5.9 1.5 0
2019-03-08 10:02:00 0.707692307692 160.476923077 5.8 6.1 1.5 0
2019-03-08 10:02:10 1.08219178082 331.794520548 6.5 6.5 1.5 0
2019-03-08 10:02:20 0.924242424242 217.909090909 6.6 7.3 1.5 0
2019-03-08 10:02:30 0.859649122807 243.157894737 5.5 6.6 1.5 0
2019-03-08 10:02:40 0.612903225806 177.016129032 5.8 5.7 1.5 0
2019-03-08 10:02:50 0.730158730159 148.253968254 5.9 6.2 1.5 0
2019-03-08 10:03:00 0.878787878788 225.818181818 5.5 6.3 1.5 0
2019-03-08 10:03:10 0.793650793651 279.952380952 5.7 6.6 1.3 0
2019-03-08 10:03:20 0.768115942029 207.028985507 5.3 6.3 1.5 0
2019-03-08 10:03:30 0.859375 279.65625 6.2 6.9 1.5 0
2019-03-08 10:03:40 0.90625 232.296875 5.1 6.4 1.4 0
2019-03-08 10:03:50 1.0 249.328125 5.5 6.4 1.5 0
2019-03-08 10:04:00 0.766666666667 250.0 5.3 6.4 1.5 0
2019-03-08 10:04:10 1.06060606061 200.075757576 6.0 6.0 1.4 0
2019-03-08 10:04:20 0.578947368421 176.684210526 5.8 6.6 1.5 0
2019-03-08 10:04:30 0.661016949153 125.288135593 5.7 5.7 1.5 0
2019-03-08 10:04:40 0.71186440678 185.372881356 5.5 5.9 1.5 0
2019-03-08 10:04:50 0.709677419355 182.129032258 5.1 5.9 1.5 0
2019-03-08 10:05:00 1.16666666667 177.166666667 5.4 6.2 1.5 0
2019-03-08 10:05:10 1.01587301587 286.079365079 6.0 6.6 1.5 0
2019-03-08 10:05:20 0.893939393939 186.984848485 4.9 6.3 1.5 0
2019-03-08 10:05:30 0.769230769231 217.276923077 5.7 6.6 1.5 0
2019-03-08 10:05:40 0.753623188406 229.391304348 5.5 6.5 1.5 0
2019-03-08 10:05:50 0.516666666667 198.283333333 6.4 6.9 1.5 0
2019-03-08 10:06:00 0.587301587302 154.936507937 5.6 6.0 1.4 0
2019-03-08 10:06:10 0.435483870968 140.129032258 5.4 6.3 1.5 0
2019-03-08 10:06:20 0.327868852459 128.737704918 5.2 6.2 1.5 0
2019-03-08 10:06:30 0.636363636364 178.151515152 4.9 6.1 1.4 0
2019-03-08 10:06:40 0.707692307692 219.169230769 5.5 6.6 1.5 0
2019-03-08 10:06:50 0.923076923077 295.646153846 5.5 6.5 1.5 0
2019-03-08 10:07:00 0.707692307692 206.861538462 5.6 6.5 1.5 0
2019-03-08 10:07:10 0.90625 199.359375 6.4 6.5 1.4 0
2019-03-08 10:07:20 0.91935483871 254.838709677 5.8 6.4 1.4 0
2019-03-08 10:07:30 1.14864864865 381.662162162 5.4 6.2 1.4 0
2019-03-08 10:07:40 0.661016949153 135.559322034 6.3 7.4 1.5 0
2019-03-08 10:07:50 0.574074074074 210.962962963 5.4 5.9 1.4 0
2019-03-08 10:08:00 0.741935483871 221.806451613 5.0 5.4 1.4 0
2019-03-08 10:08:10 1.01388888889 281.583333333 5.4 6.2 1.4 0
2019-03-08 10:08:20 0.651515151515 191.272727273 6.9 7.2 1.5 0
2019-03-08 10:08:30 0.769230769231 252.769230769 5.5 6.6 1.5 0
2019-03-08 10:08:40 0.614035087719 205.473684211 6.2 6.5 1.4 0
2019-03-22 09:26:32 0.0361881785283 6.30398069964 83.7 84.0 78.8 1
2019-03-22 09:26:42 0.0365997638725 8.04132231405 82.9 82.9 78.2 1
2019-03-22 09:26:52 0.0421545667447 14.0245901639 84.5 84.7 79.3 1
2019-03-22 09:27:02 0.0295159386068 8.87249114522 83.7 85.4 79.5 1
2019-03-22 09:27:12 0.0248226950355 6.42080378251 84.1 84.7 79.4 1
2019-03-22 09:27:22 0.0249110320285 7.68801897983 83.8 84.6 79.6 1
2019-03-22 09:27:32 0.0329024676851 10.5064629847 83.6 84.3 79.5 1
2019-03-22 09:27:42 0.0599294947121 13.0564042303 84.1 85.1 79.7 1
2019-03-22 09:27:52 0.0291715285881 10.6429404901 84.4 85.1 79.6 1
2019-03-22 09:28:02 0.0295508274232 3.45862884161 84.8 85.7 80.5 1
2019-03-22 09:28:12 0.0535714285714 13.8785714286 83.9 84.6 79.5 1
2019-03-22 09:28:22 0.0249702734839 6.06658739596 83.4 84.0 79.3 1
2019-03-22 09:28:32 0.0237247924081 4.37366548043 84.4 84.1 79.7 1
2019-03-22 09:28:42 0.0424028268551 9.3839811543 84.8 84.3 79.6 1
2019-03-22 09:28:52 0.0480656506448 9.09495896835 84.8 84.9 79.5 1
2019-03-22 09:29:02 0.0342789598109 9.67966903073 84.2 85.3 79.1 1
2019-03-22 09:29:12 0.0330188679245 12.1839622642 84.7 84.6 79.5 1
2019-03-22 09:29:22 0.0504103165299 7.50996483001 84.2 84.8 79.6 1
2019-03-22 09:29:32 0.0524475524476 14.1468531469 83.6 85.3 79.6 1
2019-03-22 09:29:42 0.0521945432977 10.1767497034 84.5 85.8 79.6 1
2019-03-22 09:29:52 0.0261904761905 4.39880952381 83.9 84.3 79.4 1
2019-03-22 09:30:02 0.0508875739645 12.6840236686 83.4 84.0 79.3 1
2019-03-22 09:30:12 0.0448113207547 12.2441037736 83.7 84.5 79.8 1
2019-03-22 09:30:22 0.0552941176471 11.7329411765 83.7 84.8 79.2 1
2019-03-22 09:30:32 0.0574443141852 12.7995310668 84.4 85.0 79.7 1
2019-03-22 09:30:42 0.0235294117647 4.88235294118 83.8 85.3 79.2 1
2019-03-22 09:30:52 0.0480656506448 13.939038687 84.6 85.0 79.7 1
2019-03-22 09:31:02 0.0295857988166 5.01893491124 84.7 85.3 79.6 1
2019-03-22 09:31:12 0.0402366863905 13.0710059172 84.5 84.5 79.7 1
2019-03-22 09:31:22 0.026159334126 6.60998810939 84.5 84.5 79.3 1
2019-03-22 09:31:32 0.0297973778308 4.98808104887 84.0 84.1 79.7 1
2019-03-22 09:31:42 0.0177095631641 7.33412042503 83.9 83.9 79.2 1
2019-03-22 09:31:52 0.0308422301305 9.15539739027 84.3 84.7 79.5 1
2019-03-22 09:32:02 0.0339393939394 10.1660606061 83.5 84.3 79.3 1
2019-03-22 09:32:12 0.0520094562648 9.75650118203 81.8 82.5 77.8 1
2019-03-22 09:32:22 0.067615658363 16.6903914591 83.8 84.6 79.4 1
2019-03-22 09:32:32 0.0344827586207 10.0023781213 83.6 84.3 79.3 1
2019-03-22 09:32:42 0.0352112676056 8.96009389671 83.2 84.1 79.5 1
2019-03-22 09:32:52 0.0376028202115 9.54994124559 85.1 85.2 80.1 1
2019-03-22 09:33:02 0.0458823529412 12.4011764706 84.5 85.1 79.5 1
2019-03-22 09:33:12 0.0189125295508 6.25059101655 85.2 85.0 79.5 1
2019-03-22 09:33:22 0.0387779083431 13.0799059929 83.8 84.6 79.4 1
2019-03-22 09:33:32 0.0543093270366 19.4203069658 84.9 85.1 79.5 1
2019-03-22 09:33:42 0.0403321470937 10.2277580071 84.0 84.7 79.3 1
2019-03-22 09:33:52 0.0380952380952 8.85357142857 84.0 84.3 79.3 1
2019-03-22 09:34:02 0.0408163265306 9.04801920768 83.8 84.0 79.0 1
2019-03-22 09:34:12 0.0378250591017 10.81678487 82.5 83.3 78.5 1
2019-03-22 09:34:22 0.065011820331 11.0106382979 83.9 84.6 78.8 1
2019-03-22 09:34:32 0.0486358244365 12.1672597865 83.1 84.6 79.3 1
2019-03-22 09:34:42 0.0354609929078 6.91607565012 84.9 84.3 79.1 1
2019-03-22 09:12:12 0.0109489051095 1.5031282586 190.7 191.0 184.0 1
2019-03-22 09:12:22 0.00834202294056 1.63868613139 190.9 191.8 184.5 1
2019-03-22 09:12:32 0.00571428571429 1.48727272727 191.4 191.8 184.0 1
2019-03-22 09:12:42 0.00523012552301 1.51830543933 191.1 192.5 184.4 1
2019-03-22 09:12:52 0.00677436164669 2.12610734758 189.7 191.2 183.6 1
2019-03-22 09:13:02 0.00468262226847 1.10978147763 191.4 191.9 184.7 1
2019-03-22 09:13:12 0.0041819132253 0.954521693675 191.8 192.2 185.4 1
2019-03-22 09:13:22 0.00939947780679 2.56449086162 191.0 191.3 184.1 1
2019-03-22 09:13:32 0.00520833333333 1.02552083333 190.0 191.5 183.5 1
2019-03-22 09:13:42 0.00471451021477 0.887375589314 191.5 192.0 184.8 1
2019-03-22 09:13:52 0.00629260618773 1.65810173047 190.2 190.9 183.6 1
2019-03-22 09:14:02 0.00730688935282 0.791231732777 190.3 190.7 184.6 1
2019-03-22 09:14:12 0.0109660574413 3.63133159269 190.8 191.6 183.7 1
2019-03-22 09:14:22 0.0109431995831 2.41115164148 191.4 191.5 184.5 1
2019-03-22 09:14:32 0.00520291363163 1.73048907388 191.1 191.9 185.0 1
2019-03-22 09:14:42 0.00573215216258 0.586763939552 192.0 192.2 185.2 1
2019-03-22 09:14:52 0.00728029121165 2.47009880395 191.1 191.9 183.1 1
2019-03-22 09:15:02 0.00782472613459 2.54877412624 191.4 192.3 185.2 1
2019-03-22 09:15:12 0.0015625 0.0875 190.9 191.7 185.0 1
2019-03-22 09:15:22 0.00989583333333 2.8015625 190.4 192.0 184.7 1
2019-03-22 09:15:32 0.0100105374078 2.11538461538 192.2 192.0 185.3 1
2019-03-22 09:15:42 0.00676378772112 2.05619146722 188.8 189.8 182.1 1
2019-03-22 09:15:52 0.0088587806149 2.12558624283 192.0 192.2 185.1 1
2019-03-22 09:16:02 0.0140478668054 3.37252861602 191.0 191.9 183.6 1
2019-03-22 09:16:12 0.0103734439834 2.16441908714 191.7 192.2 185.7 1
2019-03-22 09:16:22 0.0182481751825 5.63399374348 191.6 192.8 185.1 1
2019-03-22 09:16:32 0.00940438871473 2.61494252874 190.9 191.8 184.7 1
2019-03-22 09:16:42 0.00624674648621 1.07704320666 191.5 191.4 184.8 1
2019-03-22 09:16:52 0.0103842159917 1.77310488058 191.1 192.1 184.0 1
2019-03-22 09:17:02 0.00677436164669 0.706618030224 191.5 192.6 184.8 1
2019-03-22 09:17:12 0.00994764397906 1.80314136126 191.0 191.9 184.7 1
2019-03-22 09:17:22 0.00884035361414 3.77119084763 190.0 191.0 184.0 1
2019-03-22 09:17:32 0.0167101827676 3.7911227154 191.9 192.3 185.0 1
2019-03-22 09:17:42 0.00730688935282 2.62265135699 191.0 191.5 184.7 1
2019-03-22 09:17:52 0.0161374284227 4.3841749089 190.3 191.6 184.3 1
2019-03-22 09:18:02 0.00830737279335 2.35202492212 191.3 192.1 185.3 1
2019-03-22 09:18:12 0.0062893081761 1.19758909853 191.6 192.6 184.3 1
2019-03-22 09:18:22 0.00418410041841 0.975418410042 190.0 190.8 183.7 1
2019-03-22 09:18:32 0.00364014560582 1.38741549662 191.0 191.2 185.4 1
2019-03-22 09:18:42 0.0124934929724 2.96512233212 191.9 192.3 184.2 1
2019-03-22 09:18:52 0.0067920585162 2.14681295716 191.5 192.1 184.1 1
2019-03-22 09:19:02 0.0037674919268 0.866523143165 191.1 191.4 183.7 1
2019-03-22 09:19:12 0.00682056663169 1.31741867786 185.1 185.8 177.9 1
2019-03-22 09:19:22 0.00940438871473 2.50313479624 189.5 190.6 183.1 1
2019-03-22 09:19:32 0.00519750519751 1.45218295218 191.2 191.4 184.8 1
2019-03-22 09:19:42 0.0103680663556 2.30222913427 191.2 192.4 183.8 1
2019-03-22 09:19:52 0.0105152471083 2.2181913775 192.3 192.9 185.6 1
2019-03-22 09:20:02 0.00678851174935 1.04751958225 189.6 190.2 182.5 1
2019-03-22 09:20:12 0.00624024960998 0.819552782111 191.1 191.5 184.2 1

