2019-03-08 00:00:01 0.5 150.625 3.4 3.2 1.4 0
2019-03-08 00:00:11 0.939393939394 255.454545455 1.8 1.6 0.8 0 
2019-03-08 00:00:21 0.696428571429 206.339285714 6.3 6.6 1.4 0 
2019-03-08 00:00:31 0.941176470588 377.308823529 5.2 5.6 1.5 0 
2019-03-08 00:00:41 0.931034482759 275.465517241 5.7 6.8 1.5 0 
2019-03-08 00:00:51 0.626865671642 158.194029851 5.0 5.8 1.4 0 
2019-03-08 00:01:01 0.823529411765 270.485294118 6.0 6.7 1.5 0 
2019-03-08 00:01:11 0.939393939394 214.909090909 5.2 6.8 1.5 0 
2019-03-08 00:01:21 1.10606060606 354.818181818 5.8 6.6 1.5 0 
2019-03-08 00:01:31 0.734375 192.375 5.8 6.6 1.5 0 
2019-03-08 00:01:41 0.777777777778 161.46031746 5.6 6.4 1.5 0 
2019-03-08 00:01:51 0.723076923077 194.076923077 6.0 6.3 1.4 0 
2019-03-08 00:02:01 0.731343283582 193.28358209 6.0 6.5 1.5 0 
2019-03-08 00:02:11 0.793103448276 210.655172414 5.9 6.7 1.4 0 
2019-03-08 00:02:21 0.380952380952 136.380952381 5.5 5.8 1.4 0 
2019-03-08 00:02:31 0 0 4.3 4.2 1.4 0 
2019-03-08 00:02:41 0.967741935484 229.0 0.0 0.0 0.0 0 
2019-03-08 00:02:51 0.622950819672 178.442622951 3.8 3.1 1.4 0 
2019-03-08 00:03:01 0.254237288136 61.1186440678 5.7 6.1 1.5 0 
2019-03-08 00:03:11 0.8 295.833333333 6.0 5.9 1.5 0 
2019-03-08 00:03:21 0.814285714286 217.657142857 5.7 6.0 1.5 0 
2019-03-08 00:03:31 0.671875 160.203125 5.7 7.0 1.5 0 
2019-03-08 00:03:41 0.763636363636 201.418181818 5.7 6.4 1.4 0 
2019-03-08 00:03:51 0.689655172414 191.24137931 5.5 5.5 1.5 0 
2019-03-08 00:04:01 0.806451612903 170.241935484 5.0 5.8 1.4 0 
2019-03-08 00:04:11 0.907692307692 304.092307692 5.7 6.2 1.5 0 
2019-03-08 00:04:21 0.830508474576 217.830508475 5.7 6.5 1.5 0 
2019-03-08 00:04:31 0.822580645161 223.241935484 5.7 5.9 1.5 0 
2019-03-08 00:04:41 0.698412698413 209.031746032 5.6 6.2 1.5 0 
2019-03-08 00:04:51 0.797101449275 236.246376812 5.4 6.3 1.5 0 
2019-03-08 00:05:02 0 0 0.0 0.0 0.0 0 
2019-03-08 00:05:12 0.951612903226 203.096774194 0.0 0.0 0.0 0 
2019-03-08 00:05:22 0.666666666667 191.579710145 5.4 6.2 1.5 0
2019-03-08 00:06:38 0.263157894737 74.4263157895 24.6 16.0 11.2 1 
2019-03-08 00:06:48 0.304166666667 93.9375 29.9 19.0 13.2 1 
2019-03-08 00:06:58 0.276595744681 115.906382979 41.2 24.0 19.3 1 
2019-03-08 00:07:08 0.236220472441 49.4251968504 39.4 23.5 18.6 1 
2019-03-08 00:07:18 0.177536231884 36.4565217391 44.6 25.4 21.4 1 
2019-03-08 00:07:28 0.200617283951 49.9444444444 49.2 27.6 23.3 1 
2019-03-08 00:07:38 0.171014492754 44.8753623188 56.4 32.4 26.7 1 
2019-03-08 00:07:48 0.184135977337 51.2549575071 61.9 34.5 29.3 1 
2019-03-08 00:07:58 0.160349854227 52.139941691 63.7 35.3 30.1 1 
2019-03-08 00:08:08 0.173396674584 46.2945368171 62.1 34.3 29.6 1 
2019-03-08 00:08:18 0.091533180778 18.1922196796 77.1 42.1 37.3 1 
2019-03-08 00:08:28 0.0817307692308 19.8605769231 80.8 43.7 38.7 1 
2019-03-08 00:08:38 0.138009049774 31.5520361991 77.4 41.6 37.6 1 
2019-03-08 00:08:48 0.0991561181435 26.2953586498 81.9 44.2 39.7 1 
2019-03-08 00:08:58 0.0780952380952 15.4361904762 89.0 47.4 43.0 1 
2019-03-08 00:09:08 0.102996254682 31.4981273408 99.1 52.5 48.3 1 
2019-03-08 00:09:18 0.0648148148148 13.9740740741 98.4 53.4 47.7 1 
2019-03-08 00:09:28 0.104795737123 17.3605683837 101.0 54.0 49.3 1 
2019-03-08 00:09:38 0.0665557404326 10.5574043261 105.2 56.3 51.4 1 
2019-03-08 00:09:48 0.0906040268456 20.6409395973 112.4 60.1 55.2 1 
2019-03-08 00:09:58 0.0848287112561 20.6427406199 110.9 59.6 54.3 1 
2019-03-08 00:10:08 0.0914826498423 23.5504731861 114.0 61.3 55.7 1 
2019-03-08 00:10:18 0.0911854103343 13.5258358663 120.0 63.4 58.6 1 
2019-03-08 00:10:28 0.111908177905 16.6456241033 123.9 65.8 60.0 1 
2019-03-08 00:10:38 0.0694259012016 13.435246996 131.3 69.7 64.6 1 
2019-03-08 00:10:48 0.0555555555556 14.1552706553 141.0 74.9 68.8 1 
2019-03-08 00:10:58 0.0571428571429 10.1768707483 134.1 70.2 65.9 1 
2019-03-08 00:11:08 0.0739726027397 18.4835616438 139.1 73.5 68.3 1 
2019-03-08 00:11:18 0.0712290502793 12.4315642458 137.6 73.0 67.8 1 
2019-03-08 00:11:28 0.062015503876 18.2687338501 135.0 71.6 66.8 1 
2019-03-08 00:11:38 0.0569536423841 10.7761589404 146.9 77.4 72.6 1 
2019-03-08 00:11:48 0.0426065162907 10.2794486216 143.8 75.5 70.2 1 
2019-03-08 00:11:58 0.0458937198068 9.6654589372 152.5 79.8 74.9 1 
2019-03-08 00:12:08 0.0507246376812 7.06400966184 159.2 82.8 78.5 1 
2019-03-08 00:12:18 0.0443645083933 9.85611510791 157.0 82.8 77.0 1 
2019-03-08 00:12:28 0.0533484676504 15.066969353 158.9 83.4 78.3 1 
2019-03-08 00:12:38 0.0484988452656 7.67782909931 166.7 88.1 81.5 1 
2019-03-08 00:12:48 0.0401337792642 10.3277591973 167.2 86.6 82.3 1 
2019-03-08 00:12:58 0.0409556313993 10.1831626849 170.6 89.7 84.2 1 
2019-03-08 00:13:08 0.0198675496689 5.73509933775 168.0 87.9 82.4 1 
2019-03-08 00:13:18 0.0280777537797 5.78509719222 173.2 90.6 85.3 1 
2019-03-08 00:13:28 0.0537745604964 13.9276111686 179.4 92.6 88.1 1 
2019-03-08 00:13:38 0.03426124197 7.75588865096 184.9 96.7 90.2 1 
2019-03-08 00:13:48 0.0338624338624 8.35343915344 178.5 93.4 88.5 1 
2019-03-08 00:13:58 0.0518358531317 13.2732181425 180.9 94.5 89.1 1 
2019-03-08 00:14:08 0.0521042084168 13.6613226453 176.7 92.6 86.7 1 
2019-03-08 00:14:18 0.028855721393 2.37114427861 190.6 99.8 93.9 1 
2019-03-08 00:14:28 0.030518819939 8.08646998983 192.8 100.5 95.2 1 
2019-03-08 00:14:38 0.0415019762846 6.4081027668 187.8 98.3 92.7 1 
2019-03-08 00:14:48 0.0388833499501 11.1146560319 195.3 101.2 96.5 1 
2019-03-08 00:14:58 0.0352112676056 11.3983903421 192.9 100.3 95.1 1 
2019-03-08 00:15:08 0.0453686200378 10.4792060491 191.4 99.4 94.2 1 
2019-03-08 00:15:18 0.0372184133203 11.3134182174 202.3 105.8 99.2 1 
2019-03-08 00:15:28 0.0429906542056 11.1373831776 196.1 102.1 96.9 1 
2019-03-08 00:15:38 0.0339302544769 7.1328934967 206.2 107.0 101.6 1 
2019-03-08 00:15:48 0.0352177942539 9.14643188137 205.2 106.1 100.6 1 
2019-03-08 00:15:58 0.0494053064959 13.8051235133 208.8 107.9 102.0 1 
2019-03-08 00:16:08 0.0337899543379 7.32054794521 210.1 109.3 103.2 1 
2019-03-08 00:16:18 0.0373134328358 7.64832089552 211.7 109.5 104.1 1 
2019-03-08 00:16:28 0.036563071298 8.99360146252 206.9 107.2 101.6 1 
2019-03-08 00:16:38 0.0377358490566 8.93171608266 210.8 109.4 104.0 1 
2019-03-08 00:16:48 0.0307692307692 7.62171945701 214.3 111.3 105.5 1 
2019-03-08 00:16:58 0.0209973753281 2.90288713911 213.0 110.5 105.5 1 
2019-03-08 00:17:08 0.0437109723461 9.07760927743 219.4 114.3 108.6 1 
2019-03-08 00:17:18 0.0441306266549 12.2365401589 215.5 112.1 106.5 1 
2019-03-08 00:17:28 0.0344218887908 8.986760812 217.4 113.3 107.1 1 
2019-03-08 00:17:38 0.0280948200176 6.67954345917 217.8 113.3 106.6 1 
2019-03-08 00:17:48 0.028144239226 6.10202286719 219.8 113.9 108.0 1 
2019-03-08 00:17:58 0.0255281690141 6.3573943662 219.6 113.7 108.7 1 
2019-03-08 00:18:08 0.0239520958084 3.72284003422 220.7 113.6 108.2 1 
2019-03-08 09:56:30 0 0 0.0 0.0 0.0 0 
2019-03-08 09:56:40 0.851063829787 216.468085106 0.0 0.0 0.0 0 
2019-03-08 09:56:50 0.548387096774 119.096774194 4.4 4.7 1.4 0 
2019-03-08 09:57:00 0.890625 209.671875 6.1 6.2 1.5 0 
2019-03-08 09:57:10 0.603174603175 140.444444444 5.5 6.4 1.5 0 
2019-03-08 09:57:20 0.753623188406 212.724637681 5.9 6.3 1.4 0 
2019-03-08 09:57:30 0.553846153846 160.030769231 5.8 6.9 1.5 0 
2019-03-08 09:57:40 0.646153846154 130.323076923 5.5 6.5 1.4 0 
2019-03-08 09:57:50 0.666666666667 195.385964912 6.1 6.5 1.5 0 
2019-03-08 09:58:00 0.825396825397 247.206349206 5.6 5.7 1.5 0 
2019-03-08 09:58:10 0.786885245902 169.901639344 5.2 6.3 1.4 0 
2019-03-08 09:58:20 0.698412698413 202.492063492 5.8 6.1 1.4 0 
2019-03-08 09:58:30 0.688524590164 196.983606557 6.0 6.3 1.5 0 
2019-03-08 09:58:40 0.737704918033 188.475409836 5.5 6.1 1.5 0 
2019-03-08 09:58:50 1.12857142857 265.085714286 5.8 6.1 1.4 0 
2019-03-08 09:59:00 0.815384615385 243.646153846 6.2 7.0 1.5 0 
2019-03-08 09:59:10 1.01333333333 301.4 4.8 6.5 1.4 0 
2019-03-08 09:59:20 0.985714285714 308.914285714 5.8 7.5 1.4 0 
2019-03-08 09:59:30 0.938461538462 217.584615385 5.3 7.0 1.5 0 
2019-03-08 09:59:40 0.782608695652 242.956521739 5.6 6.5 1.5 0 
2019-03-08 09:59:50 0.954545454545 270.803030303 5.7 6.9 1.5 0 
2019-03-08 10:00:00 0.383333333333 123.6 5.5 6.6 1.5 0 
2019-03-08 10:00:10 0.723076923077 229.046153846 5.6 6.0 1.5 0 
2019-03-08 10:00:20 0.87037037037 306.796296296 5.9 6.5 1.5 0 
2019-03-08 10:00:30 1.03278688525 271.754098361 5.3 5.4 1.5 0 
2019-03-08 10:00:40 0.704918032787 161.213114754 5.5 6.1 1.5 0 
2019-03-08 10:00:50 0.911764705882 299.426470588 4.8 6.1 1.5 0 
2019-03-08 10:01:00 0.707692307692 181.8 6.8 6.8 1.5 0 
2019-03-08 10:01:10 0.59649122807 164.403508772 5.8 6.5 1.5 0 
2019-03-08 10:01:20 0.661290322581 185.774193548 5.7 5.7 1.5 0 
2019-03-08 10:01:30 0.954545454545 315.545454545 5.4 6.2 1.5 0 
2019-03-08 10:01:40 0.406779661017 144.203389831 6.0 6.6 1.5 0 
2019-03-08 10:01:50 0.475409836066 98.0655737705 5.4 5.9 1.5 0 
2019-03-08 10:02:00 0.707692307692 160.476923077 5.8 6.1 1.5 0 
2019-03-08 10:02:10 1.08219178082 331.794520548 6.5 6.5 1.5 0 
2019-03-08 10:02:20 0.924242424242 217.909090909 6.6 7.3 1.5 0 
2019-03-08 10:02:30 0.859649122807 243.157894737 5.5 6.6 1.5 0 
2019-03-08 10:02:40 0.612903225806 177.016129032 5.8 5.7 1.5 0 
2019-03-08 10:02:50 0.730158730159 148.253968254 5.9 6.2 1.5 0 
2019-03-08 10:03:00 0.878787878788 225.818181818 5.5 6.3 1.5 0 
2019-03-08 10:03:10 0.793650793651 279.952380952 5.7 6.6 1.3 0 
2019-03-08 10:03:20 0.768115942029 207.028985507 5.3 6.3 1.5 0 
2019-03-08 10:03:30 0.859375 279.65625 6.2 6.9 1.5 0 
2019-03-08 10:03:40 0.90625 232.296875 5.1 6.4 1.4 0 
2019-03-08 10:03:50 1.0 249.328125 5.5 6.4 1.5 0 
2019-03-08 10:04:00 0.766666666667 250.0 5.3 6.4 1.5 0 
2019-03-08 10:04:10 1.06060606061 200.075757576 6.0 6.0 1.4 0 
2019-03-08 10:04:20 0.578947368421 176.684210526 5.8 6.6 1.5 0 
2019-03-08 10:04:30 0.661016949153 125.288135593 5.7 5.7 1.5 0 
2019-03-08 10:04:40 0.71186440678 185.372881356 5.5 5.9 1.5 0 
2019-03-08 10:04:50 0.709677419355 182.129032258 5.1 5.9 1.5 0 
2019-03-08 10:05:00 1.16666666667 177.166666667 5.4 6.2 1.5 0 
2019-03-08 10:05:10 1.01587301587 286.079365079 6.0 6.6 1.5 0 
2019-03-08 10:05:20 0.893939393939 186.984848485 4.9 6.3 1.5 0 
2019-03-08 10:05:30 0.769230769231 217.276923077 5.7 6.6 1.5 0 
2019-03-08 10:05:40 0.753623188406 229.391304348 5.5 6.5 1.5 0 
2019-03-08 10:05:50 0.516666666667 198.283333333 6.4 6.9 1.5 0 
2019-03-08 10:06:00 0.587301587302 154.936507937 5.6 6.0 1.4 0 
2019-03-08 10:06:10 0.435483870968 140.129032258 5.4 6.3 1.5 0 
2019-03-08 10:06:20 0.327868852459 128.737704918 5.2 6.2 1.5 0 
2019-03-08 10:06:30 0.636363636364 178.151515152 4.9 6.1 1.4 0 
2019-03-08 10:06:40 0.707692307692 219.169230769 5.5 6.6 1.5 0 
2019-03-08 10:06:50 0.923076923077 295.646153846 5.5 6.5 1.5 0 
2019-03-08 10:07:00 0.707692307692 206.861538462 5.6 6.5 1.5 0 
2019-03-08 10:07:10 0.90625 199.359375 6.4 6.5 1.4 0 
2019-03-08 10:07:20 0.91935483871 254.838709677 5.8 6.4 1.4 0 
2019-03-08 10:07:30 1.14864864865 381.662162162 5.4 6.2 1.4 0 
2019-03-08 10:07:40 0.661016949153 135.559322034 6.3 7.4 1.5 0 
2019-03-08 10:07:50 0.574074074074 210.962962963 5.4 5.9 1.4 0 
2019-03-08 10:08:00 0.741935483871 221.806451613 5.0 5.4 1.4 0 
2019-03-08 10:08:10 1.01388888889 281.583333333 5.4 6.2 1.4 0 
2019-03-08 10:08:20 0.651515151515 191.272727273 6.9 7.2 1.5 0 
2019-03-08 10:08:30 0.769230769231 252.769230769 5.5 6.6 1.5 0 
2019-03-08 10:08:40 0.614035087719 205.473684211 6.2 6.5 1.4 0 
2019-03-08 10:08:50 0.62962962963 188.611111111 5.8 5.7 1.5 0 
2019-03-08 10:09:00 0.679245283019 223.20754717 5.5 5.4 1.5 0 
2019-03-08 10:09:10 0.842857142857 210.628571429 5.4 5.3 1.5 0 
2019-03-08 10:09:20 0.852941176471 277.764705882 5.9 7.0 1.5 0 
2019-03-08 10:09:30 0.728571428571 234.628571429 6.1 6.8 1.5 0 
2019-03-08 10:09:40 0.734375 246.15625 6.1 7.0 1.4 0 
2019-03-08 10:09:50 0.852941176471 213.691176471 6.2 6.4 1.5 0 
2019-03-08 10:10:00 0.840579710145 286.31884058 5.4 6.8 1.5 0 
2019-03-08 10:10:10 0.790322580645 235.0 5.5 6.9 1.4 0 
2019-03-08 10:10:20 0.852459016393 288.016393443 5.4 6.2 1.4 0 
2019-03-08 10:10:30 0.72131147541 190.655737705 5.1 6.1 1.5 0 
2019-03-08 10:10:40 0.91935483871 310.806451613 5.7 6.1 1.4 0 
2019-03-08 10:10:50 1.01785714286 270.678571429 5.7 6.2 1.5 0 
2019-03-08 10:11:00 0.971830985915 221.704225352 5.5 5.6 1.4 0 
2019-03-08 10:11:10 0.694915254237 211.745762712 5.9 7.1 1.4 0 
2019-03-08 10:11:20 0.606557377049 170.442622951 5.5 5.9 1.3 0 
2019-03-08 10:11:30 0.642857142857 162.035714286 5.7 6.1 1.5 0 
2019-03-08 10:11:40 0.703125 135.734375 5.8 5.6 1.3 0 
2019-03-08 10:11:50 1.046875 307.796875 5.6 6.4 1.5 0 
2019-03-08 10:12:00 0.910447761194 229.268656716 6.0 6.4 1.4 0 
2019-03-08 10:12:10 0.587301587302 194.920634921 5.5 6.7 1.5 0 
2019-03-08 10:12:20 0.746031746032 185.857142857 6.3 6.3 1.4 0 
2019-03-08 10:12:30 0.645161290323 174.903225806 5.5 6.3 1.5 0 
2019-03-08 10:12:40 0.893939393939 227.090909091 5.6 6.2 1.5 0 
2019-03-08 10:12:50 0.826086956522 221.188405797 5.9 6.6 1.5 0 
2019-03-08 10:13:00 0.854838709677 282.096774194 6.6 6.9 1.5 0 
2019-03-08 10:13:10 1.24590163934 338.62295082 4.9 6.2 1.5 0 
2019-03-08 10:13:20 0.647058823529 260.205882353 5.1 6.1 1.5 0 
2019-03-08 10:13:30 0.754098360656 292.147540984 5.4 6.8 1.5 0 
2019-03-08 10:13:40 0.968253968254 183.777777778 6.1 6.1 1.5 0 
2019-03-08 10:13:50 0.68253968254 154.063492063 4.9 6.3 1.5 0 
2019-03-08 10:14:00 0.734375 177.484375 5.0 6.3 1.5 0 
2019-03-08 10:14:10 0.91935483871 277.951612903 5.3 6.4 1.5 0 
2019-03-08 10:14:20 0.596774193548 213.951612903 5.7 6.2 1.5 0 
2019-03-08 10:14:30 0.80303030303 221.060606061 5.6 6.2 1.5 0 
2019-03-08 10:14:40 0.689655172414 169.189655172 5.8 6.6 1.5 0 
2019-03-08 10:14:50 0.593220338983 138.610169492 5.1 5.8 1.5 0 
2019-03-08 10:15:00 0.6 193.815384615 5.4 5.9 1.4 0 
2019-03-08 10:15:10 0.590909090909 207.151515152 6.9 6.5 1.5 0 
2019-03-08 10:15:20 0.955223880597 310.597014925 5.5 6.6 1.5 0 
2019-03-08 10:15:30 0.654545454545 208.490909091 6.3 6.7 1.5 0 
2019-03-08 10:15:40 0.929824561404 215.578947368 5.4 5.5 1.5 0 
2019-03-08 10:15:50 0.873015873016 200.19047619 5.6 5.7 1.5 0 
2019-03-08 10:16:00 0.535211267606 178.070422535 6.0 6.3 1.5 0 
2019-03-08 10:16:10 0.661290322581 205.709677419 6.4 7.1 1.5 0 
2019-03-08 10:16:20 0.873015873016 298.777777778 5.3 6.2 1.5 0 
2019-03-08 10:16:30 0.786885245902 230.393442623 5.6 6.3 1.5 0 
2019-03-08 10:16:40 0.771929824561 267.157894737 5.5 6.1 1.4 0 
2019-03-08 10:16:50 0.809523809524 192.634920635 6.2 5.7 1.5 0 
2019-03-08 10:17:00 0.645161290323 221.274193548 5.9 6.3 1.5 0 
2019-03-08 10:17:10 1.55405405405 487.554054054 5.3 6.2 1.4 0 
2019-03-08 10:17:20 0.789473684211 219.578947368 5.7 7.4 1.5 0 
2019-03-08 10:17:30 0.985714285714 285.814285714 5.1 5.7 1.4 0 
2019-03-08 10:17:40 0.794117647059 139.735294118 5.5 7.0 1.5 0 
2019-03-08 10:17:50 0.953846153846 300.015384615 6.7 6.8 1.5 0 
2019-03-08 10:18:00 0.776119402985 218.388059701 5.3 6.5 1.5 0 
2019-03-08 10:18:10 1.23529411765 284.367647059 6.3 6.7 1.5 0 
2019-03-08 10:18:20 1.0303030303 224.166666667 6.0 6.8 1.4 0 
2019-03-08 10:18:30 0.887096774194 223.967741935 5.5 6.6 1.5 0 
2019-03-08 10:18:40 0.491803278689 154.950819672 5.1 6.2 1.5 0 
2019-03-08 10:18:50 0.870967741935 233.177419355 5.4 6.1 1.5 0 
2019-03-08 10:19:00 0.596774193548 121.290322581 5.9 6.2 1.4 0 
2019-03-08 10:19:10 1.0303030303 334.484848485 5.6 6.2 1.4 0 
2019-03-08 10:19:20 1.21739130435 269.405797101 6.1 6.6 1.5 0 
2019-03-08 10:19:30 0.859375 212.515625 5.7 6.9 1.5 0 
2019-03-08 10:19:40 1.09523809524 332.857142857 5.4 6.4 1.5 0 
2019-03-08 10:19:50 0.935483870968 317.580645161 5.5 6.3 1.5 0 
2019-03-08 10:20:00 0.90625 302.6875 6.4 6.2 1.5 0 
2019-03-08 10:20:10 0.414285714286 123.057142857 5.7 6.4 1.3 0 
2019-03-08 10:20:20 0.703125 216.09375 6.2 7.0 1.4 0 
2019-03-08 10:20:30 0.612903225806 226.951612903 5.9 6.4 1.4 0 
2019-03-08 10:20:40 1.12307692308 340.692307692 5.9 6.2 1.5 0 
2019-03-08 10:20:50 0.91935483871 310.435483871 5.6 6.5 1.5 0 
2019-03-08 10:21:00 0.64406779661 197.474576271 5.6 6.2 1.5 0 
2019-03-08 10:21:10 0.828125 179.03125 5.5 5.9 1.5 0 
2019-03-08 10:21:20 0.8125 177.40625 6.1 6.4 1.5 0 
2019-03-08 10:21:30 0.864406779661 204.983050847 5.3 6.4 1.5 0 
2019-03-08 10:21:40 0.71186440678 157.288135593 5.0 5.9 1.5 0 
2019-03-08 10:21:50 0.709677419355 263.225806452 5.4 5.9 1.4 0 
2019-03-08 10:22:00 0.846153846154 138.492307692 5.7 6.2 1.3 0 
2019-03-08 10:22:10 1.15068493151 347.95890411 5.4 6.5 1.5 0 
2019-03-08 10:22:20 0.7 185.95 5.9 7.3 1.5 0 
2019-03-08 10:22:30 0.631578947368 179.666666667 5.6 6.0 1.4 0 
2019-03-08 10:22:40 0.655737704918 179.557377049 5.3 5.7 1.5 0 
2019-03-08 10:22:50 0.71875 191.125 5.8 6.1 1.3 0 
2019-03-08 10:23:00 0.968253968254 325.53968254 6.1 6.4 1.4 0 
2019-03-08 10:23:10 0.855072463768 177.753623188 5.1 6.3 1.5 0 
2019-03-08 10:23:20 1.0 166.258064516 6.1 6.9 1.5 0 
2019-03-08 10:23:30 0.584615384615 188.492307692 5.9 6.2 1.4 0 
2019-03-08 10:23:40 0.707692307692 184.738461538 6.2 6.5 1.5 0 
2019-03-08 10:23:50 0.625 232.6875 5.6 6.5 1.5 0 
2019-03-08 10:24:00 0.685714285714 146.114285714 6.4 6.4 1.5 0 
2019-03-08 10:24:10 0.774647887324 212.521126761 5.8 7.0 1.5 0 
2019-03-08 10:24:20 0.636363636364 117.109090909 6.7 7.1 1.5 0 
2019-03-08 10:24:30 0.771428571429 206.842857143 5.4 5.5 1.4 0 
2019-03-08 10:24:40 0.809523809524 296.111111111 6.1 7.0 1.5 0 
2019-03-08 10:24:50 0.861538461538 248.692307692 5.9 6.3 1.4 0 
2019-03-08 10:25:00 0.714285714286 242.285714286 5.7 6.5 1.5 0 
2019-03-08 10:25:10 0.793650793651 263.079365079 5.5 6.3 1.5 0 
2019-03-08 10:25:20 0.842857142857 183.371428571 6.1 6.3 1.5 0 
2019-03-08 10:25:30 0.8 212.384615385 6.0 7.0 1.4 0 
2019-03-08 10:25:40 0.661290322581 222.951612903 5.5 6.5 1.5 0 
2019-03-08 10:25:50 0.781818181818 184.309090909 5.9 6.2 1.4 0 
2019-03-08 10:26:00 1.03571428571 274.964285714 5.3 5.5 1.5 0 
2019-03-08 10:26:10 0.91935483871 291.903225806 5.7 5.6 1.5 0 
2019-03-08 10:26:20 0.793650793651 146.444444444 4.9 6.2 1.5 0 
2019-03-08 10:26:30 0.950819672131 217.737704918 5.5 6.3 1.5 0 
2019-03-08 10:26:40 0.818181818182 181.545454545 5.1 6.1 1.4 0 
2019-03-08 10:26:50 0.913793103448 224.775862069 5.4 6.6 1.5 0 
2019-03-08 10:27:00 0.866666666667 174.766666667 4.7 5.8 1.3 0 
2019-03-08 10:27:10 1.23188405797 319.086956522 5.9 6.0 1.5 0 
2019-03-08 10:27:20 0.629032258065 204.612903226 5.6 6.9 1.5 0 
2019-03-08 10:27:30 0.880597014925 267.701492537 5.8 6.2 1.5 0 
2019-03-08 10:27:40 0.695652173913 205.028985507 5.4 6.7 1.5 0 
2019-03-08 10:27:50 0.716666666667 181.933333333 5.8 6.9 1.5 0 
2019-03-08 10:28:00 0.593220338983 200.525423729 5.4 6.0 1.5 0 
2019-03-08 10:28:10 0.754098360656 196.606557377 5.3 5.9 1.5 0 
2019-03-08 10:28:20 0.8 241.7 5.5 6.1 1.5 0 
2019-03-08 10:28:30 0.968253968254 223.412698413 5.6 7.0 1.4 0 
2019-03-08 10:28:40 1.0 288.650793651 5.5 6.3 1.5 0 
2019-03-08 10:28:50 0.867647058824 244.455882353 6.0 6.3 1.4 0 
2019-03-08 10:29:00 0.932203389831 205.016949153 5.9 6.8 1.4 0 
2019-03-08 10:29:10 0.688524590164 227.442622951 4.7 5.9 1.4 0 
2019-03-08 10:29:20 0.8 246.816666667 5.9 6.1 1.5 0 
2019-03-08 10:29:30 0.666666666667 160.133333333 5.8 6.0 1.4 0 
2019-03-08 10:29:40 0.719298245614 180.280701754 5.7 6.0 1.5 0 
2019-03-08 10:29:50 1.2 305.292307692 5.6 5.7 1.4 0 
2019-03-08 10:30:00 0.703125 179.0625 5.6 6.5 1.5 0 
2019-03-08 10:30:10 0.688524590164 199.409836066 6.3 6.4 1.4 0 
2019-03-08 10:30:20 0.955882352941 226.352941176 5.2 6.1 1.5 0 
2019-03-08 10:30:30 0.859375 258.546875 5.6 6.8 1.5 0 
2019-03-08 10:30:40 0.6 157.52 5.6 6.4 1.5 0 
2019-03-08 10:30:50 0.710144927536 206.420289855 5.3 5.0 1.5 0 
2019-03-08 10:31:00 0.769230769231 220.369230769 5.9 6.9 1.5 0 
2019-03-08 10:31:10 0.571428571429 160.698412698 5.9 6.5 1.5 0 
2019-03-08 10:31:20 0.950819672131 327.360655738 5.6 6.3 1.5 0 
2019-03-08 10:31:30 0.893939393939 235.333333333 5.2 6.1 1.4 0 
2019-03-08 10:31:40 0.730158730159 190.492063492 6.1 6.6 1.4 0 
2019-03-08 10:31:50 0.885714285714 199.585714286 5.5 6.3 1.5 0 
2019-03-08 10:32:00 0.864406779661 185.559322034 6.2 7.0 1.5 0 
2019-03-08 10:32:10 0.8 230.907692308 4.9 5.9 1.5 0 
2019-03-08 10:32:20 0.85 262.65 5.7 6.5 1.5 0 
2019-03-08 10:32:30 0.725806451613 221.677419355 4.8 6.0 1.4 0 
2019-03-08 10:32:40 0.771929824561 202.263157895 6.0 6.2 1.4 0 
2019-03-08 10:32:50 0.90625 232.140625 5.2 5.7 1.5 0 
2019-03-08 10:33:00 0.639344262295 224.68852459 5.6 6.4 1.5 0 
2019-03-08 10:33:10 0.907692307692 278.969230769 5.1 6.1 1.5 0 
2019-03-08 10:33:20 0.672131147541 244.213114754 6.0 6.5 1.5 0 
2019-03-08 10:33:30 0.733333333333 218.916666667 4.7 6.1 1.5 0 
2019-03-08 10:33:40 0.838235294118 249.338235294 5.7 6.0 1.4 0 
2019-03-08 10:33:50 0.573770491803 166.737704918 5.5 6.8 1.4 0 
2019-03-08 10:34:00 0.566666666667 160.666666667 6.2 6.1 1.5 0 
2019-03-08 10:34:10 0.904761904762 263.523809524 5.6 6.0 1.4 0 
2019-03-08 10:34:20 0.403225806452 151.274193548 5.3 6.3 1.4 0 
2019-03-08 10:34:30 0.688524590164 220.786885246 5.6 6.2 1.5 0 
2019-03-08 10:34:40 0.52380952381 158.380952381 5.3 6.1 1.5 0 
2019-03-08 10:34:50 0.940298507463 316.895522388 5.2 6.3 1.5 0 
2019-03-08 10:35:00 0.633333333333 172.783333333 5.6 6.7 1.5 0 
2019-03-08 10:35:10 0.825396825397 240.158730159 6.1 6.0 1.5 0 
2019-03-08 10:35:20 0.821428571429 256.946428571 5.1 6.3 1.5 0 
2019-03-08 10:35:30 0.573770491803 168.524590164 5.5 5.6 1.4 0 
2019-03-08 10:35:40 0.735294117647 135.014705882 5.4 6.1 1.5 0 
2019-03-08 10:35:50 0.65 137.116666667 5.3 6.8 1.5 0 
2019-03-08 10:36:00 0.787878787879 225.787878788 5.7 6.0 1.5 0 
2019-03-08 10:36:10 0.859375 168.109375 5.5 6.6 1.5 0 
2019-03-08 10:36:20 1.06896551724 337.137931034 5.3 6.4 1.4 0 
2019-03-08 10:36:30 0.703125 189.71875 5.5 5.8 1.4 0 
2019-03-08 10:36:40 1.05 330.316666667 6.2 6.4 1.5 0 
2019-03-08 10:36:50 0.704918032787 220.131147541 5.8 6.0 1.5 0 
2019-03-08 10:37:00 0.776119402985 211.298507463 6.1 6.1 1.5 0 
2019-03-08 10:37:10 0.671875 181.140625 6.0 6.7 1.5 0 
2019-03-08 10:37:20 0.69014084507 220.633802817 5.9 6.4 1.5 0 
2019-03-08 10:37:30 0.970588235294 311.338235294 6.2 7.1 1.4 0 
2019-03-08 10:37:40 0.782608695652 230.942028986 5.6 6.8 1.5 0 
2019-03-08 10:37:50 0.409836065574 129.918032787 5.6 6.9 1.4 0 
2019-03-08 10:38:00 0.730158730159 208.238095238 6.0 6.1 1.5 0 
2019-03-08 10:38:10 0.694915254237 256.254237288 5.1 6.3 1.4 0 
2019-03-08 10:38:20 0.882352941176 304.514705882 5.3 5.9 1.5 0 
2019-03-08 10:38:30 1.01538461538 280.2 6.0 6.8 1.5 0 
2019-03-08 10:38:40 0.924242424242 223.848484848 5.5 6.5 1.5 0 
2019-03-08 10:38:51 1.06153846154 250.107692308 6.1 6.6 1.5 0 
2019-03-08 10:39:01 0.881355932203 230.338983051 5.9 6.5 1.5 0 
2019-03-08 10:39:11 0.706896551724 254.879310345 5.9 5.9 1.3 0 
2019-03-08 10:39:21 1.11111111111 271.0 5.0 5.8 1.4 0 
2019-03-08 10:39:31 0.910447761194 192.805970149 5.2 6.3 1.5 0 
2019-03-08 10:39:41 0.6875 223.03125 6.3 6.7 1.5 0 
2019-03-08 10:39:51 0.8 254.866666667 6.2 6.4 1.5 0 
2019-03-08 10:40:01 0.873015873016 202.222222222 5.2 6.0 1.4 0 
2019-03-08 10:40:11 0.660714285714 139.607142857 5.9 6.3 1.4 0 
2019-03-08 10:40:21 1.0 304.3 5.4 5.6 1.5 0 
2019-03-08 10:40:31 0.85 206.066666667 5.7 7.0 1.5 0 
2019-03-08 10:40:41 0.695652173913 188.362318841 5.5 6.0 1.4 0 
2019-03-08 10:40:51 0.753623188406 151.217391304 5.4 6.9 1.5 0 
2019-03-08 10:41:01 1.19117647059 336.558823529 5.2 6.9 1.5 0 
2019-03-08 10:41:11 0.806451612903 232.629032258 6.1 6.8 1.5 0 
2019-03-08 10:41:21 0.75 154.95 5.9 6.2 1.5 0 
2019-03-08 10:41:31 0.681818181818 185.787878788 4.6 6.0 1.5 0 
2019-03-08 10:41:41 0.8 175.014285714 5.2 6.6 1.5 0 
2019-03-08 10:41:51 0.936507936508 217.301587302 6.2 7.0 1.5 0 
2019-03-08 10:42:01 0.808823529412 230.264705882 5.5 6.3 1.5 0 
2019-03-08 10:42:11 0.911764705882 203.926470588 5.6 6.8 1.4 0 
2019-03-08 10:42:21 0.934426229508 215.803278689 6.1 6.8 1.5 0 
2019-03-08 10:42:31 0.934426229508 248.360655738 5.1 6.1 1.5 0 
2019-03-08 10:42:41 0.777777777778 237.412698413 5.9 6.1 1.5 0 
2019-03-08 10:42:51 0.65625 184.8125 5.7 6.3 1.4 0 
2019-03-08 10:43:01 1.0 301.076923077 6.0 6.4 1.5 0 
2019-03-08 10:43:11 0.584615384615 144.907692308 5.9 6.5 1.5 0 
2019-03-08 10:43:21 0.96875 252.78125 5.6 6.5 1.5 0 
2019-03-08 10:43:31 0.59375 186.953125 6.1 6.4 1.5 0 
2019-03-08 10:43:41 0.926470588235 237.073529412 5.7 6.4 1.5 0 
2019-03-08 10:43:51 0.952380952381 214.936507937 6.3 6.8 1.5 0 
2019-03-08 10:44:01 0.761194029851 273.641791045 5.3 6.3 1.5 0 
2019-03-08 10:44:11 1.0 216.984126984 5.3 6.7 1.5 0 
2019-03-08 10:44:21 0.878787878788 226.318181818 5.6 6.3 1.5 0 
2019-03-08 10:44:31 0.917808219178 174.904109589 5.4 6.6 1.5 0 
2019-03-08 10:44:41 0.701492537313 204.656716418 5.5 7.3 1.5 0 
2019-03-08 10:44:51 0.819672131148 294.262295082 6.1 6.7 1.5 0 
2019-03-08 10:45:01 1.0 238.971014493 5.7 6.1 1.4 0 
2019-03-08 10:45:11 1.078125 282.671875 5.2 6.9 1.5 0 
2019-03-08 10:45:21 1.08474576271 342.711864407 6.2 6.4 1.5 0 
2019-03-08 10:45:31 0.741935483871 232.435483871 5.0 5.9 1.5 0 
2019-03-08 10:45:41 0.569444444444 158.861111111 6.1 6.2 1.4 0 
2019-03-08 10:45:51 0.630769230769 181.0 6.3 7.2 1.5 0 
2019-03-08 10:46:01 0.790322580645 218.870967742 5.7 6.5 1.5 0 
2019-03-08 10:46:11 0.6 162.907692308 6.4 6.2 1.5 0 
2019-03-08 10:46:21 0.583333333333 124.533333333 5.5 6.5 1.5 0 
2019-03-08 10:46:31 0.879310344828 308.413793103 5.9 6.0 1.4 0 
2019-03-08 10:46:41 0.825396825397 257.793650794 5.2 5.8 1.4 0 
2019-03-08 10:46:51 0.84375 260.234375 5.9 6.3 1.4 0 
2019-03-08 10:47:01 0.935483870968 276.951612903 5.8 6.4 1.4 0 
2019-03-08 10:47:11 0.782608695652 192.231884058 5.5 6.2 1.5 0 
2019-03-08 10:47:21 0.770491803279 288.327868852 5.9 6.9 1.5 0 
2019-03-08 10:47:31 0.730158730159 154.015873016 5.9 6.1 1.5 0 
2019-03-08 10:47:41 0.920634920635 190.142857143 5.3 6.3 1.5 0 
2019-03-08 10:47:51 0.885245901639 325.606557377 5.3 6.3 1.5 0 
2019-03-08 10:48:01 0.483333333333 148.166666667 5.2 6.1 1.5 0 
2019-03-08 10:48:11 0.707692307692 232.276923077 5.9 6.0 1.5 0 
2019-03-08 10:48:21 0.904761904762 267.222222222 5.3 6.5 1.4 0 
2019-03-08 10:48:31 0.593220338983 166.101694915 6.0 6.3 1.4 0 
2019-03-08 10:48:41 0.830508474576 201.661016949 5.6 5.9 1.5 0 
2019-03-08 10:48:51 0.957746478873 258.718309859 5.0 5.9 1.5 0 
2019-03-08 10:49:01 0.777777777778 144.416666667 5.8 7.1 1.5 0 
2019-03-08 10:49:11 0.882352941176 230.367647059 5.6 7.2 1.5 0 
2019-03-08 10:49:21 0.859375 196.078125 6.1 6.8 1.5 0 
2019-03-08 10:49:31 0.970149253731 262.820895522 5.7 6.4 1.5 0 
2019-03-08 10:49:41 0.80303030303 148.681818182 6.2 6.7 1.5 0 
2019-03-08 10:49:51 1.12121212121 333.151515152 4.9 6.6 1.4 0 
2019-03-08 10:50:01 0.565217391304 188.84057971 6.0 6.6 1.5 0 
2019-03-08 10:50:11 0.83606557377 231.114754098 6.2 6.9 1.5 0 
2019-03-08 10:50:21 1.046875 309.734375 5.0 6.1 1.5 0 
2019-03-08 10:50:31 0.8 236.716666667 5.5 6.4 1.5 0 
2019-03-08 10:50:41 0.731343283582 222.985074627 5.5 6.0 1.5 0 
2019-03-08 10:50:51 1.20588235294 254.0 5.4 6.7 1.5 0 
2019-03-08 10:51:01 0.910714285714 253.625 5.6 6.8 1.5 0 
2019-03-08 10:51:11 0.719298245614 209.596491228 5.5 5.6 1.4 0 
2019-03-08 10:51:21 0.716666666667 255.6 5.7 5.7 1.5 0 
2019-03-08 10:51:31 0.848484848485 230.439393939 5.1 6.0 1.5 0 
2019-03-08 10:51:41 0.704918032787 139.37704918 5.6 6.6 1.5 0 
2019-03-08 10:51:51 0.828571428571 233.257142857 5.3 6.1 1.5 0 
2019-03-08 10:52:01 0.55223880597 167.149253731 6.5 7.0 1.4 0 
2019-03-08 10:52:11 0.671428571429 188.071428571 5.8 6.7 1.5 0 
2019-03-08 10:52:21 0.636363636364 161.757575758 6.3 7.0 1.5 0 
2019-03-08 10:52:31 0.686274509804 236.294117647 5.9 6.6 1.5 0 
2019-03-08 10:52:41 1.16666666667 315.666666667 4.7 5.1 1.4 0 
2019-03-08 10:52:51 0.809523809524 235.492063492 6.0 6.6 1.4 0 
2019-03-08 10:53:01 0.709677419355 184.64516129 6.4 6.3 1.5 0 
2019-03-08 10:53:11 1.0 263.555555556 5.9 6.2 1.5 0 
2019-03-08 10:53:21 0.833333333333 241.409090909 5.9 6.3 1.5 0 
2019-03-08 10:53:31 1.02898550725 350.913043478 6.0 6.6 1.5 0 
2019-03-08 10:53:41 0.857142857143 292.920634921 5.8 6.9 1.5 0 
2019-03-08 10:53:51 0.815384615385 295.107692308 6.1 6.3 1.5 0 
2019-03-08 10:54:01 0.791044776119 276.343283582 5.9 6.5 1.5 0 
2019-03-08 10:54:11 0.909090909091 195.651515152 5.9 6.7 1.5 0 
2019-03-08 10:54:21 0.887096774194 209.064516129 5.6 6.6 1.5 0 
2019-03-08 10:54:31 0.830769230769 215.846153846 5.9 6.2 1.5 0 
2019-03-08 10:54:41 0.920634920635 257.380952381 5.2 6.5 1.5 0 
2019-03-08 10:54:51 0.772727272727 183.954545455 5.0 6.3 1.5 0 
2019-03-08 10:55:01 0.877192982456 196.649122807 6.3 6.6 1.5 0 
2019-03-08 10:55:11 0.91935483871 215.370967742 5.0 5.7 1.5 0 
2019-03-08 10:55:21 0.844827586207 223.672413793 5.6 6.2 1.5 0 
2019-03-08 10:55:31 1.14516129032 247.112903226 5.0 5.8 1.5 0 
2019-03-08 10:55:41 0.622641509434 187.58490566 5.1 6.2 1.5 0 
2019-03-08 10:55:51 0.746031746032 225.603174603 4.5 5.3 1.4 0 
2019-03-08 10:56:01 0.550724637681 142.376811594 5.8 6.3 1.5 0 
2019-03-08 10:56:11 0.75 181.553571429 5.9 6.9 1.5 0 
2019-03-08 10:56:21 0.5 128.051724138 4.3 5.6 1.4 0 
2019-03-08 10:56:31 0.507936507937 136.063492063 6.1 5.8 1.4 0 
2019-03-08 10:56:41 0.844827586207 160.362068966 5.6 6.3 1.5 0 
2019-03-08 10:56:51 0.6 206.446153846 5.7 5.8 1.5 0 
2019-03-08 10:57:01 0.890625 187.25 5.7 6.5 1.5 0 
2019-03-08 10:57:11 0.724137931034 192.017241379 5.9 6.4 1.5 0 
2019-03-08 10:57:21 0.551724137931 180.879310345 4.6 5.8 1.4 0 
2019-03-08 10:57:31 0.793650793651 170.333333333 5.6 5.8 1.5 0 
2019-03-08 10:57:41 0.688524590164 182.163934426 5.6 6.3 1.5 0 
2019-03-08 10:57:51 0.84375 267.265625 5.5 6.1 1.5 0 
2019-03-08 10:58:01 1.15625 314.5 5.5 6.4 1.5 0 
2019-03-08 10:58:11 0.966101694915 192.627118644 5.1 6.4 1.4 0 
2019-03-08 10:58:21 0.955882352941 271.132352941 6.0 5.9 1.5 0 
2019-03-08 10:58:31 0.616438356164 193.616438356 5.7 6.8 1.5 0 
2019-03-08 10:58:41 0.852941176471 190.794117647 6.1 7.3 1.5 0 
2019-03-08 10:58:51 0.867647058824 253.676470588 5.6 6.8 1.5 0 
2019-03-08 10:59:01 0.815384615385 198.738461538 5.9 6.8 1.5 0 
2019-03-08 10:59:11 1.09523809524 320.523809524 5.5 6.5 1.5 0 
2019-03-08 10:59:21 0.761904761905 149.396825397 5.2 6.3 1.5 0 
2019-03-08 10:59:31 0.47619047619 149.888888889 5.9 6.3 1.5 0 
2019-03-08 10:59:41 0.815384615385 197.430769231 6.1 6.3 1.5 0 
2019-03-08 10:59:51 0.813559322034 250.830508475 5.5 6.5 1.5 0 
2019-03-08 11:00:01 0.96875 285.71875 5.5 5.9 1.4 0 
2019-03-08 11:00:11 1.26865671642 371.432835821 5.9 6.4 1.5 0 
2019-03-08 11:00:21 0.864406779661 189.355932203 5.7 6.7 1.5 0 
2019-03-08 11:00:31 0.754385964912 218.087719298 5.5 5.9 1.5 0 
2019-03-08 11:00:41 0.677966101695 188.237288136 5.2 5.7 1.5 0 
2019-03-08 11:00:51 0.84375 267.34375 5.5 5.9 1.4 0 
2019-03-08 11:01:01 0.934426229508 287.918032787 5.6 6.4 1.5 0 
2019-03-08 11:01:11 0.972972972973 258.513513514 6.5 6.1 1.3 0 
2019-03-08 11:01:21 0.68253968254 156.380952381 5.8 7.4 1.5 0 
2019-03-08 11:01:31 0.733333333333 154.55 6.1 6.3 1.5 0 
2019-03-08 11:01:41 0.865671641791 270.940298507 5.6 6.0 1.5 0 
2019-03-08 11:01:51 0.839285714286 219.964285714 6.4 6.7 1.5 0 
2019-03-08 11:02:01 0.59375 193.46875 5.6 5.6 1.4 0 
2019-03-08 11:02:11 0.698412698413 275.841269841 6.2 6.4 1.5 0 
2019-03-08 11:02:21 0.620689655172 159.206896552 6.3 6.3 1.4 0 
2019-03-08 11:02:31 0.932203389831 243.474576271 5.5 5.8 1.4 0 
2019-03-08 11:02:41 1.13235294118 341.75 5.5 5.9 1.5 0 
2019-03-08 11:02:51 0.551724137931 154.534482759 5.9 6.8 1.5 0 
2019-03-08 11:03:01 0.716417910448 183.611940299 5.7 5.8 1.5 0 
2019-03-08 11:03:11 0.716666666667 211.166666667 6.6 6.7 1.5 0 
2019-03-08 11:03:21 0.984375 296.28125 5.0 6.0 1.5 0 
2019-03-08 11:03:31 1.04615384615 382.092307692 6.0 6.4 1.5 0 
2019-03-08 11:03:41 0.863636363636 324.727272727 5.5 6.5 1.5 0 
2019-03-08 11:03:51 0.90625 247.234375 5.9 6.6 1.5 0 
2019-03-08 11:04:01 0.875 254.796875 5.8 6.4 1.5 0 
2019-03-08 11:04:11 1.18181818182 328.045454545 5.7 6.4 1.5 0 
2019-03-08 11:04:21 0.803278688525 274.68852459 5.2 6.6 1.5 0 
2019-03-08 11:04:31 0.698412698413 213.047619048 5.4 6.1 1.4 0 
2019-03-08 11:04:41 0.969230769231 280.492307692 6.0 6.3 1.4 0 
2019-03-08 11:04:51 0.855072463768 208.637681159 5.8 6.5 1.5 0 
2019-03-08 11:05:01 0.820895522388 271.626865672 6.0 6.9 1.5 0 
2019-03-08 11:05:11 0.923076923077 272.4 6.1 6.7 1.5 0 
2019-03-08 11:05:21 0.760563380282 171.028169014 5.4 6.5 1.5 0 
2019-03-08 11:05:31 0.677419354839 173.306451613 6.0 7.1 1.4 0 
2019-03-08 11:05:41 0.686567164179 176.328358209 6.0 6.2 1.5 0 
2019-03-08 11:05:51 1.01428571429 347.585714286 6.0 6.7 1.5 0 
2019-03-08 11:06:01 1.33846153846 375.769230769 5.4 7.0 1.4 0 
2019-03-08 11:06:11 0.532258064516 181.322580645 5.4 6.5 1.5 0 
2019-03-08 11:06:21 1.0 212.855072464 5.8 6.2 1.4 0 
2019-03-08 11:06:31 0.954545454545 247.348484848 5.6 6.9 1.5 0 
2019-03-08 11:06:41 0.809523809524 300.158730159 5.8 6.6 1.5 0 
2019-03-08 11:06:51 1.015625 337.46875 5.7 6.3 1.5 0 
2019-03-08 11:07:01 0.435483870968 111.032258065 5.8 6.4 1.5 0 
2019-03-08 11:07:11 1.15151515152 344.166666667 6.0 6.2 1.5 0 
2019-03-08 11:07:21 1.0 291.707692308 5.7 6.6 1.4 0 
2019-03-08 11:07:31 0.881355932203 247.322033898 5.4 6.5 1.5 0 
2019-03-08 11:07:41 0.611111111111 211.296296296 5.3 5.9 1.5 0 
2019-03-08 11:07:51 0.666666666667 138.380952381 5.8 5.4 1.4 0 
2019-03-08 11:08:01 0.703125 195.25 6.6 6.3 1.5 0 
2019-03-08 11:08:11 0.596774193548 204.161290323 6.3 6.4 1.5 0 
2019-03-08 11:08:21 0.870967741935 256.629032258 5.8 6.2 1.5 0 
2019-03-08 11:08:31 0.890625 264.984375 5.2 6.2 1.5 0 
2019-03-08 11:08:41 0.918032786885 271.508196721 5.5 6.4 1.4 0 
2019-03-08 11:08:51 0.838235294118 331.735294118 5.8 6.1 1.5 0 
2019-03-08 11:09:01 0.633333333333 225.916666667 5.6 6.8 1.5 0 
2019-03-08 11:09:11 0.724637681159 193.231884058 5.7 6.0 1.5 0 
2019-03-08 11:09:21 0.731343283582 225.343283582 5.8 6.9 1.5 0 
2019-03-08 11:09:31 0.790322580645 266.483870968 5.4 6.7 1.5 0 
2019-03-08 11:09:41 0.803278688525 270.836065574 4.9 6.2 1.5 0 
2019-03-08 11:09:51 0.51724137931 124.103448276 5.5 6.1 1.5 0 
2019-03-08 11:10:01 0.875 225.708333333 5.8 5.8 1.5 0 
2019-03-08 11:10:11 0.707692307692 153.846153846 5.2 4.8 1.5 0 
2019-03-08 11:10:21 0.701754385965 199.701754386 5.5 6.5 1.5 0 
2019-03-08 11:10:31 0.75 150.59375 5.4 5.7 1.4 0 
2019-03-08 11:10:41 1.01639344262 267.557377049 5.0 6.4 1.4 0 
2019-03-08 11:10:51 0.890909090909 215.927272727 5.1 6.1 1.5 0 
2019-03-08 11:11:01 0.733333333333 197.85 4.8 5.5 1.5 0 
2019-03-08 11:11:11 0.589285714286 147.482142857 5.8 6.0 1.4 0 
2019-03-08 11:11:21 0.984126984127 220.063492063 5.1 5.6 1.5 0 
2019-03-08 11:11:31 0.774193548387 227.241935484 5.7 6.3 1.5 0 
2019-03-08 11:11:41 0.805970149254 251.074626866 6.2 6.2 1.5 0 
2019-03-08 11:11:51 0.693548387097 224.064516129 5.5 6.7 1.5 0 
2019-03-08 11:12:01 0.760563380282 162.408450704 5.9 6.2 1.5 0 
2019-03-08 11:12:11 1.16438356164 283.739726027 5.6 7.1 1.4 0 
2019-03-08 11:12:21 0.75 201.6 5.7 7.3 1.5 0 
2019-03-08 11:12:31 0.783333333333 219.1 5.5 6.0 1.4 0 
2019-03-08 11:12:41 0.555555555556 102.317460317 5.7 6.0 1.5 0 
2019-03-08 11:12:51 0.753846153846 198.384615385 5.6 6.3 1.4 0 
2019-03-08 11:13:01 1.03076923077 307.446153846 5.4 6.5 1.4 0 
2019-03-08 11:13:11 0.777777777778 282.428571429 5.0 6.5 1.5 0 
2019-03-08 11:13:21 0.840579710145 215.623188406 5.5 6.3 1.4 0 
2019-03-08 11:13:31 0.761904761905 168.634920635 5.9 6.9 1.4 0 
2019-03-08 11:13:41 0.985294117647 263.132352941 5.7 6.3 1.5 0 
2019-03-08 11:13:51 0.939393939394 230.46969697 5.6 6.8 1.5 0 
2019-03-08 11:14:01 0.609375 133.734375 6.4 6.6 1.4 0 
2019-03-08 11:14:11 0.622950819672 160.295081967 6.5 6.4 1.5 0 
2019-03-08 11:14:21 1.01587301587 202.619047619 5.7 6.1 1.4 0 
2019-03-08 11:14:31 0.84126984127 189.80952381 5.7 6.3 1.5 0 
2019-03-08 11:14:41 0.724137931034 220.948275862 6.1 6.3 1.5 0 
2019-03-08 11:14:51 0.868852459016 294.540983607 5.7 5.8 1.5 0 
2019-03-08 11:15:01 0.929824561404 311.122807018 5.7 6.1 1.5 0 
2019-03-08 11:15:11 0.984126984127 228.206349206 5.6 5.7 1.5 0 
2019-03-08 11:15:21 0.861538461538 236.784615385 5.6 6.3 1.5 0 
2019-03-08 11:15:31 0.835820895522 197.71641791 5.9 6.5 1.5 0 
2019-03-08 11:15:41 0.84375 255.5 6.1 6.7 1.5 0 
2019-03-08 11:15:51 0.924242424242 203.454545455 6.1 6.4 1.5 0 
2019-03-08 11:16:01 1.0 253.532258065 5.1 6.6 1.5 0 
2019-03-08 11:16:11 1.109375 322.78125 5.8 6.2 1.5 0 
2019-03-08 11:16:21 1.03225806452 271.387096774 6.0 6.4 1.5 0 
2019-03-08 11:16:31 0.704918032787 201.524590164 5.5 6.2 1.5 0 
2019-03-08 11:16:41 1.06557377049 317.819672131 5.8 6.1 1.5 0 
2019-03-08 11:16:51 0.677419354839 206.790322581 5.3 6.1 1.5 0 
2019-03-08 11:17:01 0.890625 241.703125 6.2 6.2 1.5 0 
2019-03-08 11:17:11 0.769230769231 201.184615385 5.8 6.4 1.5 0 
2019-03-08 11:17:21 0.661290322581 211.935483871 5.4 6.5 1.5 0 
2019-03-08 11:17:31 0.793650793651 194.968253968 6.1 6.2 1.5 0 
2019-03-08 11:17:41 0.71875 202.140625 5.5 6.3 1.5 0 
2019-03-08 11:17:51 1.17142857143 348.6 5.5 6.4 1.5 0 
2019-03-08 11:18:01 0.75 245.5625 5.4 7.0 1.5 0 
2019-03-08 11:18:11 1.12 332.973333333 5.6 6.4 1.5 0 
2019-03-08 11:18:21 0.926470588235 225.764705882 5.9 7.5 1.4 0 
2019-03-08 11:18:31 0.596774193548 187.741935484 5.3 6.8 1.5 0 
2019-03-08 11:18:41 1.03333333333 207.133333333 5.9 6.2 1.5 0 
2019-03-08 11:18:51 0.904761904762 292.0 5.1 6.0 1.5 0 
2019-03-08 11:19:01 0.794117647059 202.529411765 5.2 6.3 1.4 0 
2019-03-08 11:19:11 0.649122807018 243.964912281 5.8 6.8 1.5 0 
2019-03-08 11:19:21 0.614285714286 162.8 5.7 5.7 1.3 0 
2019-03-08 11:19:31 0.714285714286 163.841269841 6.1 7.0 1.5 0 
2019-03-08 11:19:41 0.693548387097 124.064516129 5.7 6.3 1.5 0 
2019-03-08 11:19:51 0.89552238806 231.28358209 5.1 6.2 1.5 0 
2019-03-08 11:20:01 1.15384615385 250.276923077 5.6 6.7 1.5 0 
2019-03-08 11:20:11 0.825396825397 164.126984127 6.1 6.5 1.5 0 
2019-03-08 11:20:21 0.666666666667 176.536231884 5.2 6.3 1.5 0 
2019-03-08 11:21:50 0.4921875 121.0703125 14.3 11.0 5.8 1
2019-03-08 11:22:00 0.333333333333 115.113333333 17.3 12.8 7.3 1 
2019-03-08 11:22:10 0.346733668342 79.5577889447 22.6 15.0 10.0 1 
2019-03-08 11:22:20 0.198156682028 59.0829493088 31.4 19.9 14.5 1 
2019-03-08 11:22:30 0.21186440678 60.843220339 37.2 21.7 17.5 1 
2019-03-08 11:22:40 0.206896551724 44.877394636 38.8 23.6 17.9 1 
2019-03-08 11:22:50 0.155844155844 38.6266233766 45.4 26.1 21.6 1 
2019-03-08 11:23:00 0.192546583851 46.5869565217 54.9 30.8 25.9 1 
2019-03-08 11:23:10 0.145772594752 40.7930029155 56.1 32.2 26.7 1 
2019-03-08 11:23:20 0.131147540984 27.6857923497 61.4 34.3 29.4 1 
2019-03-08 11:23:30 0.1 24.9594594595 66.2 36.6 32.3 1 
2019-03-08 11:23:40 0.14598540146 43.0778588808 67.2 37.0 32.4 1 
2019-03-08 11:23:50 0.128878281623 37.3365155131 74.3 41.1 36.0 1 
2019-03-08 11:24:00 0.159523809524 28.4976190476 77.0 41.9 37.7 1 
2019-03-08 11:24:10 0.122406639004 31.1244813278 76.0 42.0 37.0 1 
2019-03-08 11:24:20 0.129896907216 34.4350515464 88.1 48.2 43.4 1 
2019-03-08 11:24:30 0.0503018108652 9.43863179074 89.8 48.5 43.2 1 
2019-03-08 11:24:40 0.0765027322404 17.9599271403 93.0 49.7 45.5 1 
2019-03-08 11:24:50 0.0909090909091 19.7291280148 102.5 54.9 50.0 1 
2019-03-08 11:25:00 0.0631578947368 11.501754386 101.1 53.9 49.2 1 
2019-03-08 11:25:10 0.0606060606061 13.4814814815 106.7 57.0 52.2 1 
2019-03-08 11:25:20 0.06 10.1983333333 111.5 59.4 54.4 1 
2019-03-08 11:25:30 0.0705128205128 25.9294871795 112.4 60.0 55.3 1 
2019-03-08 11:25:40 0.0510046367852 10.8021638331 115.4 62.4 56.7 1 
2019-03-08 11:25:50 0.1 22.5261538462 121.6 64.7 59.5 1 
2019-03-08 11:26:00 0.0456692913386 8.47086614173 122.5 65.0 60.1 1 
2019-03-08 11:26:10 0.078729281768 12.9033149171 119.8 63.5 59.0 1 
2019-03-08 11:26:20 0.0498575498575 13.1210826211 136.8 72.4 67.4 1 
2019-03-08 11:26:30 0.0512091038407 10.8435277383 132.2 70.2 65.2 1 
2019-03-08 11:26:40 0.0838971583221 25.2097428958 131.9 70.3 65.0 1 
2019-03-08 11:26:50 0.0485564304462 5.74015748031 138.7 73.9 68.5 1 
2019-03-08 11:27:00 0.0565275908479 11.865410498 143.7 76.2 70.9 1 
2019-03-08 11:27:10 0.0407894736842 8.53815789474 141.8 74.3 69.5 1 
2019-03-08 11:27:20 0.085396039604 14.8910891089 144.1 76.0 70.3 1 
2019-03-08 11:27:30 0.0296208530806 8.02962085308 153.3 80.8 75.2 1 
2019-03-08 11:27:40 0.0869047619048 24.3773809524 159.9 84.4 78.4 1 
2019-03-08 11:27:50 0.0336817653891 10.0603948897 158.6 84.0 78.1 1 
2019-03-08 11:28:00 0.0359628770302 7.32134570766 164.7 86.1 81.1 1 
2019-03-08 11:28:10 0.0425055928412 10.0827740492 164.8 86.2 80.8 1 
2019-03-08 11:28:20 0.060433295325 15.8289623717 169.5 89.4 83.5 1 
2019-03-08 11:28:30 0.0509049773756 10.3800904977 167.3 87.7 82.6 1 
2019-03-08 11:28:40 0.0449678800857 14.8758029979 168.0 88.4 82.8 1 
2019-03-08 11:28:50 0.0395033860045 10.2167042889 178.6 93.4 88.3 1 
2019-03-08 11:29:00 0.0456026058632 12.7361563518 169.6 88.6 83.3 1 
2019-03-08 11:29:10 0.0418848167539 8.42094240838 175.5 92.1 86.8 1 
2019-03-08 11:29:20 0.0394036208733 7.36634717785 182.2 95.5 90.0 1 
2019-03-08 11:29:30 0.0329087048832 7.86305732484 180.7 93.9 89.1 1 
2019-03-08 11:29:40 0.0652395514781 16.1875637105 181.6 94.2 89.5 1 
2019-03-08 11:29:50 0.0525773195876 11.6896907216 188.1 98.1 92.3 1 
2019-03-08 11:30:00 0.0473251028807 11.3158436214 186.7 97.0 92.0 1 
2019-03-08 11:30:10 0.063339731286 11.7687140115 184.6 97.2 90.9 1 
2019-03-08 11:30:20 0.0332661290323 4.56149193548 199.1 104.2 97.9 1 
2019-03-08 11:30:30 0.0398406374502 9.35956175299 191.4 99.2 94.7 1 
2019-03-08 11:30:40 0.0261627906977 4.19573643411 193.5 100.4 95.4 1 
2019-03-08 11:30:50 0.0306406685237 9.28690807799 199.3 103.2 98.2 1 
2019-03-08 11:31:00 0.0436046511628 9.8730620155 208.9 107.7 102.3 1 
2019-03-08 11:31:10 0.0194264569843 5.66512488437 198.4 103.2 97.6 1 
2019-03-08 11:31:20 0.0376838235294 8.60569852941 207.5 108.1 101.7 1 
2019-03-08 11:31:30 0.0336763330215 6.1131898971 208.8 108.8 103.1 1 
2019-03-08 11:31:40 0.0231267345051 5.27474560592 206.8 106.9 101.5 1 
2019-03-08 11:31:50 0.0191780821918 7.58082191781 208.5 108.1 102.1 1 
2019-03-08 11:32:00 0.0266544117647 5.35202205882 209.9 109.5 103.0 1 
2019-03-08 11:32:10 0.0338208409506 8.75228519196 209.9 108.8 104.0 1 
2019-03-08 11:32:20 0.0439068100358 10.5976702509 211.0 109.4 103.8 1 
2019-03-08 11:32:30 0.0317604355717 7.17876588022 214.4 111.6 106.4 1 
2019-03-08 11:32:40 0.0391304347826 11.4269565217 213.3 110.2 105.4 1 
2019-03-08 11:32:50 0.0275555555556 7.74933333333 221.3 115.0 108.9 1 
2019-03-08 11:33:00 0.0354978354978 10.3662337662 215.5 112.5 105.8 1 
2019-03-08 11:33:10 0.0199826238054 3.77584708949 222.8 115.5 109.8 1 
2019-03-08 11:33:20 0.0338983050847 3.91079393399 222.2 115.1 109.6 1 
2019-03-08 11:33:30 0.0243055555556 2.56770833333 216.4 112.1 106.4 1 
2019-03-08 11:33:40 0.0234782608696 4.71391304348 222.8 115.2 109.6 1 
2019-03-08 11:33:50 0.027801179444 5.95956192081 222.3 115.0 109.1 1 
2019-03-08 11:34:00 0.0239867659222 4.89164598842 228.8 118.7 112.5 1 
2019-03-08 11:34:10 0.0306382978723 6.97021276596 233.5 120.9 114.9 1 
2019-03-08 11:34:20 0.0119453924915 2.0614334471 226.3 117.5 111.7 1 
2019-03-08 11:34:30 0.0302267002519 5.22753988245 227.9 117.2 112.5 1 
2019-03-08 11:34:40 0.0489626556017 8.7468879668 228.7 119.1 113.6 1 
2019-03-08 11:34:50 0.0274771024147 8.96253122398 233.8 120.5 115.0 1 
2019-03-08 11:35:00 0.0326797385621 8.6658496732 231.4 120.1 113.6 1 
2019-03-08 11:35:10 0.0290697674419 8.85797342193 236.3 122.4 116.7 1 
2019-03-08 11:35:20 0.0177705977383 3.00161550889 233.9 120.4 114.5 1 
2019-03-08 11:35:30 0.0252237591538 6.76891781937 240.1 123.8 118.1 1 
2019-03-08 11:35:40 0.040131040131 11.4594594595 237.8 122.9 117.9 1 
2019-03-08 11:35:50 0.015127388535 3.76353503185 236.9 122.1 116.4 1 
2019-03-08 11:36:00 0.0275750202758 6.39740470397 240.4 125.6 117.8 1 
2019-03-08 11:36:10 0.0233494363929 5.50966183575 237.4 123.3 117.8 1 
2019-03-08 11:36:20 0.0279552715655 6.30750798722 242.6 124.2 118.9 1 
2019-03-08 11:36:30 0.0298146655923 7.98710717164 243.2 125.2 119.2 1 
2019-03-08 11:36:40 0.03125 10.7307692308 239.3 124.1 118.4 1 
2019-03-08 11:36:50 0.0140845070423 3.9475743349 240.2 124.8 118.5 1 
2019-03-08 11:37:00 0.0186625194401 4.31570762053 247.5 127.8 122.2 1 
2019-03-08 11:37:10 0.0216216216216 5.84324324324 249.3 128.6 122.5 1 
2019-03-08 11:37:20 0.0249221183801 4.96651090343 251.2 129.5 123.0 1 
2019-03-08 11:37:30 0.0261739799846 5.02001539646 247.9 128.4 121.8 1 
2019-03-08 11:37:40 0.021756021756 8.09090909091 252.5 129.9 124.2 1 
2019-03-08 11:37:50 0.0280592361652 9.09041309431 251.0 128.7 123.2 1 
2019-03-08 11:38:00 0.0298393267024 8.91583779648 248.3 128.3 122.0 1 
