2019-03-08 20:15:06 0 0 0.0 0.0 0.0 0 
2019-03-08 20:15:16 0.357142857143 124.0 0.0 0.0 0.0 0 
2019-03-08 20:15:26 0.15 284.666666667 2.1 1.4 1.1 0 
2019-03-08 20:15:36 0.147540983607 273.0 7.5 4.0 3.8 0 
2019-03-08 20:15:46 1.42857142857 111.0 12.1 6.1 5.7 0 
2019-03-08 20:15:56 0.8 185.0 0.9 0.7 0.5 0 
2019-03-08 20:16:06 0.6 238.166666667 1.2 1.0 0.7 0 
2019-03-08 20:16:16 2.0 306.25 1.7 1.0 0.5 0 
2019-03-08 20:16:26 1.57142857143 312.090909091 1.4 1.0 0.5 0 
2019-03-08 20:16:36 1.3 204.923076923 1.0 0.7 0.3 0 
2019-03-08 20:16:46 1.66666666667 518.8 1.6 1.0 0.5 0 
2019-03-08 20:16:56 0.12 324.222222222 1.2 0.6 0.3 0 
2019-03-08 20:17:06 0.0411764705882 300.714285714 14.5 7.5 7.2 0 
2019-03-08 20:17:16 0.0510204081633 443.8 33.7 17.0 16.8 0 
2019-03-08 20:17:26 0.0674157303371 399.222222222 38.2 19.6 19.4 0 
2019-03-08 20:17:36 0.0156739811912 210.6 52.8 26.7 26.2 0 
2019-03-08 20:17:46 0.0 0 63.0 31.9 31.4 0 
2019-03-08 20:17:56 0.00733496332518 601.0 72.1 36.3 36.3 0 
2019-03-08 20:18:06 0.027989821883 229.636363636 81.0 40.9 40.9 0 
2019-03-08 20:18:16 0.0112994350282 450.833333333 77.9 39.3 38.9 0 
2019-03-08 20:18:26 0.0112994350282 179.333333333 104.5 53.1 52.7 0 
2019-03-08 20:18:36 0.00632911392405 111.0 105.2 53.1 52.9 0 
2019-03-08 20:18:46 0.0 0 125.5 63.2 62.8 0 
2019-03-08 20:18:56 0.01443001443 357.9 123.7 62.3 62.1 0 
2019-03-08 20:19:06 0.00824175824176 409.5 137.0 69.3 68.6 0 
2019-03-08 20:19:16 0.00132802124834 619.0 143.6 72.8 72.1 0 
2019-03-08 20:19:26 0.00636132315522 334.4 149.8 75.3 74.9 0 
2019-03-08 20:19:36 0.0075 235.666666667 155.2 78.6 77.8 0 
2019-03-08 20:19:46 0.010752688172 266.666666667 158.2 80.0 79.4 0 
2019-03-08 20:19:56 0.0164899882214 330.785714286 165.6 83.7 82.9 0 
2019-03-08 20:20:06 0.00426439232409 334.25 167.9 84.9 84.1 0 
2019-03-08 20:20:16 0.00932642487047 310.0 185.7 93.8 92.7 0 
2019-03-08 20:20:26 0.00708502024291 148.571428571 191.6 96.5 95.6 0 
2019-03-08 20:20:36 0.0019801980198 235.0 196.1 98.8 97.9 0 
2019-03-08 20:20:46 0.00943396226415 387.75 200.3 101.0 100.4 0 
2019-03-08 20:20:56 0.8 371.75 84.3 42.4 41.9 0 
2019-03-08 20:21:06 1.07692307692 337.714285714 1.9 1.0 0.7 0 
2019-03-08 20:21:16 1.07692307692 326.428571429 1.8 1.3 0.6 0 
2019-03-08 20:21:26 0.739130434783 373.705882353 1.9 1.3 0.7 0 
2019-03-08 20:21:36 0.8 352.0625 2.7 2.3 0.9 0 
2019-03-08 20:21:46 1.39130434783 279.3125 2.7 2.0 1.1 0 
2019-03-08 20:21:56 1.57142857143 266.454545455 2.8 2.3 1.0 0 
2019-03-08 20:22:06 1.2 263.888888889 1.7 1.4 0.9 0 
2019-03-08 20:22:16 0.0 0 2.0 1.5 0.8 0 
2019-03-08 20:22:26 0 0 0.9 0.5 0.4 0 
2019-03-08 20:22:36 0.923076923077 339.583333333 0.0 0.0 0.0 0 
2019-03-08 20:22:46 1.0 488.857142857 1.8 1.3 0.9 0 
2019-03-08 20:22:56 0.360655737705 287.590909091 1.0 0.7 0.5 0 
2019-03-08 20:23:06 0.688524590164 208.80952381 5.1 6.1 1.5 0 
2019-03-08 20:23:16 0.88 309.136363636 5.5 6.1 1.5 0 
2019-03-08 20:23:26 0.777777777778 306.346938776 6.3 7.5 1.5 0 
2019-03-08 20:23:36 0.688524590164 256.166666667 4.5 6.3 1.5 0 
2019-03-08 20:23:46 0.769230769231 261.98 5.5 6.1 1.5 0 
2019-03-08 20:23:56 0.642857142857 334.488888889 5.7 6.5 1.5 0 
2019-03-08 20:24:06 1.25 326.6 5.5 7.0 1.5 0 
2019-03-08 20:24:16 0.491525423729 294.172413793 1.1 0.8 0.5 0 
2019-03-08 20:24:26 0.808823529412 235.509090909 5.1 5.9 1.5 0 
2019-03-08 20:24:36 0.666666666667 353.142857143 5.9 6.8 1.5 0 
2019-03-08 20:24:46 0.716417910448 298.520833333 6.2 6.3 1.5 0 
2019-03-08 20:24:56 0.516666666667 290.967741935 5.9 6.7 1.5 0 
2019-03-08 20:25:06 0.873015873016 253.436363636 5.2 6.0 1.5 0 
2019-03-08 20:25:16 1.33333333333 318.25 5.7 6.3 1.5 0 
2019-03-08 20:25:26 0.938461538462 337.409836066 0.9 0.6 0.5 0 
2019-03-08 20:25:36 1.09230769231 268.070422535 5.8 6.5 1.5 0 
2019-03-08 20:25:46 0.0406504065041 244.8 5.6 6.5 1.5 0 
2019-03-08 20:25:56 0.0 0 116.6 61.5 57.1 0 
2019-03-08 20:26:06 0.0405405405405 205.111111111 41.8 21.4 20.8 0 
2019-03-08 20:26:16 0.0346869712352 227.951219512 212.7 111.0 104.9 0 
2019-03-08 20:26:26 0.0242881072027 168.034482759 226.8 118.2 111.8 0 
2019-03-08 20:26:36 0.0438596491228 367.4 229.7 119.4 112.9 0 
2019-03-08 20:26:46 0.0281803542673 245.285714286 154.6 79.8 76.8 0 
2019-03-08 20:26:56 0.0328244274809 236.023255814 238.5 124.2 117.7 0 
2019-03-08 20:27:06 0.0295031055901 149.578947368 253.8 131.0 124.8 0 
2019-03-08 20:27:16 0.0168067226891 266.090909091 249.5 128.8 123.1 0 
2019-03-08 20:27:26 0.0253353204173 257.764705882 253.2 130.9 123.9 0 
2019-03-08 20:27:36 0.0360902255639 239.833333333 258.9 134.2 127.1 0 
2019-03-08 20:27:46 0.0309575233981 172.209302326 257.0 133.0 127.1 0 
2019-03-08 20:27:56 0.0365510777882 216.487179487 267.3 138.9 132.8 0 
2019-03-08 20:28:06 0.0364415862808 278.647058824 207.6 106.7 102.9 0 
2019-03-08 20:28:16 0.0269503546099 175.605263158 180.7 93.3 89.1 0 
2019-03-08 20:28:26 0.0409416581372 258.025 273.5 141.0 134.8 0 
2019-03-08 20:28:36 0.0277777777778 288.545454545 189.6 97.7 93.7 0 
2019-03-08 20:28:46 0.0264608599779 250.125 229.8 118.8 113.7 0 
2019-03-08 20:28:56 0.0225913621262 193.735294118 175.6 90.7 87.3 0 
